[ 2015-09-20T17:40:41+08:00 ] ::1 /taobaoke/
INFO: [ app_init ] --START--
INFO: Run Behavior\BuildLiteBehavior [ RunTime:0.000111s ]
INFO: [ app_init ] --END-- [ RunTime:0.020181s ]
NOTIC: [2] include(Common/Conf/db_config.php): failed to open stream: No such file or directory /Applications/XAMPP/xamppfiles/htdocs/taobaoke/Index/Home/Conf/config.php 第 2 行.
NOTIC: [2] include(): Failed opening 'Common/Conf/db_config.php' for inclusion (include_path='.:/Applications/XAMPP/xamppfiles/lib/php') /Applications/XAMPP/xamppfiles/htdocs/taobaoke/Index/Home/Conf/config.php 第 2 行.
NOTIC: [8] Use of undefined constant WEB_ROOT - assumed 'WEB_ROOT' /Applications/XAMPP/xamppfiles/htdocs/taobaoke/Index/Home/Conf/config.php 第 15 行.
NOTIC: [8] Use of undefined constant WEB_ROOT - assumed 'WEB_ROOT' /Applications/XAMPP/xamppfiles/htdocs/taobaoke/Index/Home/Conf/config.php 第 17 行.
NOTIC: [2] array_merge(): Argument #2 is not an array /Applications/XAMPP/xamppfiles/htdocs/taobaoke/Index/Home/Conf/config.php 第 23 行.
INFO: [ app_begin ] --START--
INFO: Run Behavior\ReadHtmlCacheBehavior [ RunTime:0.007711s ]
INFO: [ app_begin ] --END-- [ RunTime:0.007818s ]
NOTIC: [2] session_start(): open(/var/folders/xd/qx5mc1g92kv42frqy6mqjvvc0000gn/T/sess_3d3cbd2f141153b3ed112a2a167d667a, O_RDWR) failed: Permission denied (13) /Applications/XAMPP/xamppfiles/htdocs/taobaoke/ThinkPHP/Common/functions.php 第 1263 行.
INFO: [ app_end ] --START--
INFO: Run Behavior\ShowPageTraceBehavior [ RunTime:0.000755s ]
INFO: [ app_end ] --END-- [ RunTime:0.000824s ]

[ 2015-09-20T17:40:44+08:00 ] ::1 /taobaoke/
INFO: [ app_init ] --START--
INFO: Run Behavior\BuildLiteBehavior [ RunTime:0.000068s ]
INFO: [ app_init ] --END-- [ RunTime:0.000140s ]
NOTIC: [2] include(Common/Conf/db_config.php): failed to open stream: No such file or directory /Applications/XAMPP/xamppfiles/htdocs/taobaoke/Index/Home/Conf/config.php 第 2 行.
NOTIC: [2] include(): Failed opening 'Common/Conf/db_config.php' for inclusion (include_path='.:/Applications/XAMPP/xamppfiles/lib/php') /Applications/XAMPP/xamppfiles/htdocs/taobaoke/Index/Home/Conf/config.php 第 2 行.
NOTIC: [8] Use of undefined constant WEB_ROOT - assumed 'WEB_ROOT' /Applications/XAMPP/xamppfiles/htdocs/taobaoke/Index/Home/Conf/config.php 第 15 行.
NOTIC: [8] Use of undefined constant WEB_ROOT - assumed 'WEB_ROOT' /Applications/XAMPP/xamppfiles/htdocs/taobaoke/Index/Home/Conf/config.php 第 17 行.
NOTIC: [2] array_merge(): Argument #2 is not an array /Applications/XAMPP/xamppfiles/htdocs/taobaoke/Index/Home/Conf/config.php 第 23 行.
INFO: [ app_begin ] --START--
INFO: Run Behavior\ReadHtmlCacheBehavior [ RunTime:0.000608s ]
INFO: [ app_begin ] --END-- [ RunTime:0.000737s ]
NOTIC: [2] session_start(): open(/var/folders/xd/qx5mc1g92kv42frqy6mqjvvc0000gn/T/sess_3d3cbd2f141153b3ed112a2a167d667a, O_RDWR) failed: Permission denied (13) /Applications/XAMPP/xamppfiles/htdocs/taobaoke/ThinkPHP/Common/functions.php 第 1263 行.
INFO: [ app_end ] --START--
INFO: Run Behavior\ShowPageTraceBehavior [ RunTime:0.000520s ]
INFO: [ app_end ] --END-- [ RunTime:0.000611s ]

[ 2015-09-20T17:41:13+08:00 ] ::1 /taobaoke/
INFO: [ app_init ] --START--
INFO: Run Behavior\BuildLiteBehavior [ RunTime:0.000018s ]
INFO: [ app_init ] --END-- [ RunTime:0.000115s ]
NOTIC: [2] include(Common/Conf/db_config.php): failed to open stream: No such file or directory /Applications/XAMPP/xamppfiles/htdocs/taobaoke/Index/Home/Conf/config.php 第 2 行.
NOTIC: [2] include(): Failed opening 'Common/Conf/db_config.php' for inclusion (include_path='.:/Applications/XAMPP/xamppfiles/lib/php') /Applications/XAMPP/xamppfiles/htdocs/taobaoke/Index/Home/Conf/config.php 第 2 行.
NOTIC: [8] Use of undefined constant WEB_ROOT - assumed 'WEB_ROOT' /Applications/XAMPP/xamppfiles/htdocs/taobaoke/Index/Home/Conf/config.php 第 15 行.
NOTIC: [8] Use of undefined constant WEB_ROOT - assumed 'WEB_ROOT' /Applications/XAMPP/xamppfiles/htdocs/taobaoke/Index/Home/Conf/config.php 第 17 行.
NOTIC: [2] array_merge(): Argument #2 is not an array /Applications/XAMPP/xamppfiles/htdocs/taobaoke/Index/Home/Conf/config.php 第 23 行.
INFO: [ app_begin ] --START--
INFO: Run Behavior\ReadHtmlCacheBehavior [ RunTime:0.000721s ]
INFO: [ app_begin ] --END-- [ RunTime:0.000785s ]
NOTIC: [2] session_start(): open(/var/folders/xd/qx5mc1g92kv42frqy6mqjvvc0000gn/T/sess_3d3cbd2f141153b3ed112a2a167d667a, O_RDWR) failed: Permission denied (13) /Applications/XAMPP/xamppfiles/htdocs/taobaoke/ThinkPHP/Common/functions.php 第 1263 行.
INFO: [ view_parse ] --START--
INFO: [ template_filter ] --START--
INFO: Run Behavior\ContentReplaceBehavior [ RunTime:0.000064s ]
INFO: [ template_filter ] --END-- [ RunTime:0.000126s ]
INFO: Run Behavior\ParseTemplateBehavior [ RunTime:0.135134s ]
INFO: [ view_parse ] --END-- [ RunTime:0.135236s ]
INFO: [ view_filter ] --START--
INFO: Run Behavior\WriteHtmlCacheBehavior [ RunTime:0.002823s ]
INFO: [ view_filter ] --END-- [ RunTime:0.002878s ]
INFO: [ app_end ] --START--
INFO: Run Behavior\ShowPageTraceBehavior [ RunTime:0.008524s ]
INFO: [ app_end ] --END-- [ RunTime:0.008611s ]

[ 2015-09-20T17:48:09+08:00 ] ::1 /taobaoke/index.php/Home/
INFO: [ app_init ] --START--
INFO: Run Behavior\BuildLiteBehavior [ RunTime:0.000018s ]
INFO: [ app_init ] --END-- [ RunTime:0.000159s ]
NOTIC: [2] include(Common/Conf/db_config.php): failed to open stream: No such file or directory /Applications/XAMPP/xamppfiles/htdocs/taobaoke/Index/Home/Conf/config.php 第 2 行.
NOTIC: [2] include(): Failed opening 'Common/Conf/db_config.php' for inclusion (include_path='.:/Applications/XAMPP/xamppfiles/lib/php') /Applications/XAMPP/xamppfiles/htdocs/taobaoke/Index/Home/Conf/config.php 第 2 行.
NOTIC: [8] Use of undefined constant WEB_ROOT - assumed 'WEB_ROOT' /Applications/XAMPP/xamppfiles/htdocs/taobaoke/Index/Home/Conf/config.php 第 15 行.
NOTIC: [8] Use of undefined constant WEB_ROOT - assumed 'WEB_ROOT' /Applications/XAMPP/xamppfiles/htdocs/taobaoke/Index/Home/Conf/config.php 第 17 行.
NOTIC: [2] array_merge(): Argument #2 is not an array /Applications/XAMPP/xamppfiles/htdocs/taobaoke/Index/Home/Conf/config.php 第 23 行.
INFO: [ app_begin ] --START--
INFO: Run Behavior\ReadHtmlCacheBehavior [ RunTime:0.004919s ]
INFO: [ app_begin ] --END-- [ RunTime:0.004986s ]
NOTIC: [2] session_start(): open(/var/folders/xd/qx5mc1g92kv42frqy6mqjvvc0000gn/T/sess_3d3cbd2f141153b3ed112a2a167d667a, O_RDWR) failed: Permission denied (13) /Applications/XAMPP/xamppfiles/htdocs/taobaoke/ThinkPHP/Common/functions.php 第 1263 行.
INFO: [ view_parse ] --START--
INFO: [ template_filter ] --START--
INFO: Run Behavior\ContentReplaceBehavior [ RunTime:0.000062s ]
INFO: [ template_filter ] --END-- [ RunTime:0.000127s ]
INFO: Run Behavior\ParseTemplateBehavior [ RunTime:0.019680s ]
INFO: [ view_parse ] --END-- [ RunTime:0.019738s ]
INFO: [ view_filter ] --START--
INFO: Run Behavior\WriteHtmlCacheBehavior [ RunTime:0.000292s ]
INFO: [ view_filter ] --END-- [ RunTime:0.000323s ]
INFO: [ app_end ] --START--
INFO: Run Behavior\ShowPageTraceBehavior [ RunTime:0.000606s ]
INFO: [ app_end ] --END-- [ RunTime:0.000654s ]

[ 2015-09-20T17:48:14+08:00 ] ::1 /taobaoke/index.php/Home/Production.
INFO: [ app_init ] --START--
INFO: Run Behavior\BuildLiteBehavior [ RunTime:0.000012s ]
INFO: [ app_init ] --END-- [ RunTime:0.000059s ]
NOTIC: [2] include(Common/Conf/db_config.php): failed to open stream: No such file or directory /Applications/XAMPP/xamppfiles/htdocs/taobaoke/Index/Home/Conf/config.php 第 2 行.
NOTIC: [2] include(): Failed opening 'Common/Conf/db_config.php' for inclusion (include_path='.:/Applications/XAMPP/xamppfiles/lib/php') /Applications/XAMPP/xamppfiles/htdocs/taobaoke/Index/Home/Conf/config.php 第 2 行.
NOTIC: [8] Use of undefined constant WEB_ROOT - assumed 'WEB_ROOT' /Applications/XAMPP/xamppfiles/htdocs/taobaoke/Index/Home/Conf/config.php 第 15 行.
NOTIC: [8] Use of undefined constant WEB_ROOT - assumed 'WEB_ROOT' /Applications/XAMPP/xamppfiles/htdocs/taobaoke/Index/Home/Conf/config.php 第 17 行.
NOTIC: [2] array_merge(): Argument #2 is not an array /Applications/XAMPP/xamppfiles/htdocs/taobaoke/Index/Home/Conf/config.php 第 23 行.
INFO: [ app_begin ] --START--
INFO: Run Behavior\ReadHtmlCacheBehavior [ RunTime:0.000469s ]
INFO: [ app_begin ] --END-- [ RunTime:0.000535s ]
NOTIC: [2] session_start(): open(/var/folders/xd/qx5mc1g92kv42frqy6mqjvvc0000gn/T/sess_3d3cbd2f141153b3ed112a2a167d667a, O_RDWR) failed: Permission denied (13) /Applications/XAMPP/xamppfiles/htdocs/taobaoke/ThinkPHP/Common/functions.php 第 1263 行.
ERR: 无法加载控制器:Production.

[ 2015-09-20T17:48:16+08:00 ] ::1 /taobaoke/index.php/Home/Production.
INFO: [ app_init ] --START--
INFO: Run Behavior\BuildLiteBehavior [ RunTime:0.000010s ]
INFO: [ app_init ] --END-- [ RunTime:0.000051s ]
NOTIC: [2] include(Common/Conf/db_config.php): failed to open stream: No such file or directory /Applications/XAMPP/xamppfiles/htdocs/taobaoke/Index/Home/Conf/config.php 第 2 行.
NOTIC: [2] include(): Failed opening 'Common/Conf/db_config.php' for inclusion (include_path='.:/Applications/XAMPP/xamppfiles/lib/php') /Applications/XAMPP/xamppfiles/htdocs/taobaoke/Index/Home/Conf/config.php 第 2 行.
NOTIC: [8] Use of undefined constant WEB_ROOT - assumed 'WEB_ROOT' /Applications/XAMPP/xamppfiles/htdocs/taobaoke/Index/Home/Conf/config.php 第 15 行.
NOTIC: [8] Use of undefined constant WEB_ROOT - assumed 'WEB_ROOT' /Applications/XAMPP/xamppfiles/htdocs/taobaoke/Index/Home/Conf/config.php 第 17 行.
NOTIC: [2] array_merge(): Argument #2 is not an array /Applications/XAMPP/xamppfiles/htdocs/taobaoke/Index/Home/Conf/config.php 第 23 行.
INFO: [ app_begin ] --START--
INFO: Run Behavior\ReadHtmlCacheBehavior [ RunTime:0.000448s ]
INFO: [ app_begin ] --END-- [ RunTime:0.000502s ]
NOTIC: [2] session_start(): open(/var/folders/xd/qx5mc1g92kv42frqy6mqjvvc0000gn/T/sess_3d3cbd2f141153b3ed112a2a167d667a, O_RDWR) failed: Permission denied (13) /Applications/XAMPP/xamppfiles/htdocs/taobaoke/ThinkPHP/Common/functions.php 第 1263 行.
ERR: 无法加载控制器:Production.

[ 2015-09-20T17:48:20+08:00 ] ::1 /taobaoke/index.php/Home/Production/
INFO: [ app_init ] --START--
INFO: Run Behavior\BuildLiteBehavior [ RunTime:0.000013s ]
INFO: [ app_init ] --END-- [ RunTime:0.000062s ]
NOTIC: [2] include(Common/Conf/db_config.php): failed to open stream: No such file or directory /Applications/XAMPP/xamppfiles/htdocs/taobaoke/Index/Home/Conf/config.php 第 2 行.
NOTIC: [2] include(): Failed opening 'Common/Conf/db_config.php' for inclusion (include_path='.:/Applications/XAMPP/xamppfiles/lib/php') /Applications/XAMPP/xamppfiles/htdocs/taobaoke/Index/Home/Conf/config.php 第 2 行.
NOTIC: [8] Use of undefined constant WEB_ROOT - assumed 'WEB_ROOT' /Applications/XAMPP/xamppfiles/htdocs/taobaoke/Index/Home/Conf/config.php 第 15 行.
NOTIC: [8] Use of undefined constant WEB_ROOT - assumed 'WEB_ROOT' /Applications/XAMPP/xamppfiles/htdocs/taobaoke/Index/Home/Conf/config.php 第 17 行.
NOTIC: [2] array_merge(): Argument #2 is not an array /Applications/XAMPP/xamppfiles/htdocs/taobaoke/Index/Home/Conf/config.php 第 23 行.
INFO: [ app_begin ] --START--
INFO: Run Behavior\ReadHtmlCacheBehavior [ RunTime:0.000376s ]
INFO: [ app_begin ] --END-- [ RunTime:0.000427s ]
NOTIC: [2] session_start(): open(/var/folders/xd/qx5mc1g92kv42frqy6mqjvvc0000gn/T/sess_3d3cbd2f141153b3ed112a2a167d667a, O_RDWR) failed: Permission denied (13) /Applications/XAMPP/xamppfiles/htdocs/taobaoke/ThinkPHP/Common/functions.php 第 1263 行.

[ 2015-09-20T17:51:52+08:00 ] ::1 /taobaoke/index.php/Home/Production/
INFO: [ app_init ] --START--
INFO: Run Behavior\BuildLiteBehavior [ RunTime:0.000017s ]
INFO: [ app_init ] --END-- [ RunTime:0.000118s ]
NOTIC: [8] Use of undefined constant WEB_ROOT - assumed 'WEB_ROOT' /Applications/XAMPP/xamppfiles/htdocs/taobaoke/Index/Home/Conf/config.php 第 15 行.
NOTIC: [8] Use of undefined constant WEB_ROOT - assumed 'WEB_ROOT' /Applications/XAMPP/xamppfiles/htdocs/taobaoke/Index/Home/Conf/config.php 第 17 行.
INFO: [ app_begin ] --START--
INFO: Run Behavior\ReadHtmlCacheBehavior [ RunTime:0.000571s ]
INFO: [ app_begin ] --END-- [ RunTime:0.000655s ]
NOTIC: [2] session_start(): open(/var/folders/xd/qx5mc1g92kv42frqy6mqjvvc0000gn/T/sess_3d3cbd2f141153b3ed112a2a167d667a, O_RDWR) failed: Permission denied (13) /Applications/XAMPP/xamppfiles/htdocs/taobaoke/ThinkPHP/Common/functions.php 第 1263 行.

[ 2015-09-20T17:51:55+08:00 ] ::1 /taobaoke/index.php/Production/
INFO: [ app_init ] --START--
INFO: Run Behavior\BuildLiteBehavior [ RunTime:0.000016s ]
INFO: [ app_init ] --END-- [ RunTime:0.000085s ]
NOTIC: [8] Use of undefined constant WEB_ROOT - assumed 'WEB_ROOT' /Applications/XAMPP/xamppfiles/htdocs/taobaoke/Index/Home/Conf/config.php 第 15 行.
NOTIC: [8] Use of undefined constant WEB_ROOT - assumed 'WEB_ROOT' /Applications/XAMPP/xamppfiles/htdocs/taobaoke/Index/Home/Conf/config.php 第 17 行.
INFO: [ app_begin ] --START--
INFO: Run Behavior\ReadHtmlCacheBehavior [ RunTime:0.000423s ]
INFO: [ app_begin ] --END-- [ RunTime:0.000491s ]
NOTIC: [2] session_start(): open(/var/folders/xd/qx5mc1g92kv42frqy6mqjvvc0000gn/T/sess_3d3cbd2f141153b3ed112a2a167d667a, O_RDWR) failed: Permission denied (13) /Applications/XAMPP/xamppfiles/htdocs/taobaoke/ThinkPHP/Common/functions.php 第 1263 行.

[ 2015-09-20T17:52:04+08:00 ] ::1 /taobaoke/index.php/Production/
INFO: [ app_init ] --START--
INFO: Run Behavior\BuildLiteBehavior [ RunTime:0.000019s ]
INFO: [ app_init ] --END-- [ RunTime:0.000125s ]
NOTIC: [8] Use of undefined constant WEB_ROOT - assumed 'WEB_ROOT' /Applications/XAMPP/xamppfiles/htdocs/taobaoke/Index/Home/Conf/config.php 第 15 行.
NOTIC: [8] Use of undefined constant WEB_ROOT - assumed 'WEB_ROOT' /Applications/XAMPP/xamppfiles/htdocs/taobaoke/Index/Home/Conf/config.php 第 17 行.
INFO: [ app_begin ] --START--
INFO: Run Behavior\ReadHtmlCacheBehavior [ RunTime:0.000476s ]
INFO: [ app_begin ] --END-- [ RunTime:0.000547s ]
NOTIC: [2] session_start(): open(/var/folders/xd/qx5mc1g92kv42frqy6mqjvvc0000gn/T/sess_3d3cbd2f141153b3ed112a2a167d667a, O_RDWR) failed: Permission denied (13) /Applications/XAMPP/xamppfiles/htdocs/taobaoke/ThinkPHP/Common/functions.php 第 1263 行.
INFO: [ view_parse ] --START--
INFO: [ template_filter ] --START--
INFO: Run Behavior\ContentReplaceBehavior [ RunTime:0.000107s ]
INFO: [ template_filter ] --END-- [ RunTime:0.000171s ]
INFO: Run Behavior\ParseTemplateBehavior [ RunTime:0.029905s ]
INFO: [ view_parse ] --END-- [ RunTime:0.029971s ]
INFO: [ view_filter ] --START--
INFO: Run Behavior\WriteHtmlCacheBehavior [ RunTime:0.000180s ]
INFO: [ view_filter ] --END-- [ RunTime:0.000219s ]
INFO: [ app_end ] --START--
INFO: Run Behavior\ShowPageTraceBehavior [ RunTime:0.000453s ]
INFO: [ app_end ] --END-- [ RunTime:0.000502s ]

[ 2015-09-20T17:52:04+08:00 ] ::1 /taobaoke/index.php/Production/scroll.js
INFO: [ app_init ] --START--
INFO: Run Behavior\BuildLiteBehavior [ RunTime:0.000013s ]
INFO: [ app_init ] --END-- [ RunTime:0.000068s ]
NOTIC: [8] Use of undefined constant WEB_ROOT - assumed 'WEB_ROOT' /Applications/XAMPP/xamppfiles/htdocs/taobaoke/Index/Home/Conf/config.php 第 15 行.
NOTIC: [8] Use of undefined constant WEB_ROOT - assumed 'WEB_ROOT' /Applications/XAMPP/xamppfiles/htdocs/taobaoke/Index/Home/Conf/config.php 第 17 行.
INFO: [ app_begin ] --START--
INFO: Run Behavior\ReadHtmlCacheBehavior [ RunTime:0.000340s ]
INFO: [ app_begin ] --END-- [ RunTime:0.000380s ]
NOTIC: [2] session_start(): open(/var/folders/xd/qx5mc1g92kv42frqy6mqjvvc0000gn/T/sess_3d3cbd2f141153b3ed112a2a167d667a, O_RDWR) failed: Permission denied (13) /Applications/XAMPP/xamppfiles/htdocs/taobaoke/ThinkPHP/Common/functions.php 第 1263 行.
ERR: 非法操作:scroll.js

[ 2015-09-20T17:52:04+08:00 ] ::1 /taobaoke/index.php/Production/scroll.js
INFO: [ app_init ] --START--
INFO: Run Behavior\BuildLiteBehavior [ RunTime:0.000012s ]
INFO: [ app_init ] --END-- [ RunTime:0.000065s ]
NOTIC: [8] Use of undefined constant WEB_ROOT - assumed 'WEB_ROOT' /Applications/XAMPP/xamppfiles/htdocs/taobaoke/Index/Home/Conf/config.php 第 15 行.
NOTIC: [8] Use of undefined constant WEB_ROOT - assumed 'WEB_ROOT' /Applications/XAMPP/xamppfiles/htdocs/taobaoke/Index/Home/Conf/config.php 第 17 行.
INFO: [ app_begin ] --START--
INFO: Run Behavior\ReadHtmlCacheBehavior [ RunTime:0.000427s ]
INFO: [ app_begin ] --END-- [ RunTime:0.000489s ]
NOTIC: [2] session_start(): open(/var/folders/xd/qx5mc1g92kv42frqy6mqjvvc0000gn/T/sess_3d3cbd2f141153b3ed112a2a167d667a, O_RDWR) failed: Permission denied (13) /Applications/XAMPP/xamppfiles/htdocs/taobaoke/ThinkPHP/Common/functions.php 第 1263 行.
ERR: 非法操作:scroll.js

[ 2015-09-20T17:55:54+08:00 ] ::1 /taobaoke/index.php/Production/
INFO: [ app_init ] --START--
INFO: Run Behavior\BuildLiteBehavior [ RunTime:0.000013s ]
INFO: [ app_init ] --END-- [ RunTime:0.000070s ]
NOTIC: [8] Use of undefined constant WEB_ROOT - assumed 'WEB_ROOT' /Applications/XAMPP/xamppfiles/htdocs/taobaoke/Index/Home/Conf/config.php 第 15 行.
NOTIC: [8] Use of undefined constant WEB_ROOT - assumed 'WEB_ROOT' /Applications/XAMPP/xamppfiles/htdocs/taobaoke/Index/Home/Conf/config.php 第 17 行.
INFO: [ app_begin ] --START--
INFO: Run Behavior\ReadHtmlCacheBehavior [ RunTime:0.000422s ]
INFO: [ app_begin ] --END-- [ RunTime:0.000474s ]
NOTIC: [2] session_start(): open(/var/folders/xd/qx5mc1g92kv42frqy6mqjvvc0000gn/T/sess_3d3cbd2f141153b3ed112a2a167d667a, O_RDWR) failed: Permission denied (13) /Applications/XAMPP/xamppfiles/htdocs/taobaoke/ThinkPHP/Common/functions.php 第 1263 行.
INFO: [ view_parse ] --START--
INFO: [ template_filter ] --START--
INFO: Run Behavior\ContentReplaceBehavior [ RunTime:0.000072s ]
INFO: [ template_filter ] --END-- [ RunTime:0.000134s ]
INFO: Run Behavior\ParseTemplateBehavior [ RunTime:0.073003s ]
INFO: [ view_parse ] --END-- [ RunTime:0.073069s ]
INFO: [ view_filter ] --START--
INFO: Run Behavior\WriteHtmlCacheBehavior [ RunTime:0.000711s ]
INFO: [ view_filter ] --END-- [ RunTime:0.000797s ]
INFO: [ app_end ] --START--
INFO: Run Behavior\ShowPageTraceBehavior [ RunTime:0.000661s ]
INFO: [ app_end ] --END-- [ RunTime:0.000754s ]

[ 2015-09-20T17:55:54+08:00 ] ::1 /taobaoke/index.php/Production/scroll.js
INFO: [ app_init ] --START--
INFO: Run Behavior\BuildLiteBehavior [ RunTime:0.000013s ]
INFO: [ app_init ] --END-- [ RunTime:0.000059s ]
NOTIC: [8] Use of undefined constant WEB_ROOT - assumed 'WEB_ROOT' /Applications/XAMPP/xamppfiles/htdocs/taobaoke/Index/Home/Conf/config.php 第 15 行.
NOTIC: [8] Use of undefined constant WEB_ROOT - assumed 'WEB_ROOT' /Applications/XAMPP/xamppfiles/htdocs/taobaoke/Index/Home/Conf/config.php 第 17 行.
INFO: [ app_begin ] --START--
INFO: Run Behavior\ReadHtmlCacheBehavior [ RunTime:0.000366s ]
INFO: [ app_begin ] --END-- [ RunTime:0.000409s ]
NOTIC: [2] session_start(): open(/var/folders/xd/qx5mc1g92kv42frqy6mqjvvc0000gn/T/sess_3d3cbd2f141153b3ed112a2a167d667a, O_RDWR) failed: Permission denied (13) /Applications/XAMPP/xamppfiles/htdocs/taobaoke/ThinkPHP/Common/functions.php 第 1263 行.
ERR: 非法操作:scroll.js

[ 2015-09-20T17:55:54+08:00 ] ::1 /taobaoke/index.php/Production/scroll.js
INFO: [ app_init ] --START--
INFO: Run Behavior\BuildLiteBehavior [ RunTime:0.000013s ]
INFO: [ app_init ] --END-- [ RunTime:0.000062s ]
NOTIC: [8] Use of undefined constant WEB_ROOT - assumed 'WEB_ROOT' /Applications/XAMPP/xamppfiles/htdocs/taobaoke/Index/Home/Conf/config.php 第 15 行.
NOTIC: [8] Use of undefined constant WEB_ROOT - assumed 'WEB_ROOT' /Applications/XAMPP/xamppfiles/htdocs/taobaoke/Index/Home/Conf/config.php 第 17 行.
INFO: [ app_begin ] --START--
INFO: Run Behavior\ReadHtmlCacheBehavior [ RunTime:0.000419s ]
INFO: [ app_begin ] --END-- [ RunTime:0.000476s ]
NOTIC: [2] session_start(): open(/var/folders/xd/qx5mc1g92kv42frqy6mqjvvc0000gn/T/sess_3d3cbd2f141153b3ed112a2a167d667a, O_RDWR) failed: Permission denied (13) /Applications/XAMPP/xamppfiles/htdocs/taobaoke/ThinkPHP/Common/functions.php 第 1263 行.
ERR: 非法操作:scroll.js

[ 2015-09-20T17:55:59+08:00 ] ::1 /taobaoke/index.php/Production/index.html
INFO: [ app_init ] --START--
INFO: Run Behavior\BuildLiteBehavior [ RunTime:0.000012s ]
INFO: [ app_init ] --END-- [ RunTime:0.000076s ]
NOTIC: [8] Use of undefined constant WEB_ROOT - assumed 'WEB_ROOT' /Applications/XAMPP/xamppfiles/htdocs/taobaoke/Index/Home/Conf/config.php 第 15 行.
NOTIC: [8] Use of undefined constant WEB_ROOT - assumed 'WEB_ROOT' /Applications/XAMPP/xamppfiles/htdocs/taobaoke/Index/Home/Conf/config.php 第 17 行.
INFO: [ app_begin ] --START--
INFO: Run Behavior\ReadHtmlCacheBehavior [ RunTime:0.000405s ]
INFO: [ app_begin ] --END-- [ RunTime:0.000458s ]
NOTIC: [2] session_start(): open(/var/folders/xd/qx5mc1g92kv42frqy6mqjvvc0000gn/T/sess_3d3cbd2f141153b3ed112a2a167d667a, O_RDWR) failed: Permission denied (13) /Applications/XAMPP/xamppfiles/htdocs/taobaoke/ThinkPHP/Common/functions.php 第 1263 行.
INFO: [ view_parse ] --START--
INFO: [ template_filter ] --START--
INFO: Run Behavior\ContentReplaceBehavior [ RunTime:0.000107s ]
INFO: [ template_filter ] --END-- [ RunTime:0.000193s ]
INFO: Run Behavior\ParseTemplateBehavior [ RunTime:0.008468s ]
INFO: [ view_parse ] --END-- [ RunTime:0.008527s ]
INFO: [ view_filter ] --START--
INFO: Run Behavior\WriteHtmlCacheBehavior [ RunTime:0.000167s ]
INFO: [ view_filter ] --END-- [ RunTime:0.000206s ]
INFO: [ app_end ] --START--
INFO: Run Behavior\ShowPageTraceBehavior [ RunTime:0.000544s ]
INFO: [ app_end ] --END-- [ RunTime:0.000618s ]

[ 2015-09-20T17:55:59+08:00 ] ::1 /taobaoke/index.php/Production/scroll.js
INFO: [ app_init ] --START--
INFO: Run Behavior\BuildLiteBehavior [ RunTime:0.000013s ]
INFO: [ app_init ] --END-- [ RunTime:0.000058s ]
NOTIC: [8] Use of undefined constant WEB_ROOT - assumed 'WEB_ROOT' /Applications/XAMPP/xamppfiles/htdocs/taobaoke/Index/Home/Conf/config.php 第 15 行.
NOTIC: [8] Use of undefined constant WEB_ROOT - assumed 'WEB_ROOT' /Applications/XAMPP/xamppfiles/htdocs/taobaoke/Index/Home/Conf/config.php 第 17 行.
INFO: [ app_begin ] --START--
INFO: Run Behavior\ReadHtmlCacheBehavior [ RunTime:0.000347s ]
INFO: [ app_begin ] --END-- [ RunTime:0.000386s ]
NOTIC: [2] session_start(): open(/var/folders/xd/qx5mc1g92kv42frqy6mqjvvc0000gn/T/sess_3d3cbd2f141153b3ed112a2a167d667a, O_RDWR) failed: Permission denied (13) /Applications/XAMPP/xamppfiles/htdocs/taobaoke/ThinkPHP/Common/functions.php 第 1263 行.
ERR: 非法操作:scroll.js

[ 2015-09-20T17:56:01+08:00 ] ::1 /taobaoke/index.php/Production/index.html
INFO: [ app_init ] --START--
INFO: Run Behavior\BuildLiteBehavior [ RunTime:0.000013s ]
INFO: [ app_init ] --END-- [ RunTime:0.000065s ]
NOTIC: [8] Use of undefined constant WEB_ROOT - assumed 'WEB_ROOT' /Applications/XAMPP/xamppfiles/htdocs/taobaoke/Index/Home/Conf/config.php 第 15 行.
NOTIC: [8] Use of undefined constant WEB_ROOT - assumed 'WEB_ROOT' /Applications/XAMPP/xamppfiles/htdocs/taobaoke/Index/Home/Conf/config.php 第 17 行.
INFO: [ app_begin ] --START--
INFO: Run Behavior\ReadHtmlCacheBehavior [ RunTime:0.000472s ]
INFO: [ app_begin ] --END-- [ RunTime:0.000531s ]
NOTIC: [2] session_start(): open(/var/folders/xd/qx5mc1g92kv42frqy6mqjvvc0000gn/T/sess_3d3cbd2f141153b3ed112a2a167d667a, O_RDWR) failed: Permission denied (13) /Applications/XAMPP/xamppfiles/htdocs/taobaoke/ThinkPHP/Common/functions.php 第 1263 行.
INFO: [ view_parse ] --START--
INFO: [ template_filter ] --START--
INFO: Run Behavior\ContentReplaceBehavior [ RunTime:0.000055s ]
INFO: [ template_filter ] --END-- [ RunTime:0.000115s ]
INFO: Run Behavior\ParseTemplateBehavior [ RunTime:0.007879s ]
INFO: [ view_parse ] --END-- [ RunTime:0.007931s ]
INFO: [ view_filter ] --START--
INFO: Run Behavior\WriteHtmlCacheBehavior [ RunTime:0.000196s ]
INFO: [ view_filter ] --END-- [ RunTime:0.000236s ]
INFO: [ app_end ] --START--
INFO: Run Behavior\ShowPageTraceBehavior [ RunTime:0.000496s ]
INFO: [ app_end ] --END-- [ RunTime:0.000564s ]

[ 2015-09-20T17:56:01+08:00 ] ::1 /taobaoke/index.php/Production/scroll.js
INFO: [ app_init ] --START--
INFO: Run Behavior\BuildLiteBehavior [ RunTime:0.000012s ]
INFO: [ app_init ] --END-- [ RunTime:0.000055s ]
NOTIC: [8] Use of undefined constant WEB_ROOT - assumed 'WEB_ROOT' /Applications/XAMPP/xamppfiles/htdocs/taobaoke/Index/Home/Conf/config.php 第 15 行.
NOTIC: [8] Use of undefined constant WEB_ROOT - assumed 'WEB_ROOT' /Applications/XAMPP/xamppfiles/htdocs/taobaoke/Index/Home/Conf/config.php 第 17 行.
INFO: [ app_begin ] --START--
INFO: Run Behavior\ReadHtmlCacheBehavior [ RunTime:0.000365s ]
INFO: [ app_begin ] --END-- [ RunTime:0.000408s ]
NOTIC: [2] session_start(): open(/var/folders/xd/qx5mc1g92kv42frqy6mqjvvc0000gn/T/sess_3d3cbd2f141153b3ed112a2a167d667a, O_RDWR) failed: Permission denied (13) /Applications/XAMPP/xamppfiles/htdocs/taobaoke/ThinkPHP/Common/functions.php 第 1263 行.
ERR: 非法操作:scroll.js

[ 2015-09-20T17:56:05+08:00 ] ::1 /taobaoke/index.php/Shop/index.html
INFO: [ app_init ] --START--
INFO: Run Behavior\BuildLiteBehavior [ RunTime:0.000012s ]
INFO: [ app_init ] --END-- [ RunTime:0.000063s ]
NOTIC: [8] Use of undefined constant WEB_ROOT - assumed 'WEB_ROOT' /Applications/XAMPP/xamppfiles/htdocs/taobaoke/Index/Home/Conf/config.php 第 15 行.
NOTIC: [8] Use of undefined constant WEB_ROOT - assumed 'WEB_ROOT' /Applications/XAMPP/xamppfiles/htdocs/taobaoke/Index/Home/Conf/config.php 第 17 行.
INFO: [ app_begin ] --START--
INFO: Run Behavior\ReadHtmlCacheBehavior [ RunTime:0.000397s ]
INFO: [ app_begin ] --END-- [ RunTime:0.000445s ]
NOTIC: [2] session_start(): open(/var/folders/xd/qx5mc1g92kv42frqy6mqjvvc0000gn/T/sess_3d3cbd2f141153b3ed112a2a167d667a, O_RDWR) failed: Permission denied (13) /Applications/XAMPP/xamppfiles/htdocs/taobaoke/ThinkPHP/Common/functions.php 第 1263 行.
INFO: [ view_parse ] --START--
INFO: [ template_filter ] --START--
INFO: Run Behavior\ContentReplaceBehavior [ RunTime:0.000061s ]
INFO: [ template_filter ] --END-- [ RunTime:0.000126s ]
INFO: Run Behavior\ParseTemplateBehavior [ RunTime:0.008804s ]
INFO: [ view_parse ] --END-- [ RunTime:0.008861s ]
INFO: [ view_filter ] --START--
INFO: Run Behavior\WriteHtmlCacheBehavior [ RunTime:0.000145s ]
INFO: [ view_filter ] --END-- [ RunTime:0.000180s ]
INFO: [ app_end ] --START--
INFO: Run Behavior\ShowPageTraceBehavior [ RunTime:0.000639s ]
INFO: [ app_end ] --END-- [ RunTime:0.000701s ]

[ 2015-09-20T17:56:05+08:00 ] ::1 /taobaoke/index.php/Shop/scroll.js
INFO: [ app_init ] --START--
INFO: Run Behavior\BuildLiteBehavior [ RunTime:0.000012s ]
INFO: [ app_init ] --END-- [ RunTime:0.000053s ]
NOTIC: [8] Use of undefined constant WEB_ROOT - assumed 'WEB_ROOT' /Applications/XAMPP/xamppfiles/htdocs/taobaoke/Index/Home/Conf/config.php 第 15 行.
NOTIC: [8] Use of undefined constant WEB_ROOT - assumed 'WEB_ROOT' /Applications/XAMPP/xamppfiles/htdocs/taobaoke/Index/Home/Conf/config.php 第 17 行.
INFO: [ app_begin ] --START--
INFO: Run Behavior\ReadHtmlCacheBehavior [ RunTime:0.000403s ]
INFO: [ app_begin ] --END-- [ RunTime:0.000453s ]
NOTIC: [2] session_start(): open(/var/folders/xd/qx5mc1g92kv42frqy6mqjvvc0000gn/T/sess_3d3cbd2f141153b3ed112a2a167d667a, O_RDWR) failed: Permission denied (13) /Applications/XAMPP/xamppfiles/htdocs/taobaoke/ThinkPHP/Common/functions.php 第 1263 行.
ERR: 非法操作:scroll.js

[ 2015-09-20T17:56:07+08:00 ] ::1 /taobaoke/index.php/Production/index.html
INFO: [ app_init ] --START--
INFO: Run Behavior\BuildLiteBehavior [ RunTime:0.000014s ]
INFO: [ app_init ] --END-- [ RunTime:0.000062s ]
NOTIC: [8] Use of undefined constant WEB_ROOT - assumed 'WEB_ROOT' /Applications/XAMPP/xamppfiles/htdocs/taobaoke/Index/Home/Conf/config.php 第 15 行.
NOTIC: [8] Use of undefined constant WEB_ROOT - assumed 'WEB_ROOT' /Applications/XAMPP/xamppfiles/htdocs/taobaoke/Index/Home/Conf/config.php 第 17 行.
INFO: [ app_begin ] --START--
INFO: Run Behavior\ReadHtmlCacheBehavior [ RunTime:0.000403s ]
INFO: [ app_begin ] --END-- [ RunTime:0.000449s ]
NOTIC: [2] session_start(): open(/var/folders/xd/qx5mc1g92kv42frqy6mqjvvc0000gn/T/sess_3d3cbd2f141153b3ed112a2a167d667a, O_RDWR) failed: Permission denied (13) /Applications/XAMPP/xamppfiles/htdocs/taobaoke/ThinkPHP/Common/functions.php 第 1263 行.
NOTIC: [8] session_start(): ps_files_cleanup_dir: opendir(/var/folders/xd/qx5mc1g92kv42frqy6mqjvvc0000gn/T) failed: Permission denied (13) /Applications/XAMPP/xamppfiles/htdocs/taobaoke/ThinkPHP/Common/functions.php 第 1263 行.
INFO: [ view_parse ] --START--
INFO: [ template_filter ] --START--
INFO: Run Behavior\ContentReplaceBehavior [ RunTime:0.000055s ]
INFO: [ template_filter ] --END-- [ RunTime:0.000115s ]
INFO: Run Behavior\ParseTemplateBehavior [ RunTime:0.007634s ]
INFO: [ view_parse ] --END-- [ RunTime:0.007736s ]
INFO: [ view_filter ] --START--
INFO: Run Behavior\WriteHtmlCacheBehavior [ RunTime:0.000205s ]
INFO: [ view_filter ] --END-- [ RunTime:0.000252s ]
INFO: [ app_end ] --START--
INFO: Run Behavior\ShowPageTraceBehavior [ RunTime:0.000513s ]
INFO: [ app_end ] --END-- [ RunTime:0.000593s ]

[ 2015-09-20T17:56:07+08:00 ] ::1 /taobaoke/index.php/Production/scroll.js
INFO: [ app_init ] --START--
INFO: Run Behavior\BuildLiteBehavior [ RunTime:0.000011s ]
INFO: [ app_init ] --END-- [ RunTime:0.000052s ]
NOTIC: [8] Use of undefined constant WEB_ROOT - assumed 'WEB_ROOT' /Applications/XAMPP/xamppfiles/htdocs/taobaoke/Index/Home/Conf/config.php 第 15 行.
NOTIC: [8] Use of undefined constant WEB_ROOT - assumed 'WEB_ROOT' /Applications/XAMPP/xamppfiles/htdocs/taobaoke/Index/Home/Conf/config.php 第 17 行.
INFO: [ app_begin ] --START--
INFO: Run Behavior\ReadHtmlCacheBehavior [ RunTime:0.000310s ]
INFO: [ app_begin ] --END-- [ RunTime:0.000345s ]
NOTIC: [2] session_start(): open(/var/folders/xd/qx5mc1g92kv42frqy6mqjvvc0000gn/T/sess_3d3cbd2f141153b3ed112a2a167d667a, O_RDWR) failed: Permission denied (13) /Applications/XAMPP/xamppfiles/htdocs/taobaoke/ThinkPHP/Common/functions.php 第 1263 行.
ERR: 非法操作:scroll.js

[ 2015-09-20T17:56:28+08:00 ] ::1 /taobaoke/index.php/Production/index.html
INFO: [ app_init ] --START--
INFO: Run Behavior\BuildLiteBehavior [ RunTime:0.000012s ]
INFO: [ app_init ] --END-- [ RunTime:0.000060s ]
NOTIC: [8] Use of undefined constant WEB_ROOT - assumed 'WEB_ROOT' /Applications/XAMPP/xamppfiles/htdocs/taobaoke/Index/Home/Conf/config.php 第 15 行.
NOTIC: [8] Use of undefined constant WEB_ROOT - assumed 'WEB_ROOT' /Applications/XAMPP/xamppfiles/htdocs/taobaoke/Index/Home/Conf/config.php 第 17 行.
INFO: [ app_begin ] --START--
INFO: Run Behavior\ReadHtmlCacheBehavior [ RunTime:0.000611s ]
INFO: [ app_begin ] --END-- [ RunTime:0.000700s ]
NOTIC: [2] session_start(): open(/var/folders/xd/qx5mc1g92kv42frqy6mqjvvc0000gn/T/sess_3d3cbd2f141153b3ed112a2a167d667a, O_RDWR) failed: Permission denied (13) /Applications/XAMPP/xamppfiles/htdocs/taobaoke/ThinkPHP/Common/functions.php 第 1263 行.
INFO: [ view_parse ] --START--
INFO: [ template_filter ] --START--
INFO: Run Behavior\ContentReplaceBehavior [ RunTime:0.000088s ]
INFO: [ template_filter ] --END-- [ RunTime:0.000165s ]
INFO: Run Behavior\ParseTemplateBehavior [ RunTime:0.009880s ]
INFO: [ view_parse ] --END-- [ RunTime:0.009950s ]
INFO: [ view_filter ] --START--
INFO: Run Behavior\WriteHtmlCacheBehavior [ RunTime:0.000196s ]
INFO: [ view_filter ] --END-- [ RunTime:0.000243s ]
INFO: [ app_end ] --START--
INFO: Run Behavior\ShowPageTraceBehavior [ RunTime:0.000576s ]
INFO: [ app_end ] --END-- [ RunTime:0.000666s ]

[ 2015-09-20T17:56:28+08:00 ] ::1 /taobaoke/index.php/Production/scroll.js
INFO: [ app_init ] --START--
INFO: Run Behavior\BuildLiteBehavior [ RunTime:0.000017s ]
INFO: [ app_init ] --END-- [ RunTime:0.000084s ]
NOTIC: [8] Use of undefined constant WEB_ROOT - assumed 'WEB_ROOT' /Applications/XAMPP/xamppfiles/htdocs/taobaoke/Index/Home/Conf/config.php 第 15 行.
NOTIC: [8] Use of undefined constant WEB_ROOT - assumed 'WEB_ROOT' /Applications/XAMPP/xamppfiles/htdocs/taobaoke/Index/Home/Conf/config.php 第 17 行.
INFO: [ app_begin ] --START--
INFO: Run Behavior\ReadHtmlCacheBehavior [ RunTime:0.000770s ]
INFO: [ app_begin ] --END-- [ RunTime:0.000865s ]
NOTIC: [2] session_start(): open(/var/folders/xd/qx5mc1g92kv42frqy6mqjvvc0000gn/T/sess_3d3cbd2f141153b3ed112a2a167d667a, O_RDWR) failed: Permission denied (13) /Applications/XAMPP/xamppfiles/htdocs/taobaoke/ThinkPHP/Common/functions.php 第 1263 行.
ERR: 非法操作:scroll.js

[ 2015-09-20T17:56:30+08:00 ] ::1 /taobaoke/index.php/Production/index.html
INFO: [ app_init ] --START--
INFO: Run Behavior\BuildLiteBehavior [ RunTime:0.000013s ]
INFO: [ app_init ] --END-- [ RunTime:0.000065s ]
NOTIC: [8] Use of undefined constant WEB_ROOT - assumed 'WEB_ROOT' /Applications/XAMPP/xamppfiles/htdocs/taobaoke/Index/Home/Conf/config.php 第 15 行.
NOTIC: [8] Use of undefined constant WEB_ROOT - assumed 'WEB_ROOT' /Applications/XAMPP/xamppfiles/htdocs/taobaoke/Index/Home/Conf/config.php 第 17 行.
INFO: [ app_begin ] --START--
INFO: Run Behavior\ReadHtmlCacheBehavior [ RunTime:0.000543s ]
INFO: [ app_begin ] --END-- [ RunTime:0.000617s ]
NOTIC: [2] session_start(): open(/var/folders/xd/qx5mc1g92kv42frqy6mqjvvc0000gn/T/sess_3d3cbd2f141153b3ed112a2a167d667a, O_RDWR) failed: Permission denied (13) /Applications/XAMPP/xamppfiles/htdocs/taobaoke/ThinkPHP/Common/functions.php 第 1263 行.
INFO: [ view_parse ] --START--
INFO: [ template_filter ] --START--
INFO: Run Behavior\ContentReplaceBehavior [ RunTime:0.000052s ]
INFO: [ template_filter ] --END-- [ RunTime:0.000110s ]
INFO: Run Behavior\ParseTemplateBehavior [ RunTime:0.008048s ]
INFO: [ view_parse ] --END-- [ RunTime:0.008122s ]
INFO: [ view_filter ] --START--
INFO: Run Behavior\WriteHtmlCacheBehavior [ RunTime:0.000193s ]
INFO: [ view_filter ] --END-- [ RunTime:0.000232s ]
INFO: [ app_end ] --START--
INFO: Run Behavior\ShowPageTraceBehavior [ RunTime:0.000503s ]
INFO: [ app_end ] --END-- [ RunTime:0.000577s ]

[ 2015-09-20T17:56:30+08:00 ] ::1 /taobaoke/index.php/Production/scroll.js
INFO: [ app_init ] --START--
INFO: Run Behavior\BuildLiteBehavior [ RunTime:0.000013s ]
INFO: [ app_init ] --END-- [ RunTime:0.000062s ]
NOTIC: [8] Use of undefined constant WEB_ROOT - assumed 'WEB_ROOT' /Applications/XAMPP/xamppfiles/htdocs/taobaoke/Index/Home/Conf/config.php 第 15 行.
NOTIC: [8] Use of undefined constant WEB_ROOT - assumed 'WEB_ROOT' /Applications/XAMPP/xamppfiles/htdocs/taobaoke/Index/Home/Conf/config.php 第 17 行.
INFO: [ app_begin ] --START--
INFO: Run Behavior\ReadHtmlCacheBehavior [ RunTime:0.000359s ]
INFO: [ app_begin ] --END-- [ RunTime:0.000407s ]
NOTIC: [2] session_start(): open(/var/folders/xd/qx5mc1g92kv42frqy6mqjvvc0000gn/T/sess_3d3cbd2f141153b3ed112a2a167d667a, O_RDWR) failed: Permission denied (13) /Applications/XAMPP/xamppfiles/htdocs/taobaoke/ThinkPHP/Common/functions.php 第 1263 行.
ERR: 非法操作:scroll.js

[ 2015-09-20T17:56:30+08:00 ] ::1 /taobaoke/index.php/Production/scroll.js
INFO: [ app_init ] --START--
INFO: Run Behavior\BuildLiteBehavior [ RunTime:0.000010s ]
INFO: [ app_init ] --END-- [ RunTime:0.000047s ]
NOTIC: [8] Use of undefined constant WEB_ROOT - assumed 'WEB_ROOT' /Applications/XAMPP/xamppfiles/htdocs/taobaoke/Index/Home/Conf/config.php 第 15 行.
NOTIC: [8] Use of undefined constant WEB_ROOT - assumed 'WEB_ROOT' /Applications/XAMPP/xamppfiles/htdocs/taobaoke/Index/Home/Conf/config.php 第 17 行.
INFO: [ app_begin ] --START--
INFO: Run Behavior\ReadHtmlCacheBehavior [ RunTime:0.000268s ]
INFO: [ app_begin ] --END-- [ RunTime:0.000298s ]
NOTIC: [2] session_start(): open(/var/folders/xd/qx5mc1g92kv42frqy6mqjvvc0000gn/T/sess_3d3cbd2f141153b3ed112a2a167d667a, O_RDWR) failed: Permission denied (13) /Applications/XAMPP/xamppfiles/htdocs/taobaoke/ThinkPHP/Common/functions.php 第 1263 行.
ERR: 非法操作:scroll.js

[ 2015-09-20T17:56:31+08:00 ] ::1 /taobaoke/index.php/Shop/index.html
INFO: [ app_init ] --START--
INFO: Run Behavior\BuildLiteBehavior [ RunTime:0.000012s ]
INFO: [ app_init ] --END-- [ RunTime:0.000063s ]
NOTIC: [8] Use of undefined constant WEB_ROOT - assumed 'WEB_ROOT' /Applications/XAMPP/xamppfiles/htdocs/taobaoke/Index/Home/Conf/config.php 第 15 行.
NOTIC: [8] Use of undefined constant WEB_ROOT - assumed 'WEB_ROOT' /Applications/XAMPP/xamppfiles/htdocs/taobaoke/Index/Home/Conf/config.php 第 17 行.
INFO: [ app_begin ] --START--
INFO: Run Behavior\ReadHtmlCacheBehavior [ RunTime:0.000421s ]
INFO: [ app_begin ] --END-- [ RunTime:0.000478s ]
NOTIC: [2] session_start(): open(/var/folders/xd/qx5mc1g92kv42frqy6mqjvvc0000gn/T/sess_3d3cbd2f141153b3ed112a2a167d667a, O_RDWR) failed: Permission denied (13) /Applications/XAMPP/xamppfiles/htdocs/taobaoke/ThinkPHP/Common/functions.php 第 1263 行.
INFO: [ view_parse ] --START--
INFO: [ template_filter ] --START--
INFO: Run Behavior\ContentReplaceBehavior [ RunTime:0.000079s ]
INFO: [ template_filter ] --END-- [ RunTime:0.000189s ]
INFO: Run Behavior\ParseTemplateBehavior [ RunTime:0.008219s ]
INFO: [ view_parse ] --END-- [ RunTime:0.008353s ]
INFO: [ view_filter ] --START--
INFO: Run Behavior\WriteHtmlCacheBehavior [ RunTime:0.000183s ]
INFO: [ view_filter ] --END-- [ RunTime:0.000221s ]
INFO: [ app_end ] --START--
INFO: Run Behavior\ShowPageTraceBehavior [ RunTime:0.000509s ]
INFO: [ app_end ] --END-- [ RunTime:0.000584s ]

[ 2015-09-20T17:56:31+08:00 ] ::1 /taobaoke/index.php/Shop/scroll.js
INFO: [ app_init ] --START--
INFO: Run Behavior\BuildLiteBehavior [ RunTime:0.000016s ]
INFO: [ app_init ] --END-- [ RunTime:0.000080s ]
NOTIC: [8] Use of undefined constant WEB_ROOT - assumed 'WEB_ROOT' /Applications/XAMPP/xamppfiles/htdocs/taobaoke/Index/Home/Conf/config.php 第 15 行.
NOTIC: [8] Use of undefined constant WEB_ROOT - assumed 'WEB_ROOT' /Applications/XAMPP/xamppfiles/htdocs/taobaoke/Index/Home/Conf/config.php 第 17 行.
INFO: [ app_begin ] --START--
INFO: Run Behavior\ReadHtmlCacheBehavior [ RunTime:0.000622s ]
INFO: [ app_begin ] --END-- [ RunTime:0.000694s ]
NOTIC: [2] session_start(): open(/var/folders/xd/qx5mc1g92kv42frqy6mqjvvc0000gn/T/sess_3d3cbd2f141153b3ed112a2a167d667a, O_RDWR) failed: Permission denied (13) /Applications/XAMPP/xamppfiles/htdocs/taobaoke/ThinkPHP/Common/functions.php 第 1263 行.
ERR: 非法操作:scroll.js

[ 2015-09-20T17:56:32+08:00 ] ::1 /taobaoke/index.php/Production/index.html
INFO: [ app_init ] --START--
INFO: Run Behavior\BuildLiteBehavior [ RunTime:0.000012s ]
INFO: [ app_init ] --END-- [ RunTime:0.000053s ]
NOTIC: [8] Use of undefined constant WEB_ROOT - assumed 'WEB_ROOT' /Applications/XAMPP/xamppfiles/htdocs/taobaoke/Index/Home/Conf/config.php 第 15 行.
NOTIC: [8] Use of undefined constant WEB_ROOT - assumed 'WEB_ROOT' /Applications/XAMPP/xamppfiles/htdocs/taobaoke/Index/Home/Conf/config.php 第 17 行.
INFO: [ app_begin ] --START--
INFO: Run Behavior\ReadHtmlCacheBehavior [ RunTime:0.000373s ]
INFO: [ app_begin ] --END-- [ RunTime:0.000420s ]
NOTIC: [2] session_start(): open(/var/folders/xd/qx5mc1g92kv42frqy6mqjvvc0000gn/T/sess_3d3cbd2f141153b3ed112a2a167d667a, O_RDWR) failed: Permission denied (13) /Applications/XAMPP/xamppfiles/htdocs/taobaoke/ThinkPHP/Common/functions.php 第 1263 行.
INFO: [ view_parse ] --START--
INFO: [ template_filter ] --START--
INFO: Run Behavior\ContentReplaceBehavior [ RunTime:0.000055s ]
INFO: [ template_filter ] --END-- [ RunTime:0.000115s ]
INFO: Run Behavior\ParseTemplateBehavior [ RunTime:0.007837s ]
INFO: [ view_parse ] --END-- [ RunTime:0.007893s ]
INFO: [ view_filter ] --START--
INFO: Run Behavior\WriteHtmlCacheBehavior [ RunTime:0.000195s ]
INFO: [ view_filter ] --END-- [ RunTime:0.000236s ]
INFO: [ app_end ] --START--
INFO: Run Behavior\ShowPageTraceBehavior [ RunTime:0.000468s ]
INFO: [ app_end ] --END-- [ RunTime:0.000528s ]

[ 2015-09-20T17:56:32+08:00 ] ::1 /taobaoke/index.php/Production/scroll.js
INFO: [ app_init ] --START--
INFO: Run Behavior\BuildLiteBehavior [ RunTime:0.000011s ]
INFO: [ app_init ] --END-- [ RunTime:0.000052s ]
NOTIC: [8] Use of undefined constant WEB_ROOT - assumed 'WEB_ROOT' /Applications/XAMPP/xamppfiles/htdocs/taobaoke/Index/Home/Conf/config.php 第 15 行.
NOTIC: [8] Use of undefined constant WEB_ROOT - assumed 'WEB_ROOT' /Applications/XAMPP/xamppfiles/htdocs/taobaoke/Index/Home/Conf/config.php 第 17 行.
INFO: [ app_begin ] --START--
INFO: Run Behavior\ReadHtmlCacheBehavior [ RunTime:0.000309s ]
INFO: [ app_begin ] --END-- [ RunTime:0.000342s ]
NOTIC: [2] session_start(): open(/var/folders/xd/qx5mc1g92kv42frqy6mqjvvc0000gn/T/sess_3d3cbd2f141153b3ed112a2a167d667a, O_RDWR) failed: Permission denied (13) /Applications/XAMPP/xamppfiles/htdocs/taobaoke/ThinkPHP/Common/functions.php 第 1263 行.
NOTIC: [8] session_start(): ps_files_cleanup_dir: opendir(/var/folders/xd/qx5mc1g92kv42frqy6mqjvvc0000gn/T) failed: Permission denied (13) /Applications/XAMPP/xamppfiles/htdocs/taobaoke/ThinkPHP/Common/functions.php 第 1263 行.
ERR: 非法操作:scroll.js

[ 2015-09-20T17:56:33+08:00 ] ::1 /taobaoke/index.php/Index/index.html
INFO: [ app_init ] --START--
INFO: Run Behavior\BuildLiteBehavior [ RunTime:0.000011s ]
INFO: [ app_init ] --END-- [ RunTime:0.000051s ]
NOTIC: [8] Use of undefined constant WEB_ROOT - assumed 'WEB_ROOT' /Applications/XAMPP/xamppfiles/htdocs/taobaoke/Index/Home/Conf/config.php 第 15 行.
NOTIC: [8] Use of undefined constant WEB_ROOT - assumed 'WEB_ROOT' /Applications/XAMPP/xamppfiles/htdocs/taobaoke/Index/Home/Conf/config.php 第 17 行.
INFO: [ app_begin ] --START--
INFO: Run Behavior\ReadHtmlCacheBehavior [ RunTime:0.000306s ]
INFO: [ app_begin ] --END-- [ RunTime:0.000340s ]
NOTIC: [2] session_start(): open(/var/folders/xd/qx5mc1g92kv42frqy6mqjvvc0000gn/T/sess_3d3cbd2f141153b3ed112a2a167d667a, O_RDWR) failed: Permission denied (13) /Applications/XAMPP/xamppfiles/htdocs/taobaoke/ThinkPHP/Common/functions.php 第 1263 行.
INFO: [ view_parse ] --START--
INFO: [ template_filter ] --START--
INFO: Run Behavior\ContentReplaceBehavior [ RunTime:0.000044s ]
INFO: [ template_filter ] --END-- [ RunTime:0.000101s ]
INFO: Run Behavior\ParseTemplateBehavior [ RunTime:0.006143s ]
INFO: [ view_parse ] --END-- [ RunTime:0.006274s ]
INFO: [ view_filter ] --START--
INFO: Run Behavior\WriteHtmlCacheBehavior [ RunTime:0.000146s ]
INFO: [ view_filter ] --END-- [ RunTime:0.000180s ]
INFO: [ app_end ] --START--
INFO: Run Behavior\ShowPageTraceBehavior [ RunTime:0.000389s ]
INFO: [ app_end ] --END-- [ RunTime:0.000448s ]

[ 2015-09-20T17:56:45+08:00 ] ::1 /taobaoke/
INFO: [ app_init ] --START--
INFO: Run Behavior\BuildLiteBehavior [ RunTime:0.000009s ]
INFO: [ app_init ] --END-- [ RunTime:0.000045s ]
NOTIC: [8] Use of undefined constant WEB_ROOT - assumed 'WEB_ROOT' /Applications/XAMPP/xamppfiles/htdocs/taobaoke/Index/Home/Conf/config.php 第 15 行.
NOTIC: [8] Use of undefined constant WEB_ROOT - assumed 'WEB_ROOT' /Applications/XAMPP/xamppfiles/htdocs/taobaoke/Index/Home/Conf/config.php 第 17 行.
INFO: [ app_begin ] --START--
INFO: Run Behavior\ReadHtmlCacheBehavior [ RunTime:0.000270s ]
INFO: [ app_begin ] --END-- [ RunTime:0.000300s ]
NOTIC: [2] session_start(): open(/var/folders/xd/qx5mc1g92kv42frqy6mqjvvc0000gn/T/sess_b97ac9d8b22de2402ae6b251ca5d1bfc, O_RDWR) failed: Permission denied (13) /Applications/XAMPP/xamppfiles/htdocs/taobaoke/ThinkPHP/Common/functions.php 第 1263 行.
INFO: [ view_parse ] --START--
INFO: [ template_filter ] --START--
INFO: Run Behavior\ContentReplaceBehavior [ RunTime:0.000057s ]
INFO: [ template_filter ] --END-- [ RunTime:0.000160s ]
INFO: Run Behavior\ParseTemplateBehavior [ RunTime:0.005123s ]
INFO: [ view_parse ] --END-- [ RunTime:0.005175s ]
INFO: [ view_filter ] --START--
INFO: Run Behavior\WriteHtmlCacheBehavior [ RunTime:0.000168s ]
INFO: [ view_filter ] --END-- [ RunTime:0.000210s ]
INFO: [ app_end ] --START--
INFO: Run Behavior\ShowPageTraceBehavior [ RunTime:0.000471s ]
INFO: [ app_end ] --END-- [ RunTime:0.000527s ]

[ 2015-09-20T17:56:56+08:00 ] ::1 /taobaoke/index.php/Production
INFO: [ app_init ] --START--
INFO: Run Behavior\BuildLiteBehavior [ RunTime:0.000015s ]
INFO: [ app_init ] --END-- [ RunTime:0.000093s ]
NOTIC: [8] Use of undefined constant WEB_ROOT - assumed 'WEB_ROOT' /Applications/XAMPP/xamppfiles/htdocs/taobaoke/Index/Home/Conf/config.php 第 15 行.
NOTIC: [8] Use of undefined constant WEB_ROOT - assumed 'WEB_ROOT' /Applications/XAMPP/xamppfiles/htdocs/taobaoke/Index/Home/Conf/config.php 第 17 行.
INFO: [ app_begin ] --START--
INFO: Run Behavior\ReadHtmlCacheBehavior [ RunTime:0.000335s ]
INFO: [ app_begin ] --END-- [ RunTime:0.000373s ]
NOTIC: [2] session_start(): open(/var/folders/xd/qx5mc1g92kv42frqy6mqjvvc0000gn/T/sess_b97ac9d8b22de2402ae6b251ca5d1bfc, O_RDWR) failed: Permission denied (13) /Applications/XAMPP/xamppfiles/htdocs/taobaoke/ThinkPHP/Common/functions.php 第 1263 行.
INFO: [ view_parse ] --START--
INFO: [ template_filter ] --START--
INFO: Run Behavior\ContentReplaceBehavior [ RunTime:0.000072s ]
INFO: [ template_filter ] --END-- [ RunTime:0.000126s ]
INFO: Run Behavior\ParseTemplateBehavior [ RunTime:0.031395s ]
INFO: [ view_parse ] --END-- [ RunTime:0.031475s ]
INFO: [ view_filter ] --START--
INFO: Run Behavior\WriteHtmlCacheBehavior [ RunTime:0.000134s ]
INFO: [ view_filter ] --END-- [ RunTime:0.000164s ]
INFO: [ app_end ] --START--
INFO: Run Behavior\ShowPageTraceBehavior [ RunTime:0.000762s ]
INFO: [ app_end ] --END-- [ RunTime:0.000862s ]

[ 2015-09-20T17:56:56+08:00 ] ::1 /taobaoke/index.php/scroll.js
INFO: [ app_init ] --START--
INFO: Run Behavior\BuildLiteBehavior [ RunTime:0.000018s ]
INFO: [ app_init ] --END-- [ RunTime:0.000094s ]
NOTIC: [8] Use of undefined constant WEB_ROOT - assumed 'WEB_ROOT' /Applications/XAMPP/xamppfiles/htdocs/taobaoke/Index/Home/Conf/config.php 第 15 行.
NOTIC: [8] Use of undefined constant WEB_ROOT - assumed 'WEB_ROOT' /Applications/XAMPP/xamppfiles/htdocs/taobaoke/Index/Home/Conf/config.php 第 17 行.
INFO: [ app_begin ] --START--
INFO: Run Behavior\ReadHtmlCacheBehavior [ RunTime:0.000586s ]
INFO: [ app_begin ] --END-- [ RunTime:0.000666s ]
NOTIC: [2] session_start(): open(/var/folders/xd/qx5mc1g92kv42frqy6mqjvvc0000gn/T/sess_b97ac9d8b22de2402ae6b251ca5d1bfc, O_RDWR) failed: Permission denied (13) /Applications/XAMPP/xamppfiles/htdocs/taobaoke/ThinkPHP/Common/functions.php 第 1263 行.
ERR: 无法加载控制器:Scroll.js

[ 2015-09-20T17:57:02+08:00 ] ::1 /taobaoke/index.php/Shop/index.html
INFO: [ app_init ] --START--
INFO: Run Behavior\BuildLiteBehavior [ RunTime:0.000011s ]
INFO: [ app_init ] --END-- [ RunTime:0.000053s ]
NOTIC: [8] Use of undefined constant WEB_ROOT - assumed 'WEB_ROOT' /Applications/XAMPP/xamppfiles/htdocs/taobaoke/Index/Home/Conf/config.php 第 15 行.
NOTIC: [8] Use of undefined constant WEB_ROOT - assumed 'WEB_ROOT' /Applications/XAMPP/xamppfiles/htdocs/taobaoke/Index/Home/Conf/config.php 第 17 行.
INFO: [ app_begin ] --START--
INFO: Run Behavior\ReadHtmlCacheBehavior [ RunTime:0.000364s ]
INFO: [ app_begin ] --END-- [ RunTime:0.000403s ]
NOTIC: [2] session_start(): open(/var/folders/xd/qx5mc1g92kv42frqy6mqjvvc0000gn/T/sess_b97ac9d8b22de2402ae6b251ca5d1bfc, O_RDWR) failed: Permission denied (13) /Applications/XAMPP/xamppfiles/htdocs/taobaoke/ThinkPHP/Common/functions.php 第 1263 行.
INFO: [ view_parse ] --START--
INFO: [ template_filter ] --START--
INFO: Run Behavior\ContentReplaceBehavior [ RunTime:0.000153s ]
INFO: [ template_filter ] --END-- [ RunTime:0.000258s ]
INFO: Run Behavior\ParseTemplateBehavior [ RunTime:0.014092s ]
INFO: [ view_parse ] --END-- [ RunTime:0.014146s ]
INFO: [ view_filter ] --START--
INFO: Run Behavior\WriteHtmlCacheBehavior [ RunTime:0.000146s ]
INFO: [ view_filter ] --END-- [ RunTime:0.000175s ]
INFO: [ app_end ] --START--
INFO: Run Behavior\ShowPageTraceBehavior [ RunTime:0.000521s ]
INFO: [ app_end ] --END-- [ RunTime:0.000582s ]

[ 2015-09-20T17:57:02+08:00 ] ::1 /taobaoke/index.php/Shop/scroll.js
INFO: [ app_init ] --START--
INFO: Run Behavior\BuildLiteBehavior [ RunTime:0.000018s ]
INFO: [ app_init ] --END-- [ RunTime:0.000094s ]
NOTIC: [8] Use of undefined constant WEB_ROOT - assumed 'WEB_ROOT' /Applications/XAMPP/xamppfiles/htdocs/taobaoke/Index/Home/Conf/config.php 第 15 行.
NOTIC: [8] Use of undefined constant WEB_ROOT - assumed 'WEB_ROOT' /Applications/XAMPP/xamppfiles/htdocs/taobaoke/Index/Home/Conf/config.php 第 17 行.
INFO: [ app_begin ] --START--
INFO: Run Behavior\ReadHtmlCacheBehavior [ RunTime:0.000346s ]
INFO: [ app_begin ] --END-- [ RunTime:0.000387s ]
NOTIC: [2] session_start(): open(/var/folders/xd/qx5mc1g92kv42frqy6mqjvvc0000gn/T/sess_b97ac9d8b22de2402ae6b251ca5d1bfc, O_RDWR) failed: Permission denied (13) /Applications/XAMPP/xamppfiles/htdocs/taobaoke/ThinkPHP/Common/functions.php 第 1263 行.
ERR: 非法操作:scroll.js

[ 2015-09-20T17:57:27+08:00 ] ::1 /taobaoke/index.php/Production/index.html
INFO: [ app_init ] --START--
INFO: Run Behavior\BuildLiteBehavior [ RunTime:0.000015s ]
INFO: [ app_init ] --END-- [ RunTime:0.000077s ]
NOTIC: [8] Use of undefined constant WEB_ROOT - assumed 'WEB_ROOT' /Applications/XAMPP/xamppfiles/htdocs/taobaoke/Index/Home/Conf/config.php 第 15 行.
NOTIC: [8] Use of undefined constant WEB_ROOT - assumed 'WEB_ROOT' /Applications/XAMPP/xamppfiles/htdocs/taobaoke/Index/Home/Conf/config.php 第 17 行.
INFO: [ app_begin ] --START--
INFO: Run Behavior\ReadHtmlCacheBehavior [ RunTime:0.000691s ]
INFO: [ app_begin ] --END-- [ RunTime:0.000755s ]
NOTIC: [2] session_start(): open(/var/folders/xd/qx5mc1g92kv42frqy6mqjvvc0000gn/T/sess_3d3cbd2f141153b3ed112a2a167d667a, O_RDWR) failed: Permission denied (13) /Applications/XAMPP/xamppfiles/htdocs/taobaoke/ThinkPHP/Common/functions.php 第 1263 行.
INFO: [ view_parse ] --START--
INFO: [ template_filter ] --START--
INFO: Run Behavior\ContentReplaceBehavior [ RunTime:0.000080s ]
INFO: [ template_filter ] --END-- [ RunTime:0.000140s ]
INFO: Run Behavior\ParseTemplateBehavior [ RunTime:0.035894s ]
INFO: [ view_parse ] --END-- [ RunTime:0.035991s ]
INFO: [ view_filter ] --START--
INFO: Run Behavior\WriteHtmlCacheBehavior [ RunTime:0.000589s ]
INFO: [ view_filter ] --END-- [ RunTime:0.000664s ]
INFO: [ app_end ] --START--
INFO: Run Behavior\ShowPageTraceBehavior [ RunTime:0.002560s ]
INFO: [ app_end ] --END-- [ RunTime:0.002684s ]

[ 2015-09-20T17:57:27+08:00 ] ::1 /taobaoke/index.php/Production/scroll.js
INFO: [ app_init ] --START--
INFO: Run Behavior\BuildLiteBehavior [ RunTime:0.000015s ]
INFO: [ app_init ] --END-- [ RunTime:0.000100s ]
NOTIC: [8] Use of undefined constant WEB_ROOT - assumed 'WEB_ROOT' /Applications/XAMPP/xamppfiles/htdocs/taobaoke/Index/Home/Conf/config.php 第 15 行.
NOTIC: [8] Use of undefined constant WEB_ROOT - assumed 'WEB_ROOT' /Applications/XAMPP/xamppfiles/htdocs/taobaoke/Index/Home/Conf/config.php 第 17 行.
INFO: [ app_begin ] --START--
INFO: Run Behavior\ReadHtmlCacheBehavior [ RunTime:0.000412s ]
INFO: [ app_begin ] --END-- [ RunTime:0.000464s ]
NOTIC: [2] session_start(): open(/var/folders/xd/qx5mc1g92kv42frqy6mqjvvc0000gn/T/sess_3d3cbd2f141153b3ed112a2a167d667a, O_RDWR) failed: Permission denied (13) /Applications/XAMPP/xamppfiles/htdocs/taobaoke/ThinkPHP/Common/functions.php 第 1263 行.
ERR: 非法操作:scroll.js

[ 2015-09-20T17:57:27+08:00 ] ::1 /taobaoke/index.php/Production/scroll.js
INFO: [ app_init ] --START--
INFO: Run Behavior\BuildLiteBehavior [ RunTime:0.000013s ]
INFO: [ app_init ] --END-- [ RunTime:0.000061s ]
NOTIC: [8] Use of undefined constant WEB_ROOT - assumed 'WEB_ROOT' /Applications/XAMPP/xamppfiles/htdocs/taobaoke/Index/Home/Conf/config.php 第 15 行.
NOTIC: [8] Use of undefined constant WEB_ROOT - assumed 'WEB_ROOT' /Applications/XAMPP/xamppfiles/htdocs/taobaoke/Index/Home/Conf/config.php 第 17 行.
INFO: [ app_begin ] --START--
INFO: Run Behavior\ReadHtmlCacheBehavior [ RunTime:0.000446s ]
INFO: [ app_begin ] --END-- [ RunTime:0.000513s ]
NOTIC: [2] session_start(): open(/var/folders/xd/qx5mc1g92kv42frqy6mqjvvc0000gn/T/sess_3d3cbd2f141153b3ed112a2a167d667a, O_RDWR) failed: Permission denied (13) /Applications/XAMPP/xamppfiles/htdocs/taobaoke/ThinkPHP/Common/functions.php 第 1263 行.
ERR: 非法操作:scroll.js

[ 2015-09-20T17:57:30+08:00 ] ::1 /taobaoke/index.php/Production/index.html
INFO: [ app_init ] --START--
INFO: Run Behavior\BuildLiteBehavior [ RunTime:0.000012s ]
INFO: [ app_init ] --END-- [ RunTime:0.000058s ]
NOTIC: [8] Use of undefined constant WEB_ROOT - assumed 'WEB_ROOT' /Applications/XAMPP/xamppfiles/htdocs/taobaoke/Index/Home/Conf/config.php 第 15 行.
NOTIC: [8] Use of undefined constant WEB_ROOT - assumed 'WEB_ROOT' /Applications/XAMPP/xamppfiles/htdocs/taobaoke/Index/Home/Conf/config.php 第 17 行.
INFO: [ app_begin ] --START--
INFO: Run Behavior\ReadHtmlCacheBehavior [ RunTime:0.000424s ]
INFO: [ app_begin ] --END-- [ RunTime:0.000482s ]
NOTIC: [2] session_start(): open(/var/folders/xd/qx5mc1g92kv42frqy6mqjvvc0000gn/T/sess_3d3cbd2f141153b3ed112a2a167d667a, O_RDWR) failed: Permission denied (13) /Applications/XAMPP/xamppfiles/htdocs/taobaoke/ThinkPHP/Common/functions.php 第 1263 行.
INFO: [ view_parse ] --START--
INFO: [ template_filter ] --START--
INFO: Run Behavior\ContentReplaceBehavior [ RunTime:0.000057s ]
INFO: [ template_filter ] --END-- [ RunTime:0.000119s ]
INFO: Run Behavior\ParseTemplateBehavior [ RunTime:0.008145s ]
INFO: [ view_parse ] --END-- [ RunTime:0.008213s ]
INFO: [ view_filter ] --START--
INFO: Run Behavior\WriteHtmlCacheBehavior [ RunTime:0.000193s ]
INFO: [ view_filter ] --END-- [ RunTime:0.000233s ]
INFO: [ app_end ] --START--
INFO: Run Behavior\ShowPageTraceBehavior [ RunTime:0.000498s ]
INFO: [ app_end ] --END-- [ RunTime:0.000556s ]

[ 2015-09-20T17:57:30+08:00 ] ::1 /taobaoke/index.php/Production/scroll.js
INFO: [ app_init ] --START--
INFO: Run Behavior\BuildLiteBehavior [ RunTime:0.000012s ]
INFO: [ app_init ] --END-- [ RunTime:0.000053s ]
NOTIC: [8] Use of undefined constant WEB_ROOT - assumed 'WEB_ROOT' /Applications/XAMPP/xamppfiles/htdocs/taobaoke/Index/Home/Conf/config.php 第 15 行.
NOTIC: [8] Use of undefined constant WEB_ROOT - assumed 'WEB_ROOT' /Applications/XAMPP/xamppfiles/htdocs/taobaoke/Index/Home/Conf/config.php 第 17 行.
INFO: [ app_begin ] --START--
INFO: Run Behavior\ReadHtmlCacheBehavior [ RunTime:0.000322s ]
INFO: [ app_begin ] --END-- [ RunTime:0.000359s ]
NOTIC: [2] session_start(): open(/var/folders/xd/qx5mc1g92kv42frqy6mqjvvc0000gn/T/sess_3d3cbd2f141153b3ed112a2a167d667a, O_RDWR) failed: Permission denied (13) /Applications/XAMPP/xamppfiles/htdocs/taobaoke/ThinkPHP/Common/functions.php 第 1263 行.
ERR: 非法操作:scroll.js

[ 2015-09-20T17:57:30+08:00 ] ::1 /taobaoke/index.php/Production/scroll.js
INFO: [ app_init ] --START--
INFO: Run Behavior\BuildLiteBehavior [ RunTime:0.000012s ]
INFO: [ app_init ] --END-- [ RunTime:0.000053s ]
NOTIC: [8] Use of undefined constant WEB_ROOT - assumed 'WEB_ROOT' /Applications/XAMPP/xamppfiles/htdocs/taobaoke/Index/Home/Conf/config.php 第 15 行.
NOTIC: [8] Use of undefined constant WEB_ROOT - assumed 'WEB_ROOT' /Applications/XAMPP/xamppfiles/htdocs/taobaoke/Index/Home/Conf/config.php 第 17 行.
INFO: [ app_begin ] --START--
INFO: Run Behavior\ReadHtmlCacheBehavior [ RunTime:0.000341s ]
INFO: [ app_begin ] --END-- [ RunTime:0.000379s ]
NOTIC: [2] session_start(): open(/var/folders/xd/qx5mc1g92kv42frqy6mqjvvc0000gn/T/sess_3d3cbd2f141153b3ed112a2a167d667a, O_RDWR) failed: Permission denied (13) /Applications/XAMPP/xamppfiles/htdocs/taobaoke/ThinkPHP/Common/functions.php 第 1263 行.
ERR: 非法操作:scroll.js

[ 2015-09-20T17:58:15+08:00 ] ::1 /taobaoke/index.php/Production/index.html
INFO: [ app_init ] --START--
INFO: Run Behavior\BuildLiteBehavior [ RunTime:0.000019s ]
INFO: [ app_init ] --END-- [ RunTime:0.000125s ]
NOTIC: [8] Use of undefined constant WEB_ROOT - assumed 'WEB_ROOT' /Applications/XAMPP/xamppfiles/htdocs/taobaoke/Index/Home/Conf/config.php 第 15 行.
NOTIC: [8] Use of undefined constant WEB_ROOT - assumed 'WEB_ROOT' /Applications/XAMPP/xamppfiles/htdocs/taobaoke/Index/Home/Conf/config.php 第 17 行.
INFO: [ app_begin ] --START--
INFO: Run Behavior\ReadHtmlCacheBehavior [ RunTime:0.000817s ]
INFO: [ app_begin ] --END-- [ RunTime:0.000888s ]
NOTIC: [2] session_start(): open(/var/folders/xd/qx5mc1g92kv42frqy6mqjvvc0000gn/T/sess_3d3cbd2f141153b3ed112a2a167d667a, O_RDWR) failed: Permission denied (13) /Applications/XAMPP/xamppfiles/htdocs/taobaoke/ThinkPHP/Common/functions.php 第 1263 行.
INFO: [ view_parse ] --START--
INFO: [ template_filter ] --START--
INFO: Run Behavior\ContentReplaceBehavior [ RunTime:0.000085s ]
INFO: [ template_filter ] --END-- [ RunTime:0.000178s ]
INFO: Run Behavior\ParseTemplateBehavior [ RunTime:0.014840s ]
INFO: [ view_parse ] --END-- [ RunTime:0.014905s ]
INFO: [ view_filter ] --START--
INFO: Run Behavior\WriteHtmlCacheBehavior [ RunTime:0.000485s ]
INFO: [ view_filter ] --END-- [ RunTime:0.000532s ]
INFO: [ app_end ] --START--
INFO: Run Behavior\ShowPageTraceBehavior [ RunTime:0.000841s ]
INFO: [ app_end ] --END-- [ RunTime:0.000918s ]

[ 2015-09-20T17:58:45+08:00 ] ::1 /taobaoke/index.php/Production/index.html
INFO: [ app_init ] --START--
INFO: Run Behavior\BuildLiteBehavior [ RunTime:0.000013s ]
INFO: [ app_init ] --END-- [ RunTime:0.000057s ]
NOTIC: [8] Use of undefined constant WEB_ROOT - assumed 'WEB_ROOT' /Applications/XAMPP/xamppfiles/htdocs/taobaoke/Index/Home/Conf/config.php 第 15 行.
NOTIC: [8] Use of undefined constant WEB_ROOT - assumed 'WEB_ROOT' /Applications/XAMPP/xamppfiles/htdocs/taobaoke/Index/Home/Conf/config.php 第 17 行.
INFO: [ app_begin ] --START--
INFO: Run Behavior\ReadHtmlCacheBehavior [ RunTime:0.000508s ]
INFO: [ app_begin ] --END-- [ RunTime:0.000580s ]
NOTIC: [2] session_start(): open(/var/folders/xd/qx5mc1g92kv42frqy6mqjvvc0000gn/T/sess_3d3cbd2f141153b3ed112a2a167d667a, O_RDWR) failed: Permission denied (13) /Applications/XAMPP/xamppfiles/htdocs/taobaoke/ThinkPHP/Common/functions.php 第 1263 行.
INFO: [ view_parse ] --START--
INFO: [ template_filter ] --START--
INFO: Run Behavior\ContentReplaceBehavior [ RunTime:0.000093s ]
INFO: [ template_filter ] --END-- [ RunTime:0.000160s ]
INFO: Run Behavior\ParseTemplateBehavior [ RunTime:0.008867s ]
INFO: [ view_parse ] --END-- [ RunTime:0.008917s ]
INFO: [ view_filter ] --START--
INFO: Run Behavior\WriteHtmlCacheBehavior [ RunTime:0.000165s ]
INFO: [ view_filter ] --END-- [ RunTime:0.000203s ]
INFO: [ app_end ] --START--
INFO: Run Behavior\ShowPageTraceBehavior [ RunTime:0.000527s ]
INFO: [ app_end ] --END-- [ RunTime:0.000594s ]

[ 2015-09-20T17:58:49+08:00 ] ::1 /taobaoke/index.php/Shop/index.html
INFO: [ app_init ] --START--
INFO: Run Behavior\BuildLiteBehavior [ RunTime:0.000013s ]
INFO: [ app_init ] --END-- [ RunTime:0.000063s ]
NOTIC: [8] Use of undefined constant WEB_ROOT - assumed 'WEB_ROOT' /Applications/XAMPP/xamppfiles/htdocs/taobaoke/Index/Home/Conf/config.php 第 15 行.
NOTIC: [8] Use of undefined constant WEB_ROOT - assumed 'WEB_ROOT' /Applications/XAMPP/xamppfiles/htdocs/taobaoke/Index/Home/Conf/config.php 第 17 行.
INFO: [ app_begin ] --START--
INFO: Run Behavior\ReadHtmlCacheBehavior [ RunTime:0.000366s ]
INFO: [ app_begin ] --END-- [ RunTime:0.000415s ]
NOTIC: [2] session_start(): open(/var/folders/xd/qx5mc1g92kv42frqy6mqjvvc0000gn/T/sess_b97ac9d8b22de2402ae6b251ca5d1bfc, O_RDWR) failed: Permission denied (13) /Applications/XAMPP/xamppfiles/htdocs/taobaoke/ThinkPHP/Common/functions.php 第 1263 行.
INFO: [ view_parse ] --START--
INFO: [ template_filter ] --START--
INFO: Run Behavior\ContentReplaceBehavior [ RunTime:0.000066s ]
INFO: [ template_filter ] --END-- [ RunTime:0.000135s ]
INFO: Run Behavior\ParseTemplateBehavior [ RunTime:0.009946s ]
INFO: [ view_parse ] --END-- [ RunTime:0.010037s ]
INFO: [ view_filter ] --START--
INFO: Run Behavior\WriteHtmlCacheBehavior [ RunTime:0.000258s ]
INFO: [ view_filter ] --END-- [ RunTime:0.000314s ]
INFO: [ app_end ] --START--
INFO: Run Behavior\ShowPageTraceBehavior [ RunTime:0.000664s ]
INFO: [ app_end ] --END-- [ RunTime:0.000785s ]

[ 2015-09-20T17:58:52+08:00 ] ::1 /taobaoke/index.php/Index/index.html
INFO: [ app_init ] --START--
INFO: Run Behavior\BuildLiteBehavior [ RunTime:0.000046s ]
INFO: [ app_init ] --END-- [ RunTime:0.000378s ]
NOTIC: [8] Use of undefined constant WEB_ROOT - assumed 'WEB_ROOT' /Applications/XAMPP/xamppfiles/htdocs/taobaoke/Index/Home/Conf/config.php 第 15 行.
NOTIC: [8] Use of undefined constant WEB_ROOT - assumed 'WEB_ROOT' /Applications/XAMPP/xamppfiles/htdocs/taobaoke/Index/Home/Conf/config.php 第 17 行.
INFO: [ app_begin ] --START--
INFO: Run Behavior\ReadHtmlCacheBehavior [ RunTime:0.000663s ]
INFO: [ app_begin ] --END-- [ RunTime:0.000765s ]
NOTIC: [2] session_start(): open(/var/folders/xd/qx5mc1g92kv42frqy6mqjvvc0000gn/T/sess_b97ac9d8b22de2402ae6b251ca5d1bfc, O_RDWR) failed: Permission denied (13) /Applications/XAMPP/xamppfiles/htdocs/taobaoke/ThinkPHP/Common/functions.php 第 1263 行.
INFO: [ view_parse ] --START--
INFO: [ template_filter ] --START--
INFO: Run Behavior\ContentReplaceBehavior [ RunTime:0.000038s ]
INFO: [ template_filter ] --END-- [ RunTime:0.000089s ]
INFO: Run Behavior\ParseTemplateBehavior [ RunTime:0.016309s ]
INFO: [ view_parse ] --END-- [ RunTime:0.016363s ]
INFO: [ view_filter ] --START--
INFO: Run Behavior\WriteHtmlCacheBehavior [ RunTime:0.000135s ]
INFO: [ view_filter ] --END-- [ RunTime:0.000173s ]
INFO: [ app_end ] --START--
INFO: Run Behavior\ShowPageTraceBehavior [ RunTime:0.000336s ]
INFO: [ app_end ] --END-- [ RunTime:0.000367s ]

[ 2015-09-20T17:58:55+08:00 ] ::1 /taobaoke/index.php/Production/index.html
INFO: [ app_init ] --START--
INFO: Run Behavior\BuildLiteBehavior [ RunTime:0.000012s ]
INFO: [ app_init ] --END-- [ RunTime:0.000051s ]
NOTIC: [8] Use of undefined constant WEB_ROOT - assumed 'WEB_ROOT' /Applications/XAMPP/xamppfiles/htdocs/taobaoke/Index/Home/Conf/config.php 第 15 行.
NOTIC: [8] Use of undefined constant WEB_ROOT - assumed 'WEB_ROOT' /Applications/XAMPP/xamppfiles/htdocs/taobaoke/Index/Home/Conf/config.php 第 17 行.
INFO: [ app_begin ] --START--
INFO: Run Behavior\ReadHtmlCacheBehavior [ RunTime:0.000404s ]
INFO: [ app_begin ] --END-- [ RunTime:0.000460s ]
NOTIC: [2] session_start(): open(/var/folders/xd/qx5mc1g92kv42frqy6mqjvvc0000gn/T/sess_b97ac9d8b22de2402ae6b251ca5d1bfc, O_RDWR) failed: Permission denied (13) /Applications/XAMPP/xamppfiles/htdocs/taobaoke/ThinkPHP/Common/functions.php 第 1263 行.
INFO: [ view_parse ] --START--
INFO: [ template_filter ] --START--
INFO: Run Behavior\ContentReplaceBehavior [ RunTime:0.000081s ]
INFO: [ template_filter ] --END-- [ RunTime:0.000171s ]
INFO: Run Behavior\ParseTemplateBehavior [ RunTime:0.008303s ]
INFO: [ view_parse ] --END-- [ RunTime:0.008392s ]
INFO: [ view_filter ] --START--
INFO: Run Behavior\WriteHtmlCacheBehavior [ RunTime:0.000227s ]
INFO: [ view_filter ] --END-- [ RunTime:0.000269s ]
INFO: [ app_end ] --START--
INFO: Run Behavior\ShowPageTraceBehavior [ RunTime:0.000851s ]
INFO: [ app_end ] --END-- [ RunTime:0.000958s ]

[ 2015-09-20T17:58:58+08:00 ] ::1 /taobaoke/index.php/Production/pager_test_orange_color.html?pno=4
INFO: [ app_init ] --START--
INFO: Run Behavior\BuildLiteBehavior [ RunTime:0.000010s ]
INFO: [ app_init ] --END-- [ RunTime:0.000046s ]
NOTIC: [8] Use of undefined constant WEB_ROOT - assumed 'WEB_ROOT' /Applications/XAMPP/xamppfiles/htdocs/taobaoke/Index/Home/Conf/config.php 第 15 行.
NOTIC: [8] Use of undefined constant WEB_ROOT - assumed 'WEB_ROOT' /Applications/XAMPP/xamppfiles/htdocs/taobaoke/Index/Home/Conf/config.php 第 17 行.
INFO: [ app_begin ] --START--
INFO: Run Behavior\ReadHtmlCacheBehavior [ RunTime:0.000308s ]
INFO: [ app_begin ] --END-- [ RunTime:0.000343s ]
NOTIC: [2] session_start(): open(/var/folders/xd/qx5mc1g92kv42frqy6mqjvvc0000gn/T/sess_b97ac9d8b22de2402ae6b251ca5d1bfc, O_RDWR) failed: Permission denied (13) /Applications/XAMPP/xamppfiles/htdocs/taobaoke/ThinkPHP/Common/functions.php 第 1263 行.
ERR: 非法操作:pager_test_orange_color

[ 2015-09-20T17:59:23+08:00 ] ::1 /taobaoke/index.php/Production/pager_test_orange_color.html?pno=4
INFO: [ app_init ] --START--
INFO: Run Behavior\BuildLiteBehavior [ RunTime:0.000009s ]
INFO: [ app_init ] --END-- [ RunTime:0.000069s ]
NOTIC: [8] Use of undefined constant WEB_ROOT - assumed 'WEB_ROOT' /Applications/XAMPP/xamppfiles/htdocs/taobaoke/Index/Home/Conf/config.php 第 15 行.
NOTIC: [8] Use of undefined constant WEB_ROOT - assumed 'WEB_ROOT' /Applications/XAMPP/xamppfiles/htdocs/taobaoke/Index/Home/Conf/config.php 第 17 行.
INFO: [ app_begin ] --START--
INFO: Run Behavior\ReadHtmlCacheBehavior [ RunTime:0.000387s ]
INFO: [ app_begin ] --END-- [ RunTime:0.000432s ]
NOTIC: [2] session_start(): open(/var/folders/xd/qx5mc1g92kv42frqy6mqjvvc0000gn/T/sess_b97ac9d8b22de2402ae6b251ca5d1bfc, O_RDWR) failed: Permission denied (13) /Applications/XAMPP/xamppfiles/htdocs/taobaoke/ThinkPHP/Common/functions.php 第 1263 行.
ERR: 非法操作:pager_test_orange_color

[ 2015-09-20T17:59:26+08:00 ] ::1 /taobaoke/index.php/Production/pager_test_orange_color.html?pno=4
INFO: [ app_init ] --START--
INFO: Run Behavior\BuildLiteBehavior [ RunTime:0.000012s ]
INFO: [ app_init ] --END-- [ RunTime:0.000058s ]
NOTIC: [8] Use of undefined constant WEB_ROOT - assumed 'WEB_ROOT' /Applications/XAMPP/xamppfiles/htdocs/taobaoke/Index/Home/Conf/config.php 第 15 行.
NOTIC: [8] Use of undefined constant WEB_ROOT - assumed 'WEB_ROOT' /Applications/XAMPP/xamppfiles/htdocs/taobaoke/Index/Home/Conf/config.php 第 17 行.
INFO: [ app_begin ] --START--
INFO: Run Behavior\ReadHtmlCacheBehavior [ RunTime:0.000374s ]
INFO: [ app_begin ] --END-- [ RunTime:0.000414s ]
NOTIC: [2] session_start(): open(/var/folders/xd/qx5mc1g92kv42frqy6mqjvvc0000gn/T/sess_b97ac9d8b22de2402ae6b251ca5d1bfc, O_RDWR) failed: Permission denied (13) /Applications/XAMPP/xamppfiles/htdocs/taobaoke/ThinkPHP/Common/functions.php 第 1263 行.
ERR: 非法操作:pager_test_orange_color

