[ 2015-09-17T22:07:49+08:00 ] ::1 /ucreate-pcb-co/admin.php
INFO: [ app_init ] --START--
INFO: Run Behavior\BuildLiteBehavior [ RunTime:0.000021s ]
INFO: [ app_init ] --END-- [ RunTime:0.000153s ]
INFO: [ app_begin ] --START--
INFO: Run Behavior\ReadHtmlCacheBehavior [ RunTime:0.001328s ]
INFO: [ app_begin ] --END-- [ RunTime:0.001438s ]
NOTIC: [2] session_start(): open(/var/folders/xd/qx5mc1g92kv42frqy6mqjvvc0000gn/T/sess_f4ea552a96a8f77e09ea53dd79ba89ec, O_RDWR) failed: Permission denied (13) /Applications/XAMPP/xamppfiles/htdocs/ucreate-pcb-co/ThinkPHP/Common/functions.php 第 1263 行.
NOTIC: [8] session_start(): ps_files_cleanup_dir: opendir(/var/folders/xd/qx5mc1g92kv42frqy6mqjvvc0000gn/T) failed: Permission denied (13) /Applications/XAMPP/xamppfiles/htdocs/ucreate-pcb-co/ThinkPHP/Common/functions.php 第 1263 行.
INFO: [ view_parse ] --START--
INFO: [ template_filter ] --START--
INFO: Run Behavior\ContentReplaceBehavior [ RunTime:0.000041s ]
INFO: [ template_filter ] --END-- [ RunTime:0.000130s ]
INFO: Run Behavior\ParseTemplateBehavior [ RunTime:0.008249s ]
INFO: [ view_parse ] --END-- [ RunTime:0.008389s ]
INFO: [ view_filter ] --START--
INFO: Run Behavior\WriteHtmlCacheBehavior [ RunTime:0.000282s ]
INFO: [ view_filter ] --END-- [ RunTime:0.000356s ]
INFO: [ app_end ] --START--
INFO: Run Behavior\ShowPageTraceBehavior [ RunTime:0.000730s ]
INFO: [ app_end ] --END-- [ RunTime:0.000811s ]

[ 2015-09-17T22:11:13+08:00 ] ::1 /ucreate-pcb-co/admin.php
INFO: [ app_init ] --START--
INFO: Run Behavior\BuildLiteBehavior [ RunTime:0.000017s ]
INFO: [ app_init ] --END-- [ RunTime:0.000334s ]
NOTIC: [2] include(Common/Conf/db_config.php): failed to open stream: No such file or directory /Applications/XAMPP/xamppfiles/htdocs/ucreate-pcb-co/Admin/Home/Conf/config.php 第 2 行.
NOTIC: [2] include(): Failed opening 'Common/Conf/db_config.php' for inclusion (include_path='.:/Applications/XAMPP/xamppfiles/lib/php') /Applications/XAMPP/xamppfiles/htdocs/ucreate-pcb-co/Admin/Home/Conf/config.php 第 2 行.
NOTIC: [8] Use of undefined constant WEB_ROOT - assumed 'WEB_ROOT' /Applications/XAMPP/xamppfiles/htdocs/ucreate-pcb-co/Admin/Home/Conf/config.php 第 15 行.
NOTIC: [8] Use of undefined constant WEB_ROOT - assumed 'WEB_ROOT' /Applications/XAMPP/xamppfiles/htdocs/ucreate-pcb-co/Admin/Home/Conf/config.php 第 17 行.
NOTIC: [2] array_merge(): Argument #2 is not an array /Applications/XAMPP/xamppfiles/htdocs/ucreate-pcb-co/Admin/Home/Conf/config.php 第 23 行.
INFO: [ app_begin ] --START--
INFO: Run Behavior\ReadHtmlCacheBehavior [ RunTime:0.000831s ]
INFO: [ app_begin ] --END-- [ RunTime:0.000926s ]
NOTIC: [2] session_start(): open(/var/folders/xd/qx5mc1g92kv42frqy6mqjvvc0000gn/T/sess_f4ea552a96a8f77e09ea53dd79ba89ec, O_RDWR) failed: Permission denied (13) /Applications/XAMPP/xamppfiles/htdocs/ucreate-pcb-co/ThinkPHP/Common/functions.php 第 1263 行.
INFO: [ view_parse ] --START--
INFO: Run Behavior\ParseTemplateBehavior [ RunTime:0.000290s ]
INFO: [ view_parse ] --END-- [ RunTime:0.000363s ]
INFO: [ view_filter ] --START--
INFO: Run Behavior\WriteHtmlCacheBehavior [ RunTime:0.000191s ]
INFO: [ view_filter ] --END-- [ RunTime:0.000245s ]
INFO: [ app_end ] --START--
INFO: Run Behavior\ShowPageTraceBehavior [ RunTime:0.000667s ]
INFO: [ app_end ] --END-- [ RunTime:0.000732s ]

[ 2015-09-17T22:11:45+08:00 ] ::1 /ucreate-pcb-co/admin.php
INFO: [ app_init ] --START--
INFO: Run Behavior\BuildLiteBehavior [ RunTime:0.000018s ]
INFO: [ app_init ] --END-- [ RunTime:0.000352s ]
NOTIC: [2] include(Common/Conf/db_config.php): failed to open stream: No such file or directory /Applications/XAMPP/xamppfiles/htdocs/ucreate-pcb-co/Admin/Home/Conf/config.php 第 2 行.
NOTIC: [2] include(): Failed opening 'Common/Conf/db_config.php' for inclusion (include_path='.:/Applications/XAMPP/xamppfiles/lib/php') /Applications/XAMPP/xamppfiles/htdocs/ucreate-pcb-co/Admin/Home/Conf/config.php 第 2 行.
NOTIC: [8] Use of undefined constant WEB_ROOT - assumed 'WEB_ROOT' /Applications/XAMPP/xamppfiles/htdocs/ucreate-pcb-co/Admin/Home/Conf/config.php 第 15 行.
NOTIC: [8] Use of undefined constant WEB_ROOT - assumed 'WEB_ROOT' /Applications/XAMPP/xamppfiles/htdocs/ucreate-pcb-co/Admin/Home/Conf/config.php 第 17 行.
NOTIC: [2] array_merge(): Argument #2 is not an array /Applications/XAMPP/xamppfiles/htdocs/ucreate-pcb-co/Admin/Home/Conf/config.php 第 23 行.
INFO: [ app_begin ] --START--
INFO: Run Behavior\ReadHtmlCacheBehavior [ RunTime:0.000366s ]
INFO: [ app_begin ] --END-- [ RunTime:0.000407s ]
NOTIC: [2] session_start(): open(/var/folders/xd/qx5mc1g92kv42frqy6mqjvvc0000gn/T/sess_f4ea552a96a8f77e09ea53dd79ba89ec, O_RDWR) failed: Permission denied (13) /Applications/XAMPP/xamppfiles/htdocs/ucreate-pcb-co/ThinkPHP/Common/functions.php 第 1263 行.
INFO: [ app_end ] --START--
INFO: Run Behavior\ShowPageTraceBehavior [ RunTime:0.000385s ]
INFO: [ app_end ] --END-- [ RunTime:0.000421s ]

[ 2015-09-17T22:20:15+08:00 ] ::1 /ucreate-pcb-co/admin.php
INFO: [ app_init ] --START--
INFO: Run Behavior\BuildLiteBehavior [ RunTime:0.000023s ]
INFO: [ app_init ] --END-- [ RunTime:0.000878s ]
NOTIC: [2] include(Common/Conf/db_config.php): failed to open stream: No such file or directory /Applications/XAMPP/xamppfiles/htdocs/ucreate-pcb-co/Admin/Home/Conf/config.php 第 2 行.
NOTIC: [2] include(): Failed opening 'Common/Conf/db_config.php' for inclusion (include_path='.:/Applications/XAMPP/xamppfiles/lib/php') /Applications/XAMPP/xamppfiles/htdocs/ucreate-pcb-co/Admin/Home/Conf/config.php 第 2 行.
NOTIC: [8] Use of undefined constant WEB_ROOT - assumed 'WEB_ROOT' /Applications/XAMPP/xamppfiles/htdocs/ucreate-pcb-co/Admin/Home/Conf/config.php 第 15 行.
NOTIC: [8] Use of undefined constant WEB_ROOT - assumed 'WEB_ROOT' /Applications/XAMPP/xamppfiles/htdocs/ucreate-pcb-co/Admin/Home/Conf/config.php 第 17 行.
NOTIC: [2] array_merge(): Argument #2 is not an array /Applications/XAMPP/xamppfiles/htdocs/ucreate-pcb-co/Admin/Home/Conf/config.php 第 23 行.
INFO: [ app_begin ] --START--
INFO: Run Behavior\ReadHtmlCacheBehavior [ RunTime:0.000872s ]
INFO: [ app_begin ] --END-- [ RunTime:0.000966s ]
NOTIC: [2] session_start(): open(/var/folders/xd/qx5mc1g92kv42frqy6mqjvvc0000gn/T/sess_f4ea552a96a8f77e09ea53dd79ba89ec, O_RDWR) failed: Permission denied (13) /Applications/XAMPP/xamppfiles/htdocs/ucreate-pcb-co/ThinkPHP/Common/functions.php 第 1263 行.
INFO: [ view_parse ] --START--
INFO: [ template_filter ] --START--
INFO: Run Behavior\ContentReplaceBehavior [ RunTime:0.000057s ]
INFO: [ template_filter ] --END-- [ RunTime:0.000115s ]
INFO: Run Behavior\ParseTemplateBehavior [ RunTime:0.072457s ]
INFO: [ view_parse ] --END-- [ RunTime:0.072560s ]
INFO: [ view_filter ] --START--
INFO: Run Behavior\WriteHtmlCacheBehavior [ RunTime:0.000529s ]
INFO: [ view_filter ] --END-- [ RunTime:0.000574s ]
INFO: [ app_end ] --START--
INFO: Run Behavior\ShowPageTraceBehavior [ RunTime:0.000884s ]
INFO: [ app_end ] --END-- [ RunTime:0.000940s ]

[ 2015-09-17T22:20:16+08:00 ] ::1 /ucreate-pcb-co/admin.php/Home/Webinfo/index.html
INFO: [ app_init ] --START--
INFO: Run Behavior\BuildLiteBehavior [ RunTime:0.000012s ]
INFO: [ app_init ] --END-- [ RunTime:0.000294s ]
NOTIC: [2] include(Common/Conf/db_config.php): failed to open stream: No such file or directory /Applications/XAMPP/xamppfiles/htdocs/ucreate-pcb-co/Admin/Home/Conf/config.php 第 2 行.
NOTIC: [2] include(): Failed opening 'Common/Conf/db_config.php' for inclusion (include_path='.:/Applications/XAMPP/xamppfiles/lib/php') /Applications/XAMPP/xamppfiles/htdocs/ucreate-pcb-co/Admin/Home/Conf/config.php 第 2 行.
NOTIC: [8] Use of undefined constant WEB_ROOT - assumed 'WEB_ROOT' /Applications/XAMPP/xamppfiles/htdocs/ucreate-pcb-co/Admin/Home/Conf/config.php 第 15 行.
NOTIC: [8] Use of undefined constant WEB_ROOT - assumed 'WEB_ROOT' /Applications/XAMPP/xamppfiles/htdocs/ucreate-pcb-co/Admin/Home/Conf/config.php 第 17 行.
NOTIC: [2] array_merge(): Argument #2 is not an array /Applications/XAMPP/xamppfiles/htdocs/ucreate-pcb-co/Admin/Home/Conf/config.php 第 23 行.
INFO: [ app_begin ] --START--
INFO: Run Behavior\ReadHtmlCacheBehavior [ RunTime:0.000408s ]
INFO: [ app_begin ] --END-- [ RunTime:0.000578s ]
NOTIC: [2] session_start(): open(/var/folders/xd/qx5mc1g92kv42frqy6mqjvvc0000gn/T/sess_f4ea552a96a8f77e09ea53dd79ba89ec, O_RDWR) failed: Permission denied (13) /Applications/XAMPP/xamppfiles/htdocs/ucreate-pcb-co/ThinkPHP/Common/functions.php 第 1263 行.
ERR: 无法加载控制器:Webinfo

[ 2015-09-17T22:20:16+08:00 ] ::1 /ucreate-pcb-co/admin.php/Home/Index/getApplicationCount.html
INFO: [ app_init ] --START--
INFO: Run Behavior\BuildLiteBehavior [ RunTime:0.000012s ]
INFO: [ app_init ] --END-- [ RunTime:0.000264s ]
NOTIC: [2] include(Common/Conf/db_config.php): failed to open stream: No such file or directory /Applications/XAMPP/xamppfiles/htdocs/ucreate-pcb-co/Admin/Home/Conf/config.php 第 2 行.
NOTIC: [2] include(): Failed opening 'Common/Conf/db_config.php' for inclusion (include_path='.:/Applications/XAMPP/xamppfiles/lib/php') /Applications/XAMPP/xamppfiles/htdocs/ucreate-pcb-co/Admin/Home/Conf/config.php 第 2 行.
NOTIC: [8] Use of undefined constant WEB_ROOT - assumed 'WEB_ROOT' /Applications/XAMPP/xamppfiles/htdocs/ucreate-pcb-co/Admin/Home/Conf/config.php 第 15 行.
NOTIC: [8] Use of undefined constant WEB_ROOT - assumed 'WEB_ROOT' /Applications/XAMPP/xamppfiles/htdocs/ucreate-pcb-co/Admin/Home/Conf/config.php 第 17 行.
NOTIC: [2] array_merge(): Argument #2 is not an array /Applications/XAMPP/xamppfiles/htdocs/ucreate-pcb-co/Admin/Home/Conf/config.php 第 23 行.
INFO: [ app_begin ] --START--
INFO: Run Behavior\ReadHtmlCacheBehavior [ RunTime:0.000344s ]
INFO: [ app_begin ] --END-- [ RunTime:0.000384s ]
NOTIC: [2] session_start(): open(/var/folders/xd/qx5mc1g92kv42frqy6mqjvvc0000gn/T/sess_f4ea552a96a8f77e09ea53dd79ba89ec, O_RDWR) failed: Permission denied (13) /Applications/XAMPP/xamppfiles/htdocs/ucreate-pcb-co/ThinkPHP/Common/functions.php 第 1263 行.
ERR: 非法操作:getApplicationCount

[ 2015-09-17T22:20:20+08:00 ] ::1 /ucreate-pcb-co/admin.php/Home/Index/help.html
INFO: [ app_init ] --START--
INFO: Run Behavior\BuildLiteBehavior [ RunTime:0.000012s ]
INFO: [ app_init ] --END-- [ RunTime:0.000240s ]
NOTIC: [2] include(Common/Conf/db_config.php): failed to open stream: No such file or directory /Applications/XAMPP/xamppfiles/htdocs/ucreate-pcb-co/Admin/Home/Conf/config.php 第 2 行.
NOTIC: [2] include(): Failed opening 'Common/Conf/db_config.php' for inclusion (include_path='.:/Applications/XAMPP/xamppfiles/lib/php') /Applications/XAMPP/xamppfiles/htdocs/ucreate-pcb-co/Admin/Home/Conf/config.php 第 2 行.
NOTIC: [8] Use of undefined constant WEB_ROOT - assumed 'WEB_ROOT' /Applications/XAMPP/xamppfiles/htdocs/ucreate-pcb-co/Admin/Home/Conf/config.php 第 15 行.
NOTIC: [8] Use of undefined constant WEB_ROOT - assumed 'WEB_ROOT' /Applications/XAMPP/xamppfiles/htdocs/ucreate-pcb-co/Admin/Home/Conf/config.php 第 17 行.
NOTIC: [2] array_merge(): Argument #2 is not an array /Applications/XAMPP/xamppfiles/htdocs/ucreate-pcb-co/Admin/Home/Conf/config.php 第 23 行.
INFO: [ app_begin ] --START--
INFO: Run Behavior\ReadHtmlCacheBehavior [ RunTime:0.000389s ]
INFO: [ app_begin ] --END-- [ RunTime:0.000430s ]
NOTIC: [2] session_start(): open(/var/folders/xd/qx5mc1g92kv42frqy6mqjvvc0000gn/T/sess_f4ea552a96a8f77e09ea53dd79ba89ec, O_RDWR) failed: Permission denied (13) /Applications/XAMPP/xamppfiles/htdocs/ucreate-pcb-co/ThinkPHP/Common/functions.php 第 1263 行.
ERR: 非法操作:help

[ 2015-09-17T22:20:20+08:00 ] ::1 /ucreate-pcb-co/admin.php
INFO: [ app_init ] --START--
INFO: Run Behavior\BuildLiteBehavior [ RunTime:0.000013s ]
INFO: [ app_init ] --END-- [ RunTime:0.000349s ]
NOTIC: [2] include(Common/Conf/db_config.php): failed to open stream: No such file or directory /Applications/XAMPP/xamppfiles/htdocs/ucreate-pcb-co/Admin/Home/Conf/config.php 第 2 行.
NOTIC: [2] include(): Failed opening 'Common/Conf/db_config.php' for inclusion (include_path='.:/Applications/XAMPP/xamppfiles/lib/php') /Applications/XAMPP/xamppfiles/htdocs/ucreate-pcb-co/Admin/Home/Conf/config.php 第 2 行.
NOTIC: [8] Use of undefined constant WEB_ROOT - assumed 'WEB_ROOT' /Applications/XAMPP/xamppfiles/htdocs/ucreate-pcb-co/Admin/Home/Conf/config.php 第 15 行.
NOTIC: [8] Use of undefined constant WEB_ROOT - assumed 'WEB_ROOT' /Applications/XAMPP/xamppfiles/htdocs/ucreate-pcb-co/Admin/Home/Conf/config.php 第 17 行.
NOTIC: [2] array_merge(): Argument #2 is not an array /Applications/XAMPP/xamppfiles/htdocs/ucreate-pcb-co/Admin/Home/Conf/config.php 第 23 行.
INFO: [ app_begin ] --START--
INFO: Run Behavior\ReadHtmlCacheBehavior [ RunTime:0.000303s ]
INFO: [ app_begin ] --END-- [ RunTime:0.000336s ]
NOTIC: [2] session_start(): open(/var/folders/xd/qx5mc1g92kv42frqy6mqjvvc0000gn/T/sess_f4ea552a96a8f77e09ea53dd79ba89ec, O_RDWR) failed: Permission denied (13) /Applications/XAMPP/xamppfiles/htdocs/ucreate-pcb-co/ThinkPHP/Common/functions.php 第 1263 行.
INFO: [ view_parse ] --START--
INFO: [ template_filter ] --START--
INFO: Run Behavior\ContentReplaceBehavior [ RunTime:0.000034s ]
INFO: [ template_filter ] --END-- [ RunTime:0.000068s ]
INFO: Run Behavior\ParseTemplateBehavior [ RunTime:0.005406s ]
INFO: [ view_parse ] --END-- [ RunTime:0.005438s ]
INFO: [ view_filter ] --START--
INFO: Run Behavior\WriteHtmlCacheBehavior [ RunTime:0.000097s ]
INFO: [ view_filter ] --END-- [ RunTime:0.000123s ]
INFO: [ app_end ] --START--
INFO: Run Behavior\ShowPageTraceBehavior [ RunTime:0.000400s ]
INFO: [ app_end ] --END-- [ RunTime:0.000445s ]

[ 2015-09-17T22:20:20+08:00 ] ::1 /ucreate-pcb-co/admin.php/Home/Webinfo/index.html
INFO: [ app_init ] --START--
INFO: Run Behavior\BuildLiteBehavior [ RunTime:0.000012s ]
INFO: [ app_init ] --END-- [ RunTime:0.000255s ]
NOTIC: [2] include(Common/Conf/db_config.php): failed to open stream: No such file or directory /Applications/XAMPP/xamppfiles/htdocs/ucreate-pcb-co/Admin/Home/Conf/config.php 第 2 行.
NOTIC: [2] include(): Failed opening 'Common/Conf/db_config.php' for inclusion (include_path='.:/Applications/XAMPP/xamppfiles/lib/php') /Applications/XAMPP/xamppfiles/htdocs/ucreate-pcb-co/Admin/Home/Conf/config.php 第 2 行.
NOTIC: [8] Use of undefined constant WEB_ROOT - assumed 'WEB_ROOT' /Applications/XAMPP/xamppfiles/htdocs/ucreate-pcb-co/Admin/Home/Conf/config.php 第 15 行.
NOTIC: [8] Use of undefined constant WEB_ROOT - assumed 'WEB_ROOT' /Applications/XAMPP/xamppfiles/htdocs/ucreate-pcb-co/Admin/Home/Conf/config.php 第 17 行.
NOTIC: [2] array_merge(): Argument #2 is not an array /Applications/XAMPP/xamppfiles/htdocs/ucreate-pcb-co/Admin/Home/Conf/config.php 第 23 行.
INFO: [ app_begin ] --START--
INFO: Run Behavior\ReadHtmlCacheBehavior [ RunTime:0.000502s ]
INFO: [ app_begin ] --END-- [ RunTime:0.000557s ]
NOTIC: [2] session_start(): open(/var/folders/xd/qx5mc1g92kv42frqy6mqjvvc0000gn/T/sess_f4ea552a96a8f77e09ea53dd79ba89ec, O_RDWR) failed: Permission denied (13) /Applications/XAMPP/xamppfiles/htdocs/ucreate-pcb-co/ThinkPHP/Common/functions.php 第 1263 行.
ERR: 无法加载控制器:Webinfo

[ 2015-09-17T22:20:21+08:00 ] ::1 /ucreate-pcb-co/admin.php/Home/Index/getApplicationCount.html
INFO: [ app_init ] --START--
INFO: Run Behavior\BuildLiteBehavior [ RunTime:0.000011s ]
INFO: [ app_init ] --END-- [ RunTime:0.000237s ]
NOTIC: [2] include(Common/Conf/db_config.php): failed to open stream: No such file or directory /Applications/XAMPP/xamppfiles/htdocs/ucreate-pcb-co/Admin/Home/Conf/config.php 第 2 行.
NOTIC: [2] include(): Failed opening 'Common/Conf/db_config.php' for inclusion (include_path='.:/Applications/XAMPP/xamppfiles/lib/php') /Applications/XAMPP/xamppfiles/htdocs/ucreate-pcb-co/Admin/Home/Conf/config.php 第 2 行.
NOTIC: [8] Use of undefined constant WEB_ROOT - assumed 'WEB_ROOT' /Applications/XAMPP/xamppfiles/htdocs/ucreate-pcb-co/Admin/Home/Conf/config.php 第 15 行.
NOTIC: [8] Use of undefined constant WEB_ROOT - assumed 'WEB_ROOT' /Applications/XAMPP/xamppfiles/htdocs/ucreate-pcb-co/Admin/Home/Conf/config.php 第 17 行.
NOTIC: [2] array_merge(): Argument #2 is not an array /Applications/XAMPP/xamppfiles/htdocs/ucreate-pcb-co/Admin/Home/Conf/config.php 第 23 行.
INFO: [ app_begin ] --START--
INFO: Run Behavior\ReadHtmlCacheBehavior [ RunTime:0.000319s ]
INFO: [ app_begin ] --END-- [ RunTime:0.000353s ]
NOTIC: [2] session_start(): open(/var/folders/xd/qx5mc1g92kv42frqy6mqjvvc0000gn/T/sess_f4ea552a96a8f77e09ea53dd79ba89ec, O_RDWR) failed: Permission denied (13) /Applications/XAMPP/xamppfiles/htdocs/ucreate-pcb-co/ThinkPHP/Common/functions.php 第 1263 行.
ERR: 非法操作:getApplicationCount

[ 2015-09-17T22:20:22+08:00 ] ::1 /ucreate-pcb-co/admin.php/Home/Webinfo/index.html
INFO: [ app_init ] --START--
INFO: Run Behavior\BuildLiteBehavior [ RunTime:0.000016s ]
INFO: [ app_init ] --END-- [ RunTime:0.000311s ]
NOTIC: [2] include(Common/Conf/db_config.php): failed to open stream: No such file or directory /Applications/XAMPP/xamppfiles/htdocs/ucreate-pcb-co/Admin/Home/Conf/config.php 第 2 行.
NOTIC: [2] include(): Failed opening 'Common/Conf/db_config.php' for inclusion (include_path='.:/Applications/XAMPP/xamppfiles/lib/php') /Applications/XAMPP/xamppfiles/htdocs/ucreate-pcb-co/Admin/Home/Conf/config.php 第 2 行.
NOTIC: [8] Use of undefined constant WEB_ROOT - assumed 'WEB_ROOT' /Applications/XAMPP/xamppfiles/htdocs/ucreate-pcb-co/Admin/Home/Conf/config.php 第 15 行.
NOTIC: [8] Use of undefined constant WEB_ROOT - assumed 'WEB_ROOT' /Applications/XAMPP/xamppfiles/htdocs/ucreate-pcb-co/Admin/Home/Conf/config.php 第 17 行.
NOTIC: [2] array_merge(): Argument #2 is not an array /Applications/XAMPP/xamppfiles/htdocs/ucreate-pcb-co/Admin/Home/Conf/config.php 第 23 行.
INFO: [ app_begin ] --START--
INFO: Run Behavior\ReadHtmlCacheBehavior [ RunTime:0.000416s ]
INFO: [ app_begin ] --END-- [ RunTime:0.000514s ]
NOTIC: [2] session_start(): open(/var/folders/xd/qx5mc1g92kv42frqy6mqjvvc0000gn/T/sess_f4ea552a96a8f77e09ea53dd79ba89ec, O_RDWR) failed: Permission denied (13) /Applications/XAMPP/xamppfiles/htdocs/ucreate-pcb-co/ThinkPHP/Common/functions.php 第 1263 行.
ERR: 无法加载控制器:Webinfo

