[ 2015-10-03T00:01:36+08:00 ] ::1 /ucreate-pcb-co/admin.php/Operation/user.html
INFO: [ app_init ] --START--
INFO: Run Behavior\BuildLiteBehavior [ RunTime:0.000023s ]
INFO: [ app_init ] --END-- [ RunTime:0.008405s ]
NOTIC: [8] Use of undefined constant WEB_ROOT - assumed 'WEB_ROOT' /Applications/XAMPP/xamppfiles/htdocs/ucreate-pcb-co/Admin/Home/Conf/config.php 第 15 行.
NOTIC: [8] Use of undefined constant WEB_ROOT - assumed 'WEB_ROOT' /Applications/XAMPP/xamppfiles/htdocs/ucreate-pcb-co/Admin/Home/Conf/config.php 第 17 行.
INFO: [ app_begin ] --START--
INFO: Run Behavior\ReadHtmlCacheBehavior [ RunTime:0.000817s ]
INFO: [ app_begin ] --END-- [ RunTime:0.000878s ]
SQL: SHOW COLUMNS FROM `uc_webinfo` [ RunTime:0.0427s ]
SQL: SELECT * FROM `uc_webinfo` WHERE `type` = 'NAME' LIMIT 1   [ RunTime:0.0004s ]
SQL: SELECT * FROM `uc_webinfo` WHERE `type` = 'BEIAN' LIMIT 1   [ RunTime:0.0003s ]
SQL: SELECT * FROM `uc_webinfo` WHERE `type` = 'TELEPHONE' LIMIT 1   [ RunTime:0.0003s ]
SQL: SELECT * FROM `uc_webinfo` WHERE `type` = 'FAX' LIMIT 1   [ RunTime:0.0002s ]
SQL: SELECT * FROM `uc_webinfo` WHERE `type` = 'EMAIL' LIMIT 1   [ RunTime:0.0002s ]
SQL: SELECT * FROM `uc_webinfo` WHERE `type` = 'WEBSITE' LIMIT 1   [ RunTime:0.0002s ]
SQL: SELECT * FROM `uc_webinfo` WHERE `type` = 'OFFICE' LIMIT 1   [ RunTime:0.0002s ]
SQL: SELECT * FROM `uc_webinfo` WHERE `type` = 'FACTORYSHENZHEN' LIMIT 1   [ RunTime:0.0002s ]
SQL: SELECT * FROM `uc_webinfo` WHERE `type` = 'FACTORYHUIZHOU' LIMIT 1   [ RunTime:0.0002s ]
INFO: [ view_parse ] --START--
INFO: [ template_filter ] --START--
INFO: Run Behavior\ContentReplaceBehavior [ RunTime:0.000066s ]
INFO: [ template_filter ] --END-- [ RunTime:0.000137s ]
INFO: Run Behavior\ParseTemplateBehavior [ RunTime:0.042735s ]
INFO: [ view_parse ] --END-- [ RunTime:0.042838s ]
INFO: [ view_filter ] --START--
INFO: Run Behavior\WriteHtmlCacheBehavior [ RunTime:0.011324s ]
INFO: [ view_filter ] --END-- [ RunTime:0.011390s ]
INFO: [ app_end ] --START--
INFO: Run Behavior\ShowPageTraceBehavior [ RunTime:0.011344s ]
INFO: [ app_end ] --END-- [ RunTime:0.011408s ]

[ 2015-10-03T00:01:37+08:00 ] ::1 /ucreate-pcb-co/admin.php/Operation/user_handle.html?id=8
INFO: [ app_init ] --START--
INFO: Run Behavior\BuildLiteBehavior [ RunTime:0.000013s ]
INFO: [ app_init ] --END-- [ RunTime:0.000271s ]
NOTIC: [8] Use of undefined constant WEB_ROOT - assumed 'WEB_ROOT' /Applications/XAMPP/xamppfiles/htdocs/ucreate-pcb-co/Admin/Home/Conf/config.php 第 15 行.
NOTIC: [8] Use of undefined constant WEB_ROOT - assumed 'WEB_ROOT' /Applications/XAMPP/xamppfiles/htdocs/ucreate-pcb-co/Admin/Home/Conf/config.php 第 17 行.
INFO: [ app_begin ] --START--
INFO: Run Behavior\ReadHtmlCacheBehavior [ RunTime:0.000328s ]
INFO: [ app_begin ] --END-- [ RunTime:0.000361s ]
ERR: 非法操作:user_handle

[ 2015-10-03T00:01:39+08:00 ] ::1 /ucreate-pcb-co/admin.php/Operation/user_handle.html?id=9
INFO: [ app_init ] --START--
INFO: Run Behavior\BuildLiteBehavior [ RunTime:0.000012s ]
INFO: [ app_init ] --END-- [ RunTime:0.000241s ]
NOTIC: [8] Use of undefined constant WEB_ROOT - assumed 'WEB_ROOT' /Applications/XAMPP/xamppfiles/htdocs/ucreate-pcb-co/Admin/Home/Conf/config.php 第 15 行.
NOTIC: [8] Use of undefined constant WEB_ROOT - assumed 'WEB_ROOT' /Applications/XAMPP/xamppfiles/htdocs/ucreate-pcb-co/Admin/Home/Conf/config.php 第 17 行.
INFO: [ app_begin ] --START--
INFO: Run Behavior\ReadHtmlCacheBehavior [ RunTime:0.000285s ]
INFO: [ app_begin ] --END-- [ RunTime:0.000316s ]
ERR: 非法操作:user_handle

[ 2015-10-03T00:01:41+08:00 ] ::1 /ucreate-pcb-co/admin.php/Operation/user_handle.html?id=10
INFO: [ app_init ] --START--
INFO: Run Behavior\BuildLiteBehavior [ RunTime:0.000014s ]
INFO: [ app_init ] --END-- [ RunTime:0.000256s ]
NOTIC: [8] Use of undefined constant WEB_ROOT - assumed 'WEB_ROOT' /Applications/XAMPP/xamppfiles/htdocs/ucreate-pcb-co/Admin/Home/Conf/config.php 第 15 行.
NOTIC: [8] Use of undefined constant WEB_ROOT - assumed 'WEB_ROOT' /Applications/XAMPP/xamppfiles/htdocs/ucreate-pcb-co/Admin/Home/Conf/config.php 第 17 行.
INFO: [ app_begin ] --START--
INFO: Run Behavior\ReadHtmlCacheBehavior [ RunTime:0.000330s ]
INFO: [ app_begin ] --END-- [ RunTime:0.000395s ]
ERR: 非法操作:user_handle

[ 2015-10-03T00:01:43+08:00 ] ::1 /ucreate-pcb-co/admin.php/Operation/user_handle.html?id=7
INFO: [ app_init ] --START--
INFO: Run Behavior\BuildLiteBehavior [ RunTime:0.000015s ]
INFO: [ app_init ] --END-- [ RunTime:0.000291s ]
NOTIC: [8] Use of undefined constant WEB_ROOT - assumed 'WEB_ROOT' /Applications/XAMPP/xamppfiles/htdocs/ucreate-pcb-co/Admin/Home/Conf/config.php 第 15 行.
NOTIC: [8] Use of undefined constant WEB_ROOT - assumed 'WEB_ROOT' /Applications/XAMPP/xamppfiles/htdocs/ucreate-pcb-co/Admin/Home/Conf/config.php 第 17 行.
INFO: [ app_begin ] --START--
INFO: Run Behavior\ReadHtmlCacheBehavior [ RunTime:0.000427s ]
INFO: [ app_begin ] --END-- [ RunTime:0.000472s ]
ERR: 非法操作:user_handle

[ 2015-10-03T00:01:45+08:00 ] ::1 /ucreate-pcb-co/admin.php/Operation/user_handle.html?id=6
INFO: [ app_init ] --START--
INFO: Run Behavior\BuildLiteBehavior [ RunTime:0.000014s ]
INFO: [ app_init ] --END-- [ RunTime:0.000280s ]
NOTIC: [8] Use of undefined constant WEB_ROOT - assumed 'WEB_ROOT' /Applications/XAMPP/xamppfiles/htdocs/ucreate-pcb-co/Admin/Home/Conf/config.php 第 15 行.
NOTIC: [8] Use of undefined constant WEB_ROOT - assumed 'WEB_ROOT' /Applications/XAMPP/xamppfiles/htdocs/ucreate-pcb-co/Admin/Home/Conf/config.php 第 17 行.
INFO: [ app_begin ] --START--
INFO: Run Behavior\ReadHtmlCacheBehavior [ RunTime:0.000332s ]
INFO: [ app_begin ] --END-- [ RunTime:0.000368s ]
ERR: 非法操作:user_handle

[ 2015-10-03T00:01:47+08:00 ] ::1 /ucreate-pcb-co/admin.php/Operation/user_handle.html?id=9
INFO: [ app_init ] --START--
INFO: Run Behavior\BuildLiteBehavior [ RunTime:0.000012s ]
INFO: [ app_init ] --END-- [ RunTime:0.000240s ]
NOTIC: [8] Use of undefined constant WEB_ROOT - assumed 'WEB_ROOT' /Applications/XAMPP/xamppfiles/htdocs/ucreate-pcb-co/Admin/Home/Conf/config.php 第 15 行.
NOTIC: [8] Use of undefined constant WEB_ROOT - assumed 'WEB_ROOT' /Applications/XAMPP/xamppfiles/htdocs/ucreate-pcb-co/Admin/Home/Conf/config.php 第 17 行.
INFO: [ app_begin ] --START--
INFO: Run Behavior\ReadHtmlCacheBehavior [ RunTime:0.000324s ]
INFO: [ app_begin ] --END-- [ RunTime:0.000372s ]
ERR: 非法操作:user_handle

[ 2015-10-03T00:01:48+08:00 ] ::1 /ucreate-pcb-co/admin.php/Operation/user_handle.html?id=6
INFO: [ app_init ] --START--
INFO: Run Behavior\BuildLiteBehavior [ RunTime:0.000014s ]
INFO: [ app_init ] --END-- [ RunTime:0.000343s ]
NOTIC: [8] Use of undefined constant WEB_ROOT - assumed 'WEB_ROOT' /Applications/XAMPP/xamppfiles/htdocs/ucreate-pcb-co/Admin/Home/Conf/config.php 第 15 行.
NOTIC: [8] Use of undefined constant WEB_ROOT - assumed 'WEB_ROOT' /Applications/XAMPP/xamppfiles/htdocs/ucreate-pcb-co/Admin/Home/Conf/config.php 第 17 行.
INFO: [ app_begin ] --START--
INFO: Run Behavior\ReadHtmlCacheBehavior [ RunTime:0.000408s ]
INFO: [ app_begin ] --END-- [ RunTime:0.000474s ]
ERR: 非法操作:user_handle

[ 2015-10-03T00:01:50+08:00 ] ::1 /ucreate-pcb-co/admin.php/Operation/user_handle.html?id=5
INFO: [ app_init ] --START--
INFO: Run Behavior\BuildLiteBehavior [ RunTime:0.000013s ]
INFO: [ app_init ] --END-- [ RunTime:0.000250s ]
NOTIC: [8] Use of undefined constant WEB_ROOT - assumed 'WEB_ROOT' /Applications/XAMPP/xamppfiles/htdocs/ucreate-pcb-co/Admin/Home/Conf/config.php 第 15 行.
NOTIC: [8] Use of undefined constant WEB_ROOT - assumed 'WEB_ROOT' /Applications/XAMPP/xamppfiles/htdocs/ucreate-pcb-co/Admin/Home/Conf/config.php 第 17 行.
INFO: [ app_begin ] --START--
INFO: Run Behavior\ReadHtmlCacheBehavior [ RunTime:0.000315s ]
INFO: [ app_begin ] --END-- [ RunTime:0.000352s ]
ERR: 非法操作:user_handle

[ 2015-10-03T00:01:52+08:00 ] ::1 /ucreate-pcb-co/admin.php/Operation/user_handle.html?id=7
INFO: [ app_init ] --START--
INFO: Run Behavior\BuildLiteBehavior [ RunTime:0.000013s ]
INFO: [ app_init ] --END-- [ RunTime:0.000269s ]
NOTIC: [8] Use of undefined constant WEB_ROOT - assumed 'WEB_ROOT' /Applications/XAMPP/xamppfiles/htdocs/ucreate-pcb-co/Admin/Home/Conf/config.php 第 15 行.
NOTIC: [8] Use of undefined constant WEB_ROOT - assumed 'WEB_ROOT' /Applications/XAMPP/xamppfiles/htdocs/ucreate-pcb-co/Admin/Home/Conf/config.php 第 17 行.
INFO: [ app_begin ] --START--
INFO: Run Behavior\ReadHtmlCacheBehavior [ RunTime:0.000406s ]
INFO: [ app_begin ] --END-- [ RunTime:0.000455s ]
ERR: 非法操作:user_handle

[ 2015-10-03T00:01:54+08:00 ] ::1 /ucreate-pcb-co/admin.php/Operation/user_handle.html?id=1
INFO: [ app_init ] --START--
INFO: Run Behavior\BuildLiteBehavior [ RunTime:0.000014s ]
INFO: [ app_init ] --END-- [ RunTime:0.000264s ]
NOTIC: [8] Use of undefined constant WEB_ROOT - assumed 'WEB_ROOT' /Applications/XAMPP/xamppfiles/htdocs/ucreate-pcb-co/Admin/Home/Conf/config.php 第 15 行.
NOTIC: [8] Use of undefined constant WEB_ROOT - assumed 'WEB_ROOT' /Applications/XAMPP/xamppfiles/htdocs/ucreate-pcb-co/Admin/Home/Conf/config.php 第 17 行.
INFO: [ app_begin ] --START--
INFO: Run Behavior\ReadHtmlCacheBehavior [ RunTime:0.000367s ]
INFO: [ app_begin ] --END-- [ RunTime:0.000417s ]
ERR: 非法操作:user_handle

[ 2015-10-03T00:01:56+08:00 ] ::1 /ucreate-pcb-co/admin.php/Operation/user_handle.html?id=2
INFO: [ app_init ] --START--
INFO: Run Behavior\BuildLiteBehavior [ RunTime:0.000013s ]
INFO: [ app_init ] --END-- [ RunTime:0.000250s ]
NOTIC: [8] Use of undefined constant WEB_ROOT - assumed 'WEB_ROOT' /Applications/XAMPP/xamppfiles/htdocs/ucreate-pcb-co/Admin/Home/Conf/config.php 第 15 行.
NOTIC: [8] Use of undefined constant WEB_ROOT - assumed 'WEB_ROOT' /Applications/XAMPP/xamppfiles/htdocs/ucreate-pcb-co/Admin/Home/Conf/config.php 第 17 行.
INFO: [ app_begin ] --START--
INFO: Run Behavior\ReadHtmlCacheBehavior [ RunTime:0.000322s ]
INFO: [ app_begin ] --END-- [ RunTime:0.000360s ]
ERR: 非法操作:user_handle

[ 2015-10-03T00:01:57+08:00 ] ::1 /ucreate-pcb-co/admin.php/Operation/user_handle.html?id=3
INFO: [ app_init ] --START--
INFO: Run Behavior\BuildLiteBehavior [ RunTime:0.000013s ]
INFO: [ app_init ] --END-- [ RunTime:0.000250s ]
NOTIC: [8] Use of undefined constant WEB_ROOT - assumed 'WEB_ROOT' /Applications/XAMPP/xamppfiles/htdocs/ucreate-pcb-co/Admin/Home/Conf/config.php 第 15 行.
NOTIC: [8] Use of undefined constant WEB_ROOT - assumed 'WEB_ROOT' /Applications/XAMPP/xamppfiles/htdocs/ucreate-pcb-co/Admin/Home/Conf/config.php 第 17 行.
INFO: [ app_begin ] --START--
INFO: Run Behavior\ReadHtmlCacheBehavior [ RunTime:0.000348s ]
INFO: [ app_begin ] --END-- [ RunTime:0.000392s ]
ERR: 非法操作:user_handle

[ 2015-10-03T00:01:59+08:00 ] ::1 /ucreate-pcb-co/admin.php/Operation/user_handle.html?id=5
INFO: [ app_init ] --START--
INFO: Run Behavior\BuildLiteBehavior [ RunTime:0.000013s ]
INFO: [ app_init ] --END-- [ RunTime:0.000241s ]
NOTIC: [8] Use of undefined constant WEB_ROOT - assumed 'WEB_ROOT' /Applications/XAMPP/xamppfiles/htdocs/ucreate-pcb-co/Admin/Home/Conf/config.php 第 15 行.
NOTIC: [8] Use of undefined constant WEB_ROOT - assumed 'WEB_ROOT' /Applications/XAMPP/xamppfiles/htdocs/ucreate-pcb-co/Admin/Home/Conf/config.php 第 17 行.
INFO: [ app_begin ] --START--
INFO: Run Behavior\ReadHtmlCacheBehavior [ RunTime:0.000305s ]
INFO: [ app_begin ] --END-- [ RunTime:0.000340s ]
ERR: 非法操作:user_handle

[ 2015-10-03T00:02:00+08:00 ] ::1 /ucreate-pcb-co/admin.php/Operation/user_handle.html?id=1
INFO: [ app_init ] --START--
INFO: Run Behavior\BuildLiteBehavior [ RunTime:0.000013s ]
INFO: [ app_init ] --END-- [ RunTime:0.000277s ]
NOTIC: [8] Use of undefined constant WEB_ROOT - assumed 'WEB_ROOT' /Applications/XAMPP/xamppfiles/htdocs/ucreate-pcb-co/Admin/Home/Conf/config.php 第 15 行.
NOTIC: [8] Use of undefined constant WEB_ROOT - assumed 'WEB_ROOT' /Applications/XAMPP/xamppfiles/htdocs/ucreate-pcb-co/Admin/Home/Conf/config.php 第 17 行.
INFO: [ app_begin ] --START--
INFO: Run Behavior\ReadHtmlCacheBehavior [ RunTime:0.000357s ]
INFO: [ app_begin ] --END-- [ RunTime:0.000417s ]
ERR: 非法操作:user_handle

[ 2015-10-03T00:07:44+08:00 ] ::1 /ucreate-pcb-co/admin.php/Operation/user_handle.html?id=3
INFO: [ app_init ] --START--
INFO: Run Behavior\BuildLiteBehavior [ RunTime:0.000025s ]
INFO: [ app_init ] --END-- [ RunTime:0.008471s ]
NOTIC: [8] Use of undefined constant WEB_ROOT - assumed 'WEB_ROOT' /Applications/XAMPP/xamppfiles/htdocs/ucreate-pcb-co/Admin/Home/Conf/config.php 第 15 行.
NOTIC: [8] Use of undefined constant WEB_ROOT - assumed 'WEB_ROOT' /Applications/XAMPP/xamppfiles/htdocs/ucreate-pcb-co/Admin/Home/Conf/config.php 第 17 行.
INFO: [ app_begin ] --START--
INFO: Run Behavior\ReadHtmlCacheBehavior [ RunTime:0.000848s ]
INFO: [ app_begin ] --END-- [ RunTime:0.000923s ]
ERR: 非法操作:user_handle

[ 2015-10-03T00:07:48+08:00 ] ::1 /ucreate-pcb-co/admin.php/Operation/user.html
INFO: [ app_init ] --START--
INFO: Run Behavior\BuildLiteBehavior [ RunTime:0.000013s ]
INFO: [ app_init ] --END-- [ RunTime:0.000238s ]
NOTIC: [8] Use of undefined constant WEB_ROOT - assumed 'WEB_ROOT' /Applications/XAMPP/xamppfiles/htdocs/ucreate-pcb-co/Admin/Home/Conf/config.php 第 15 行.
NOTIC: [8] Use of undefined constant WEB_ROOT - assumed 'WEB_ROOT' /Applications/XAMPP/xamppfiles/htdocs/ucreate-pcb-co/Admin/Home/Conf/config.php 第 17 行.
INFO: [ app_begin ] --START--
INFO: Run Behavior\ReadHtmlCacheBehavior [ RunTime:0.000316s ]
INFO: [ app_begin ] --END-- [ RunTime:0.000352s ]
SQL: SHOW COLUMNS FROM `uc_webinfo` [ RunTime:0.0413s ]
SQL: SELECT * FROM `uc_webinfo` WHERE `type` = 'NAME' LIMIT 1   [ RunTime:0.0006s ]
SQL: SELECT * FROM `uc_webinfo` WHERE `type` = 'BEIAN' LIMIT 1   [ RunTime:0.0009s ]
SQL: SELECT * FROM `uc_webinfo` WHERE `type` = 'TELEPHONE' LIMIT 1   [ RunTime:0.0005s ]
SQL: SELECT * FROM `uc_webinfo` WHERE `type` = 'FAX' LIMIT 1   [ RunTime:0.0003s ]
SQL: SELECT * FROM `uc_webinfo` WHERE `type` = 'EMAIL' LIMIT 1   [ RunTime:0.0004s ]
SQL: SELECT * FROM `uc_webinfo` WHERE `type` = 'WEBSITE' LIMIT 1   [ RunTime:0.0003s ]
SQL: SELECT * FROM `uc_webinfo` WHERE `type` = 'OFFICE' LIMIT 1   [ RunTime:0.0002s ]
SQL: SELECT * FROM `uc_webinfo` WHERE `type` = 'FACTORYSHENZHEN' LIMIT 1   [ RunTime:0.0002s ]
SQL: SELECT * FROM `uc_webinfo` WHERE `type` = 'FACTORYHUIZHOU' LIMIT 1   [ RunTime:0.0002s ]
INFO: [ view_parse ] --START--
INFO: [ template_filter ] --START--
INFO: Run Behavior\ContentReplaceBehavior [ RunTime:0.000056s ]
INFO: [ template_filter ] --END-- [ RunTime:0.000112s ]
INFO: Run Behavior\ParseTemplateBehavior [ RunTime:0.028428s ]
INFO: [ view_parse ] --END-- [ RunTime:0.028495s ]
INFO: [ view_filter ] --START--
INFO: Run Behavior\WriteHtmlCacheBehavior [ RunTime:0.011265s ]
INFO: [ view_filter ] --END-- [ RunTime:0.011331s ]
INFO: [ app_end ] --START--
INFO: Run Behavior\ShowPageTraceBehavior [ RunTime:0.011299s ]
INFO: [ app_end ] --END-- [ RunTime:0.011364s ]

[ 2015-10-03T00:07:49+08:00 ] ::1 /ucreate-pcb-co/admin.php/Operation/user_alter.html?id=3
INFO: [ app_init ] --START--
INFO: Run Behavior\BuildLiteBehavior [ RunTime:0.000014s ]
INFO: [ app_init ] --END-- [ RunTime:0.000290s ]
NOTIC: [8] Use of undefined constant WEB_ROOT - assumed 'WEB_ROOT' /Applications/XAMPP/xamppfiles/htdocs/ucreate-pcb-co/Admin/Home/Conf/config.php 第 15 行.
NOTIC: [8] Use of undefined constant WEB_ROOT - assumed 'WEB_ROOT' /Applications/XAMPP/xamppfiles/htdocs/ucreate-pcb-co/Admin/Home/Conf/config.php 第 17 行.
INFO: [ app_begin ] --START--
INFO: Run Behavior\ReadHtmlCacheBehavior [ RunTime:0.000350s ]
INFO: [ app_begin ] --END-- [ RunTime:0.000401s ]
INFO: [ view_parse ] --START--
INFO: [ template_filter ] --START--
INFO: Run Behavior\ContentReplaceBehavior [ RunTime:0.000034s ]
INFO: [ template_filter ] --END-- [ RunTime:0.000091s ]
NOTIC: [8] Undefined variable: friend /Applications/XAMPP/xamppfiles/htdocs/ucreate-pcb-co/Cache/Runtime/Admin/Cache/Home/1e960032908b27722579b8c991308907.php 第 61 行.
NOTIC: [8] Undefined variable: friend /Applications/XAMPP/xamppfiles/htdocs/ucreate-pcb-co/Cache/Runtime/Admin/Cache/Home/1e960032908b27722579b8c991308907.php 第 65 行.
INFO: Run Behavior\ParseTemplateBehavior [ RunTime:0.059865s ]
INFO: [ view_parse ] --END-- [ RunTime:0.059923s ]
INFO: [ view_filter ] --START--
INFO: Run Behavior\WriteHtmlCacheBehavior [ RunTime:0.000215s ]
INFO: [ view_filter ] --END-- [ RunTime:0.000264s ]
INFO: [ app_end ] --START--
INFO: Run Behavior\ShowPageTraceBehavior [ RunTime:0.000457s ]
INFO: [ app_end ] --END-- [ RunTime:0.000499s ]

[ 2015-10-03T00:08:26+08:00 ] ::1 /ucreate-pcb-co/admin.php/Operation/user_alter.html?id=3
INFO: [ app_init ] --START--
INFO: Run Behavior\BuildLiteBehavior [ RunTime:0.000016s ]
INFO: [ app_init ] --END-- [ RunTime:0.000670s ]
NOTIC: [8] Use of undefined constant WEB_ROOT - assumed 'WEB_ROOT' /Applications/XAMPP/xamppfiles/htdocs/ucreate-pcb-co/Admin/Home/Conf/config.php 第 15 行.
NOTIC: [8] Use of undefined constant WEB_ROOT - assumed 'WEB_ROOT' /Applications/XAMPP/xamppfiles/htdocs/ucreate-pcb-co/Admin/Home/Conf/config.php 第 17 行.
INFO: [ app_begin ] --START--
INFO: Run Behavior\ReadHtmlCacheBehavior [ RunTime:0.000844s ]
INFO: [ app_begin ] --END-- [ RunTime:0.000921s ]
INFO: [ view_parse ] --START--
INFO: [ template_filter ] --START--
INFO: Run Behavior\ContentReplaceBehavior [ RunTime:0.000047s ]
INFO: [ template_filter ] --END-- [ RunTime:0.000106s ]
NOTIC: [8] Undefined variable: friend /Applications/XAMPP/xamppfiles/htdocs/ucreate-pcb-co/Cache/Runtime/Admin/Cache/Home/1e960032908b27722579b8c991308907.php 第 61 行.
NOTIC: [8] Undefined variable: friend /Applications/XAMPP/xamppfiles/htdocs/ucreate-pcb-co/Cache/Runtime/Admin/Cache/Home/1e960032908b27722579b8c991308907.php 第 65 行.
INFO: Run Behavior\ParseTemplateBehavior [ RunTime:0.050677s ]
INFO: [ view_parse ] --END-- [ RunTime:0.050727s ]
INFO: [ view_filter ] --START--
INFO: Run Behavior\WriteHtmlCacheBehavior [ RunTime:0.000369s ]
INFO: [ view_filter ] --END-- [ RunTime:0.000415s ]
INFO: [ app_end ] --START--
INFO: Run Behavior\ShowPageTraceBehavior [ RunTime:0.000727s ]
INFO: [ app_end ] --END-- [ RunTime:0.000769s ]

[ 2015-10-03T00:09:32+08:00 ] ::1 /ucreate-pcb-co/admin.php/Operation/user_alter.html?id=3
INFO: [ app_init ] --START--
INFO: Run Behavior\BuildLiteBehavior [ RunTime:0.000012s ]
INFO: [ app_init ] --END-- [ RunTime:0.000254s ]
NOTIC: [8] Use of undefined constant WEB_ROOT - assumed 'WEB_ROOT' /Applications/XAMPP/xamppfiles/htdocs/ucreate-pcb-co/Admin/Home/Conf/config.php 第 15 行.
NOTIC: [8] Use of undefined constant WEB_ROOT - assumed 'WEB_ROOT' /Applications/XAMPP/xamppfiles/htdocs/ucreate-pcb-co/Admin/Home/Conf/config.php 第 17 行.
INFO: [ app_begin ] --START--
INFO: Run Behavior\ReadHtmlCacheBehavior [ RunTime:0.000316s ]
INFO: [ app_begin ] --END-- [ RunTime:0.000358s ]
INFO: [ view_parse ] --START--
INFO: [ template_filter ] --START--
INFO: Run Behavior\ContentReplaceBehavior [ RunTime:0.000032s ]
INFO: [ template_filter ] --END-- [ RunTime:0.000066s ]
NOTIC: [8] Undefined variable: friend /Applications/XAMPP/xamppfiles/htdocs/ucreate-pcb-co/Cache/Runtime/Admin/Cache/Home/1e960032908b27722579b8c991308907.php 第 63 行.
NOTIC: [8] Undefined variable: friend /Applications/XAMPP/xamppfiles/htdocs/ucreate-pcb-co/Cache/Runtime/Admin/Cache/Home/1e960032908b27722579b8c991308907.php 第 67 行.
INFO: Run Behavior\ParseTemplateBehavior [ RunTime:0.003829s ]
INFO: [ view_parse ] --END-- [ RunTime:0.003859s ]
INFO: [ view_filter ] --START--
INFO: Run Behavior\WriteHtmlCacheBehavior [ RunTime:0.000129s ]
INFO: [ view_filter ] --END-- [ RunTime:0.000157s ]
INFO: [ app_end ] --START--
INFO: Run Behavior\ShowPageTraceBehavior [ RunTime:0.000311s ]
INFO: [ app_end ] --END-- [ RunTime:0.000339s ]

[ 2015-10-03T00:10:09+08:00 ] ::1 /ucreate-pcb-co/admin.php/
INFO: [ app_init ] --START--
INFO: Run Behavior\BuildLiteBehavior [ RunTime:0.000020s ]
INFO: [ app_init ] --END-- [ RunTime:0.008607s ]
NOTIC: [8] Use of undefined constant WEB_ROOT - assumed 'WEB_ROOT' /Applications/XAMPP/xamppfiles/htdocs/ucreate-pcb-co/Admin/Home/Conf/config.php 第 15 行.
NOTIC: [8] Use of undefined constant WEB_ROOT - assumed 'WEB_ROOT' /Applications/XAMPP/xamppfiles/htdocs/ucreate-pcb-co/Admin/Home/Conf/config.php 第 17 行.
INFO: [ app_begin ] --START--
INFO: Run Behavior\ReadHtmlCacheBehavior [ RunTime:0.000788s ]
INFO: [ app_begin ] --END-- [ RunTime:0.000847s ]
INFO: [ view_parse ] --START--
INFO: [ template_filter ] --START--
INFO: Run Behavior\ContentReplaceBehavior [ RunTime:0.000039s ]
INFO: [ template_filter ] --END-- [ RunTime:0.000097s ]
INFO: Run Behavior\ParseTemplateBehavior [ RunTime:0.066899s ]
INFO: [ view_parse ] --END-- [ RunTime:0.066962s ]
INFO: [ view_filter ] --START--
INFO: Run Behavior\WriteHtmlCacheBehavior [ RunTime:0.000399s ]
INFO: [ view_filter ] --END-- [ RunTime:0.000431s ]
INFO: [ app_end ] --START--
INFO: Run Behavior\ShowPageTraceBehavior [ RunTime:0.000552s ]
INFO: [ app_end ] --END-- [ RunTime:0.000593s ]

[ 2015-10-03T00:10:09+08:00 ] ::1 /ucreate-pcb-co/admin.php/Operation/index.html
INFO: [ app_init ] --START--
INFO: Run Behavior\BuildLiteBehavior [ RunTime:0.000013s ]
INFO: [ app_init ] --END-- [ RunTime:0.000263s ]
NOTIC: [8] Use of undefined constant WEB_ROOT - assumed 'WEB_ROOT' /Applications/XAMPP/xamppfiles/htdocs/ucreate-pcb-co/Admin/Home/Conf/config.php 第 15 行.
NOTIC: [8] Use of undefined constant WEB_ROOT - assumed 'WEB_ROOT' /Applications/XAMPP/xamppfiles/htdocs/ucreate-pcb-co/Admin/Home/Conf/config.php 第 17 行.
INFO: [ app_begin ] --START--
INFO: Run Behavior\ReadHtmlCacheBehavior [ RunTime:0.000348s ]
INFO: [ app_begin ] --END-- [ RunTime:0.000386s ]
SQL: SHOW COLUMNS FROM `uc_visitor` [ RunTime:0.0687s ]
SQL: SELECT * FROM `uc_visitor`  [ RunTime:0.0004s ]
SQL: SELECT * FROM `uc_visitor`  [ RunTime:0.0003s ]
SQL: SHOW COLUMNS FROM `uc_webinfo` [ RunTime:0.0030s ]
SQL: SELECT * FROM `uc_webinfo` WHERE `type` = 'TELEPHONE' LIMIT 1   [ RunTime:0.0004s ]
SQL: SELECT * FROM `uc_webinfo` WHERE `type` = 'BEIAN' LIMIT 1   [ RunTime:0.0003s ]
SQL: SELECT * FROM `uc_webinfo` WHERE `type` = null LIMIT 1   [ RunTime:0.0002s ]
SQL: SELECT * FROM `uc_webinfo` WHERE `type` = null LIMIT 1   [ RunTime:0.0003s ]
INFO: [ view_parse ] --START--
INFO: [ template_filter ] --START--
INFO: Run Behavior\ContentReplaceBehavior [ RunTime:0.000059s ]
INFO: [ template_filter ] --END-- [ RunTime:0.000125s ]
INFO: Run Behavior\ParseTemplateBehavior [ RunTime:0.024986s ]
INFO: [ view_parse ] --END-- [ RunTime:0.025046s ]
INFO: [ view_filter ] --START--
INFO: Run Behavior\WriteHtmlCacheBehavior [ RunTime:0.000154s ]
INFO: [ view_filter ] --END-- [ RunTime:0.000193s ]
INFO: [ app_end ] --START--
INFO: Run Behavior\ShowPageTraceBehavior [ RunTime:0.000602s ]
INFO: [ app_end ] --END-- [ RunTime:0.000656s ]

[ 2015-10-03T00:10:10+08:00 ] ::1 /ucreate-pcb-co/admin.php/Operation/User.html
INFO: [ app_init ] --START--
INFO: Run Behavior\BuildLiteBehavior [ RunTime:0.000021s ]
INFO: [ app_init ] --END-- [ RunTime:0.000439s ]
NOTIC: [8] Use of undefined constant WEB_ROOT - assumed 'WEB_ROOT' /Applications/XAMPP/xamppfiles/htdocs/ucreate-pcb-co/Admin/Home/Conf/config.php 第 15 行.
NOTIC: [8] Use of undefined constant WEB_ROOT - assumed 'WEB_ROOT' /Applications/XAMPP/xamppfiles/htdocs/ucreate-pcb-co/Admin/Home/Conf/config.php 第 17 行.
INFO: [ app_begin ] --START--
INFO: Run Behavior\ReadHtmlCacheBehavior [ RunTime:0.000390s ]
INFO: [ app_begin ] --END-- [ RunTime:0.000433s ]
SQL: SHOW COLUMNS FROM `uc_webinfo` [ RunTime:0.0022s ]
SQL: SELECT * FROM `uc_webinfo` WHERE `type` = 'NAME' LIMIT 1   [ RunTime:0.0005s ]
SQL: SELECT * FROM `uc_webinfo` WHERE `type` = 'BEIAN' LIMIT 1   [ RunTime:0.0004s ]
SQL: SELECT * FROM `uc_webinfo` WHERE `type` = 'TELEPHONE' LIMIT 1   [ RunTime:0.0005s ]
SQL: SELECT * FROM `uc_webinfo` WHERE `type` = 'FAX' LIMIT 1   [ RunTime:0.0004s ]
SQL: SELECT * FROM `uc_webinfo` WHERE `type` = 'EMAIL' LIMIT 1   [ RunTime:0.0007s ]
SQL: SELECT * FROM `uc_webinfo` WHERE `type` = 'WEBSITE' LIMIT 1   [ RunTime:0.0006s ]
SQL: SELECT * FROM `uc_webinfo` WHERE `type` = 'OFFICE' LIMIT 1   [ RunTime:0.0004s ]
SQL: SELECT * FROM `uc_webinfo` WHERE `type` = 'FACTORYSHENZHEN' LIMIT 1   [ RunTime:0.0003s ]
SQL: SELECT * FROM `uc_webinfo` WHERE `type` = 'FACTORYHUIZHOU' LIMIT 1   [ RunTime:0.0002s ]
INFO: [ view_parse ] --START--
INFO: [ template_filter ] --START--
INFO: Run Behavior\ContentReplaceBehavior [ RunTime:0.000031s ]
INFO: [ template_filter ] --END-- [ RunTime:0.000077s ]
INFO: Run Behavior\ParseTemplateBehavior [ RunTime:0.030682s ]
INFO: [ view_parse ] --END-- [ RunTime:0.030745s ]
INFO: [ view_filter ] --START--
INFO: Run Behavior\WriteHtmlCacheBehavior [ RunTime:0.000190s ]
INFO: [ view_filter ] --END-- [ RunTime:0.000231s ]
INFO: [ app_end ] --START--
INFO: Run Behavior\ShowPageTraceBehavior [ RunTime:0.000415s ]
INFO: [ app_end ] --END-- [ RunTime:0.000460s ]

[ 2015-10-03T00:10:15+08:00 ] ::1 /ucreate-pcb-co/admin.php/Operation/index.html
INFO: [ app_init ] --START--
INFO: Run Behavior\BuildLiteBehavior [ RunTime:0.000013s ]
INFO: [ app_init ] --END-- [ RunTime:0.000249s ]
NOTIC: [8] Use of undefined constant WEB_ROOT - assumed 'WEB_ROOT' /Applications/XAMPP/xamppfiles/htdocs/ucreate-pcb-co/Admin/Home/Conf/config.php 第 15 行.
NOTIC: [8] Use of undefined constant WEB_ROOT - assumed 'WEB_ROOT' /Applications/XAMPP/xamppfiles/htdocs/ucreate-pcb-co/Admin/Home/Conf/config.php 第 17 行.
INFO: [ app_begin ] --START--
INFO: Run Behavior\ReadHtmlCacheBehavior [ RunTime:0.000316s ]
INFO: [ app_begin ] --END-- [ RunTime:0.000353s ]
SQL: SHOW COLUMNS FROM `uc_visitor` [ RunTime:0.0015s ]
SQL: SELECT * FROM `uc_visitor`  [ RunTime:0.0003s ]
SQL: SELECT * FROM `uc_visitor`  [ RunTime:0.0003s ]
SQL: SHOW COLUMNS FROM `uc_webinfo` [ RunTime:0.0023s ]
SQL: SELECT * FROM `uc_webinfo` WHERE `type` = 'TELEPHONE' LIMIT 1   [ RunTime:0.0007s ]
SQL: SELECT * FROM `uc_webinfo` WHERE `type` = 'BEIAN' LIMIT 1   [ RunTime:0.0006s ]
SQL: SELECT * FROM `uc_webinfo` WHERE `type` = null LIMIT 1   [ RunTime:0.0003s ]
SQL: SELECT * FROM `uc_webinfo` WHERE `type` = null LIMIT 1   [ RunTime:0.0003s ]
INFO: [ view_parse ] --START--
INFO: [ template_filter ] --START--
INFO: Run Behavior\ContentReplaceBehavior [ RunTime:0.000042s ]
INFO: [ template_filter ] --END-- [ RunTime:0.000089s ]
INFO: Run Behavior\ParseTemplateBehavior [ RunTime:0.007266s ]
INFO: [ view_parse ] --END-- [ RunTime:0.007325s ]
INFO: [ view_filter ] --START--
INFO: Run Behavior\WriteHtmlCacheBehavior [ RunTime:0.000131s ]
INFO: [ view_filter ] --END-- [ RunTime:0.000163s ]
INFO: [ app_end ] --START--
INFO: Run Behavior\ShowPageTraceBehavior [ RunTime:0.000405s ]
INFO: [ app_end ] --END-- [ RunTime:0.000481s ]

[ 2015-10-03T00:10:17+08:00 ] ::1 /ucreate-pcb-co/admin.php/Operation/User.html
INFO: [ app_init ] --START--
INFO: Run Behavior\BuildLiteBehavior [ RunTime:0.000017s ]
INFO: [ app_init ] --END-- [ RunTime:0.000349s ]
NOTIC: [8] Use of undefined constant WEB_ROOT - assumed 'WEB_ROOT' /Applications/XAMPP/xamppfiles/htdocs/ucreate-pcb-co/Admin/Home/Conf/config.php 第 15 行.
NOTIC: [8] Use of undefined constant WEB_ROOT - assumed 'WEB_ROOT' /Applications/XAMPP/xamppfiles/htdocs/ucreate-pcb-co/Admin/Home/Conf/config.php 第 17 行.
INFO: [ app_begin ] --START--
INFO: Run Behavior\ReadHtmlCacheBehavior [ RunTime:0.000360s ]
INFO: [ app_begin ] --END-- [ RunTime:0.000403s ]
SQL: SHOW COLUMNS FROM `uc_webinfo` [ RunTime:0.0015s ]
SQL: SELECT * FROM `uc_webinfo` WHERE `type` = 'NAME' LIMIT 1   [ RunTime:0.0003s ]
SQL: SELECT * FROM `uc_webinfo` WHERE `type` = 'BEIAN' LIMIT 1   [ RunTime:0.0002s ]
SQL: SELECT * FROM `uc_webinfo` WHERE `type` = 'TELEPHONE' LIMIT 1   [ RunTime:0.0002s ]
SQL: SELECT * FROM `uc_webinfo` WHERE `type` = 'FAX' LIMIT 1   [ RunTime:0.0002s ]
SQL: SELECT * FROM `uc_webinfo` WHERE `type` = 'EMAIL' LIMIT 1   [ RunTime:0.0002s ]
SQL: SELECT * FROM `uc_webinfo` WHERE `type` = 'WEBSITE' LIMIT 1   [ RunTime:0.0004s ]
SQL: SELECT * FROM `uc_webinfo` WHERE `type` = 'OFFICE' LIMIT 1   [ RunTime:0.0007s ]
SQL: SELECT * FROM `uc_webinfo` WHERE `type` = 'FACTORYSHENZHEN' LIMIT 1   [ RunTime:0.0005s ]
SQL: SELECT * FROM `uc_webinfo` WHERE `type` = 'FACTORYHUIZHOU' LIMIT 1   [ RunTime:0.0005s ]
INFO: [ view_parse ] --START--
INFO: [ template_filter ] --START--
INFO: Run Behavior\ContentReplaceBehavior [ RunTime:0.000033s ]
INFO: [ template_filter ] --END-- [ RunTime:0.000080s ]
INFO: Run Behavior\ParseTemplateBehavior [ RunTime:0.027277s ]
INFO: [ view_parse ] --END-- [ RunTime:0.027327s ]
INFO: [ view_filter ] --START--
INFO: Run Behavior\WriteHtmlCacheBehavior [ RunTime:0.000104s ]
INFO: [ view_filter ] --END-- [ RunTime:0.000131s ]
INFO: [ app_end ] --START--
INFO: Run Behavior\ShowPageTraceBehavior [ RunTime:0.000299s ]
INFO: [ app_end ] --END-- [ RunTime:0.000327s ]

[ 2015-10-03T00:10:18+08:00 ] ::1 /ucreate-pcb-co/admin.php/Operation/user_alter.html?id=3
INFO: [ app_init ] --START--
INFO: Run Behavior\BuildLiteBehavior [ RunTime:0.000013s ]
INFO: [ app_init ] --END-- [ RunTime:0.000286s ]
NOTIC: [8] Use of undefined constant WEB_ROOT - assumed 'WEB_ROOT' /Applications/XAMPP/xamppfiles/htdocs/ucreate-pcb-co/Admin/Home/Conf/config.php 第 15 行.
NOTIC: [8] Use of undefined constant WEB_ROOT - assumed 'WEB_ROOT' /Applications/XAMPP/xamppfiles/htdocs/ucreate-pcb-co/Admin/Home/Conf/config.php 第 17 行.
INFO: [ app_begin ] --START--
INFO: Run Behavior\ReadHtmlCacheBehavior [ RunTime:0.000315s ]
INFO: [ app_begin ] --END-- [ RunTime:0.000350s ]
INFO: [ view_parse ] --START--
INFO: [ template_filter ] --START--
INFO: Run Behavior\ContentReplaceBehavior [ RunTime:0.000028s ]
INFO: [ template_filter ] --END-- [ RunTime:0.000072s ]
NOTIC: [8] Undefined variable: friend /Applications/XAMPP/xamppfiles/htdocs/ucreate-pcb-co/Cache/Runtime/Admin/Cache/Home/1e960032908b27722579b8c991308907.php 第 63 行.
NOTIC: [8] Undefined variable: friend /Applications/XAMPP/xamppfiles/htdocs/ucreate-pcb-co/Cache/Runtime/Admin/Cache/Home/1e960032908b27722579b8c991308907.php 第 67 行.
INFO: Run Behavior\ParseTemplateBehavior [ RunTime:0.013362s ]
INFO: [ view_parse ] --END-- [ RunTime:0.013400s ]
INFO: [ view_filter ] --START--
INFO: Run Behavior\WriteHtmlCacheBehavior [ RunTime:0.000116s ]
INFO: [ view_filter ] --END-- [ RunTime:0.000142s ]
INFO: [ app_end ] --START--
INFO: Run Behavior\ShowPageTraceBehavior [ RunTime:0.000308s ]
INFO: [ app_end ] --END-- [ RunTime:0.000335s ]

[ 2015-10-03T00:15:15+08:00 ] ::1 /ucreate-pcb-co/admin.php/Operation/User.html
INFO: [ app_init ] --START--
INFO: Run Behavior\BuildLiteBehavior [ RunTime:0.000038s ]
INFO: [ app_init ] --END-- [ RunTime:0.008374s ]
NOTIC: [8] Use of undefined constant WEB_ROOT - assumed 'WEB_ROOT' /Applications/XAMPP/xamppfiles/htdocs/ucreate-pcb-co/Admin/Home/Conf/config.php 第 15 行.
NOTIC: [8] Use of undefined constant WEB_ROOT - assumed 'WEB_ROOT' /Applications/XAMPP/xamppfiles/htdocs/ucreate-pcb-co/Admin/Home/Conf/config.php 第 17 行.
INFO: [ app_begin ] --START--
INFO: Run Behavior\ReadHtmlCacheBehavior [ RunTime:0.000772s ]
INFO: [ app_begin ] --END-- [ RunTime:0.000835s ]
SQL: SHOW COLUMNS FROM `uc_webinfo` [ RunTime:0.0401s ]
SQL: SELECT * FROM `uc_webinfo` WHERE `type` = 'NAME' LIMIT 1   [ RunTime:0.0004s ]
SQL: SELECT * FROM `uc_webinfo` WHERE `type` = 'BEIAN' LIMIT 1   [ RunTime:0.0003s ]
SQL: SELECT * FROM `uc_webinfo` WHERE `type` = 'TELEPHONE' LIMIT 1   [ RunTime:0.0003s ]
SQL: SELECT * FROM `uc_webinfo` WHERE `type` = 'FAX' LIMIT 1   [ RunTime:0.0003s ]
SQL: SELECT * FROM `uc_webinfo` WHERE `type` = 'EMAIL' LIMIT 1   [ RunTime:0.0003s ]
SQL: SELECT * FROM `uc_webinfo` WHERE `type` = 'WEBSITE' LIMIT 1   [ RunTime:0.0002s ]
SQL: SELECT * FROM `uc_webinfo` WHERE `type` = 'OFFICE' LIMIT 1   [ RunTime:0.0003s ]
SQL: SELECT * FROM `uc_webinfo` WHERE `type` = 'FACTORYSHENZHEN' LIMIT 1   [ RunTime:0.0003s ]
SQL: SELECT * FROM `uc_webinfo` WHERE `type` = 'FACTORYHUIZHOU' LIMIT 1   [ RunTime:0.0003s ]
INFO: [ view_parse ] --START--
INFO: [ template_filter ] --START--
INFO: Run Behavior\ContentReplaceBehavior [ RunTime:0.000052s ]
INFO: [ template_filter ] --END-- [ RunTime:0.000107s ]
INFO: Run Behavior\ParseTemplateBehavior [ RunTime:0.056878s ]
INFO: [ view_parse ] --END-- [ RunTime:0.056954s ]
INFO: [ view_filter ] --START--
INFO: Run Behavior\WriteHtmlCacheBehavior [ RunTime:0.007673s ]
INFO: [ view_filter ] --END-- [ RunTime:0.007750s ]
INFO: [ app_end ] --START--
INFO: Run Behavior\ShowPageTraceBehavior [ RunTime:0.011309s ]
INFO: [ app_end ] --END-- [ RunTime:0.011386s ]

[ 2015-10-03T00:15:17+08:00 ] ::1 /ucreate-pcb-co/admin.php/Operation/user_alter.html?id=5&name=%E4%BC%A0%E7%9C%9F
INFO: [ app_init ] --START--
INFO: Run Behavior\BuildLiteBehavior [ RunTime:0.000013s ]
INFO: [ app_init ] --END-- [ RunTime:0.000250s ]
NOTIC: [8] Use of undefined constant WEB_ROOT - assumed 'WEB_ROOT' /Applications/XAMPP/xamppfiles/htdocs/ucreate-pcb-co/Admin/Home/Conf/config.php 第 15 行.
NOTIC: [8] Use of undefined constant WEB_ROOT - assumed 'WEB_ROOT' /Applications/XAMPP/xamppfiles/htdocs/ucreate-pcb-co/Admin/Home/Conf/config.php 第 17 行.
INFO: [ app_begin ] --START--
INFO: Run Behavior\ReadHtmlCacheBehavior [ RunTime:0.000312s ]
INFO: [ app_begin ] --END-- [ RunTime:0.000348s ]
SQL: SHOW COLUMNS FROM `uc_webinfo` [ RunTime:0.0016s ]
SQL: SELECT * FROM `uc_webinfo` WHERE `id` = 5 LIMIT 1   [ RunTime:0.0003s ]
NOTIC: [8] Indirect modification of overloaded property Home\Controller\OperationController::$data has no effect /Applications/XAMPP/xamppfiles/htdocs/ucreate-pcb-co/Admin/Home/Controller/OperationController.class.php 第 241 行.

[ 2015-10-03T00:15:34+08:00 ] ::1 /ucreate-pcb-co/admin.php/Operation/user_alter.html?id=5&name=%E4%BC%A0%E7%9C%9F
INFO: [ app_init ] --START--
INFO: Run Behavior\BuildLiteBehavior [ RunTime:0.000026s ]
INFO: [ app_init ] --END-- [ RunTime:0.000455s ]
NOTIC: [8] Use of undefined constant WEB_ROOT - assumed 'WEB_ROOT' /Applications/XAMPP/xamppfiles/htdocs/ucreate-pcb-co/Admin/Home/Conf/config.php 第 15 行.
NOTIC: [8] Use of undefined constant WEB_ROOT - assumed 'WEB_ROOT' /Applications/XAMPP/xamppfiles/htdocs/ucreate-pcb-co/Admin/Home/Conf/config.php 第 17 行.
INFO: [ app_begin ] --START--
INFO: Run Behavior\ReadHtmlCacheBehavior [ RunTime:0.000655s ]
INFO: [ app_begin ] --END-- [ RunTime:0.000764s ]
SQL: SHOW COLUMNS FROM `uc_webinfo` [ RunTime:0.0218s ]
SQL: SELECT * FROM `uc_webinfo` WHERE `id` = 5 LIMIT 1   [ RunTime:0.0003s ]
NOTIC: [8] Indirect modification of overloaded property Home\Controller\OperationController::$data has no effect /Applications/XAMPP/xamppfiles/htdocs/ucreate-pcb-co/Admin/Home/Controller/OperationController.class.php 第 241 行.

[ 2015-10-03T00:16:03+08:00 ] ::1 /ucreate-pcb-co/admin.php/Operation/User.html
INFO: [ app_init ] --START--
INFO: Run Behavior\BuildLiteBehavior [ RunTime:0.000018s ]
INFO: [ app_init ] --END-- [ RunTime:0.000317s ]
NOTIC: [8] Use of undefined constant WEB_ROOT - assumed 'WEB_ROOT' /Applications/XAMPP/xamppfiles/htdocs/ucreate-pcb-co/Admin/Home/Conf/config.php 第 15 行.
NOTIC: [8] Use of undefined constant WEB_ROOT - assumed 'WEB_ROOT' /Applications/XAMPP/xamppfiles/htdocs/ucreate-pcb-co/Admin/Home/Conf/config.php 第 17 行.
INFO: [ app_begin ] --START--
INFO: Run Behavior\ReadHtmlCacheBehavior [ RunTime:0.000333s ]
INFO: [ app_begin ] --END-- [ RunTime:0.000374s ]
SQL: SHOW COLUMNS FROM `uc_webinfo` [ RunTime:0.0024s ]
SQL: SELECT * FROM `uc_webinfo` WHERE `type` = 'NAME' LIMIT 1   [ RunTime:0.0004s ]
SQL: SELECT * FROM `uc_webinfo` WHERE `type` = 'BEIAN' LIMIT 1   [ RunTime:0.0002s ]
SQL: SELECT * FROM `uc_webinfo` WHERE `type` = 'TELEPHONE' LIMIT 1   [ RunTime:0.0002s ]
SQL: SELECT * FROM `uc_webinfo` WHERE `type` = 'FAX' LIMIT 1   [ RunTime:0.0002s ]
SQL: SELECT * FROM `uc_webinfo` WHERE `type` = 'EMAIL' LIMIT 1   [ RunTime:0.0002s ]
SQL: SELECT * FROM `uc_webinfo` WHERE `type` = 'WEBSITE' LIMIT 1   [ RunTime:0.0002s ]
SQL: SELECT * FROM `uc_webinfo` WHERE `type` = 'OFFICE' LIMIT 1   [ RunTime:0.0002s ]
SQL: SELECT * FROM `uc_webinfo` WHERE `type` = 'FACTORYSHENZHEN' LIMIT 1   [ RunTime:0.0002s ]
SQL: SELECT * FROM `uc_webinfo` WHERE `type` = 'FACTORYHUIZHOU' LIMIT 1   [ RunTime:0.0002s ]
INFO: [ view_parse ] --START--
INFO: [ template_filter ] --START--
INFO: Run Behavior\ContentReplaceBehavior [ RunTime:0.000046s ]
INFO: [ template_filter ] --END-- [ RunTime:0.000098s ]
INFO: Run Behavior\ParseTemplateBehavior [ RunTime:0.067931s ]
INFO: [ view_parse ] --END-- [ RunTime:0.067981s ]
INFO: [ view_filter ] --START--
INFO: Run Behavior\WriteHtmlCacheBehavior [ RunTime:0.000142s ]
INFO: [ view_filter ] --END-- [ RunTime:0.000174s ]
INFO: [ app_end ] --START--
INFO: Run Behavior\ShowPageTraceBehavior [ RunTime:0.000384s ]
INFO: [ app_end ] --END-- [ RunTime:0.000443s ]

[ 2015-10-03T00:16:07+08:00 ] ::1 /ucreate-pcb-co/admin.php/Operation/user.html
INFO: [ app_init ] --START--
INFO: Run Behavior\BuildLiteBehavior [ RunTime:0.000014s ]
INFO: [ app_init ] --END-- [ RunTime:0.000322s ]
NOTIC: [8] Use of undefined constant WEB_ROOT - assumed 'WEB_ROOT' /Applications/XAMPP/xamppfiles/htdocs/ucreate-pcb-co/Admin/Home/Conf/config.php 第 15 行.
NOTIC: [8] Use of undefined constant WEB_ROOT - assumed 'WEB_ROOT' /Applications/XAMPP/xamppfiles/htdocs/ucreate-pcb-co/Admin/Home/Conf/config.php 第 17 行.
INFO: [ app_begin ] --START--
INFO: Run Behavior\ReadHtmlCacheBehavior [ RunTime:0.000360s ]
INFO: [ app_begin ] --END-- [ RunTime:0.000414s ]
SQL: SHOW COLUMNS FROM `uc_webinfo` [ RunTime:0.0380s ]
SQL: SELECT * FROM `uc_webinfo` WHERE `type` = 'NAME' LIMIT 1   [ RunTime:0.0004s ]
SQL: SELECT * FROM `uc_webinfo` WHERE `type` = 'BEIAN' LIMIT 1   [ RunTime:0.0003s ]
SQL: SELECT * FROM `uc_webinfo` WHERE `type` = 'TELEPHONE' LIMIT 1   [ RunTime:0.0002s ]
SQL: SELECT * FROM `uc_webinfo` WHERE `type` = 'FAX' LIMIT 1   [ RunTime:0.0002s ]
SQL: SELECT * FROM `uc_webinfo` WHERE `type` = 'EMAIL' LIMIT 1   [ RunTime:0.0002s ]
SQL: SELECT * FROM `uc_webinfo` WHERE `type` = 'WEBSITE' LIMIT 1   [ RunTime:0.0002s ]
SQL: SELECT * FROM `uc_webinfo` WHERE `type` = 'OFFICE' LIMIT 1   [ RunTime:0.0002s ]
SQL: SELECT * FROM `uc_webinfo` WHERE `type` = 'FACTORYSHENZHEN' LIMIT 1   [ RunTime:0.0003s ]
SQL: SELECT * FROM `uc_webinfo` WHERE `type` = 'FACTORYHUIZHOU' LIMIT 1   [ RunTime:0.0003s ]
INFO: [ view_parse ] --START--
INFO: [ template_filter ] --START--
INFO: Run Behavior\ContentReplaceBehavior [ RunTime:0.000032s ]
INFO: [ template_filter ] --END-- [ RunTime:0.000073s ]
INFO: Run Behavior\ParseTemplateBehavior [ RunTime:0.005200s ]
INFO: [ view_parse ] --END-- [ RunTime:0.005237s ]
INFO: [ view_filter ] --START--
INFO: Run Behavior\WriteHtmlCacheBehavior [ RunTime:0.000114s ]
INFO: [ view_filter ] --END-- [ RunTime:0.000141s ]
INFO: [ app_end ] --START--
INFO: Run Behavior\ShowPageTraceBehavior [ RunTime:0.000309s ]
INFO: [ app_end ] --END-- [ RunTime:0.000337s ]

[ 2015-10-03T00:16:09+08:00 ] ::1 /ucreate-pcb-co/admin.php/Operation/user_alter.html?id=5&name=%E4%BC%A0%E7%9C%9F
INFO: [ app_init ] --START--
INFO: Run Behavior\BuildLiteBehavior [ RunTime:0.000013s ]
INFO: [ app_init ] --END-- [ RunTime:0.000261s ]
NOTIC: [8] Use of undefined constant WEB_ROOT - assumed 'WEB_ROOT' /Applications/XAMPP/xamppfiles/htdocs/ucreate-pcb-co/Admin/Home/Conf/config.php 第 15 行.
NOTIC: [8] Use of undefined constant WEB_ROOT - assumed 'WEB_ROOT' /Applications/XAMPP/xamppfiles/htdocs/ucreate-pcb-co/Admin/Home/Conf/config.php 第 17 行.
INFO: [ app_begin ] --START--
INFO: Run Behavior\ReadHtmlCacheBehavior [ RunTime:0.000289s ]
INFO: [ app_begin ] --END-- [ RunTime:0.000322s ]
SQL: SHOW COLUMNS FROM `uc_webinfo` [ RunTime:0.0025s ]
SQL: SELECT * FROM `uc_webinfo` WHERE `id` = 5 LIMIT 1   [ RunTime:0.0004s ]
NOTIC: [8] Indirect modification of overloaded property Home\Controller\OperationController::$data has no effect /Applications/XAMPP/xamppfiles/htdocs/ucreate-pcb-co/Admin/Home/Controller/OperationController.class.php 第 241 行.

[ 2015-10-03T00:16:38+08:00 ] ::1 /ucreate-pcb-co/admin.php/Operation/user_alter.html?id=5&name=%E4%BC%A0%E7%9C%9F
INFO: [ app_init ] --START--
INFO: Run Behavior\BuildLiteBehavior [ RunTime:0.000017s ]
INFO: [ app_init ] --END-- [ RunTime:0.000307s ]
NOTIC: [8] Use of undefined constant WEB_ROOT - assumed 'WEB_ROOT' /Applications/XAMPP/xamppfiles/htdocs/ucreate-pcb-co/Admin/Home/Conf/config.php 第 15 行.
NOTIC: [8] Use of undefined constant WEB_ROOT - assumed 'WEB_ROOT' /Applications/XAMPP/xamppfiles/htdocs/ucreate-pcb-co/Admin/Home/Conf/config.php 第 17 行.
INFO: [ app_begin ] --START--
INFO: Run Behavior\ReadHtmlCacheBehavior [ RunTime:0.000322s ]
INFO: [ app_begin ] --END-- [ RunTime:0.000364s ]
SQL: SHOW COLUMNS FROM `uc_webinfo` [ RunTime:0.0024s ]
SQL: SELECT * FROM `uc_webinfo` WHERE `id` = 5 LIMIT 1   [ RunTime:0.0003s ]

[ 2015-10-03T00:18:09+08:00 ] ::1 /ucreate-pcb-co/admin.php/Operation/user_alter.html?id=5&name=%E4%BC%A0%E7%9C%9F
INFO: [ app_init ] --START--
INFO: Run Behavior\BuildLiteBehavior [ RunTime:0.000014s ]
INFO: [ app_init ] --END-- [ RunTime:0.000395s ]
NOTIC: [8] Use of undefined constant WEB_ROOT - assumed 'WEB_ROOT' /Applications/XAMPP/xamppfiles/htdocs/ucreate-pcb-co/Admin/Home/Conf/config.php 第 15 行.
NOTIC: [8] Use of undefined constant WEB_ROOT - assumed 'WEB_ROOT' /Applications/XAMPP/xamppfiles/htdocs/ucreate-pcb-co/Admin/Home/Conf/config.php 第 17 行.
INFO: [ app_begin ] --START--
INFO: Run Behavior\ReadHtmlCacheBehavior [ RunTime:0.000357s ]
INFO: [ app_begin ] --END-- [ RunTime:0.000397s ]
SQL: SHOW COLUMNS FROM `uc_webinfo` [ RunTime:0.0022s ]
SQL: SELECT * FROM `uc_webinfo` WHERE `id` = 5 LIMIT 1   [ RunTime:0.0003s ]
INFO: [ view_parse ] --START--
INFO: [ template_filter ] --START--
INFO: Run Behavior\ContentReplaceBehavior [ RunTime:0.000041s ]
INFO: [ template_filter ] --END-- [ RunTime:0.000090s ]
INFO: Run Behavior\ParseTemplateBehavior [ RunTime:0.086028s ]
INFO: [ view_parse ] --END-- [ RunTime:0.086065s ]
INFO: [ view_filter ] --START--
INFO: Run Behavior\WriteHtmlCacheBehavior [ RunTime:0.000133s ]
INFO: [ view_filter ] --END-- [ RunTime:0.000166s ]
INFO: [ app_end ] --START--
INFO: Run Behavior\ShowPageTraceBehavior [ RunTime:0.000387s ]
INFO: [ app_end ] --END-- [ RunTime:0.000434s ]

[ 2015-10-03T00:18:22+08:00 ] ::1 /ucreate-pcb-co/admin.php/Operation/user_alter.html?id=1
INFO: [ app_init ] --START--
INFO: Run Behavior\BuildLiteBehavior [ RunTime:0.000014s ]
INFO: [ app_init ] --END-- [ RunTime:0.000262s ]
NOTIC: [8] Use of undefined constant WEB_ROOT - assumed 'WEB_ROOT' /Applications/XAMPP/xamppfiles/htdocs/ucreate-pcb-co/Admin/Home/Conf/config.php 第 15 行.
NOTIC: [8] Use of undefined constant WEB_ROOT - assumed 'WEB_ROOT' /Applications/XAMPP/xamppfiles/htdocs/ucreate-pcb-co/Admin/Home/Conf/config.php 第 17 行.
INFO: [ app_begin ] --START--
INFO: Run Behavior\ReadHtmlCacheBehavior [ RunTime:0.000366s ]
INFO: [ app_begin ] --END-- [ RunTime:0.000405s ]
NOTIC: [8] Undefined index: name /Applications/XAMPP/xamppfiles/htdocs/ucreate-pcb-co/Admin/Home/Controller/OperationController.class.php 第 238 行.
SQL: SHOW COLUMNS FROM `uc_webinfo` [ RunTime:0.0388s ]
SQL: SELECT * FROM `uc_webinfo` WHERE `id` = 1 LIMIT 1   [ RunTime:0.0005s ]
INFO: [ view_parse ] --START--
INFO: [ template_filter ] --START--
INFO: Run Behavior\ContentReplaceBehavior [ RunTime:0.000032s ]
INFO: [ template_filter ] --END-- [ RunTime:0.000079s ]
INFO: Run Behavior\ParseTemplateBehavior [ RunTime:0.005267s ]
INFO: [ view_parse ] --END-- [ RunTime:0.005339s ]
INFO: [ view_filter ] --START--
INFO: Run Behavior\WriteHtmlCacheBehavior [ RunTime:0.000159s ]
INFO: [ view_filter ] --END-- [ RunTime:0.000197s ]
INFO: [ app_end ] --START--
INFO: Run Behavior\ShowPageTraceBehavior [ RunTime:0.000430s ]
INFO: [ app_end ] --END-- [ RunTime:0.000466s ]

[ 2015-10-03T00:18:40+08:00 ] ::1 /ucreate-pcb-co/admin.php/Operation/user_alter.html?id=3
INFO: [ app_init ] --START--
INFO: Run Behavior\BuildLiteBehavior [ RunTime:0.000018s ]
INFO: [ app_init ] --END-- [ RunTime:0.000347s ]
NOTIC: [8] Use of undefined constant WEB_ROOT - assumed 'WEB_ROOT' /Applications/XAMPP/xamppfiles/htdocs/ucreate-pcb-co/Admin/Home/Conf/config.php 第 15 行.
NOTIC: [8] Use of undefined constant WEB_ROOT - assumed 'WEB_ROOT' /Applications/XAMPP/xamppfiles/htdocs/ucreate-pcb-co/Admin/Home/Conf/config.php 第 17 行.
INFO: [ app_begin ] --START--
INFO: Run Behavior\ReadHtmlCacheBehavior [ RunTime:0.000400s ]
INFO: [ app_begin ] --END-- [ RunTime:0.000449s ]
NOTIC: [8] Undefined index: name /Applications/XAMPP/xamppfiles/htdocs/ucreate-pcb-co/Admin/Home/Controller/OperationController.class.php 第 238 行.
SQL: SHOW COLUMNS FROM `uc_webinfo` [ RunTime:0.0522s ]
SQL: SELECT * FROM `uc_webinfo` WHERE `id` = 3 LIMIT 1   [ RunTime:0.0004s ]
INFO: [ view_parse ] --START--
INFO: [ template_filter ] --START--
INFO: Run Behavior\ContentReplaceBehavior [ RunTime:0.000040s ]
INFO: [ template_filter ] --END-- [ RunTime:0.000096s ]
INFO: Run Behavior\ParseTemplateBehavior [ RunTime:0.006000s ]
INFO: [ view_parse ] --END-- [ RunTime:0.006120s ]
INFO: [ view_filter ] --START--
INFO: Run Behavior\WriteHtmlCacheBehavior [ RunTime:0.000184s ]
INFO: [ view_filter ] --END-- [ RunTime:0.000225s ]
INFO: [ app_end ] --START--
INFO: Run Behavior\ShowPageTraceBehavior [ RunTime:0.000450s ]
INFO: [ app_end ] --END-- [ RunTime:0.000491s ]

[ 2015-10-03T00:18:43+08:00 ] ::1 /ucreate-pcb-co/admin.php/Operation/user_alter.html?id=5&name=%E4%BC%A0%E7%9C%9F
INFO: [ app_init ] --START--
INFO: Run Behavior\BuildLiteBehavior [ RunTime:0.000013s ]
INFO: [ app_init ] --END-- [ RunTime:0.000281s ]
NOTIC: [8] Use of undefined constant WEB_ROOT - assumed 'WEB_ROOT' /Applications/XAMPP/xamppfiles/htdocs/ucreate-pcb-co/Admin/Home/Conf/config.php 第 15 行.
NOTIC: [8] Use of undefined constant WEB_ROOT - assumed 'WEB_ROOT' /Applications/XAMPP/xamppfiles/htdocs/ucreate-pcb-co/Admin/Home/Conf/config.php 第 17 行.
INFO: [ app_begin ] --START--
INFO: Run Behavior\ReadHtmlCacheBehavior [ RunTime:0.000319s ]
INFO: [ app_begin ] --END-- [ RunTime:0.000354s ]
SQL: SHOW COLUMNS FROM `uc_webinfo` [ RunTime:0.0013s ]
SQL: SELECT * FROM `uc_webinfo` WHERE `id` = 5 LIMIT 1   [ RunTime:0.0003s ]
INFO: [ view_parse ] --START--
INFO: [ template_filter ] --START--
INFO: Run Behavior\ContentReplaceBehavior [ RunTime:0.000042s ]
INFO: [ template_filter ] --END-- [ RunTime:0.000112s ]
INFO: Run Behavior\ParseTemplateBehavior [ RunTime:0.006587s ]
INFO: [ view_parse ] --END-- [ RunTime:0.006655s ]
INFO: [ view_filter ] --START--
INFO: Run Behavior\WriteHtmlCacheBehavior [ RunTime:0.000174s ]
INFO: [ view_filter ] --END-- [ RunTime:0.000215s ]
INFO: [ app_end ] --START--
INFO: Run Behavior\ShowPageTraceBehavior [ RunTime:0.000532s ]
INFO: [ app_end ] --END-- [ RunTime:0.000591s ]

[ 2015-10-03T00:19:35+08:00 ] ::1 /ucreate-pcb-co/admin.php/Operation/user.html
INFO: [ app_init ] --START--
INFO: Run Behavior\BuildLiteBehavior [ RunTime:0.000011s ]
INFO: [ app_init ] --END-- [ RunTime:0.000239s ]
NOTIC: [8] Use of undefined constant WEB_ROOT - assumed 'WEB_ROOT' /Applications/XAMPP/xamppfiles/htdocs/ucreate-pcb-co/Admin/Home/Conf/config.php 第 15 行.
NOTIC: [8] Use of undefined constant WEB_ROOT - assumed 'WEB_ROOT' /Applications/XAMPP/xamppfiles/htdocs/ucreate-pcb-co/Admin/Home/Conf/config.php 第 17 行.
INFO: [ app_begin ] --START--
INFO: Run Behavior\ReadHtmlCacheBehavior [ RunTime:0.000380s ]
INFO: [ app_begin ] --END-- [ RunTime:0.000417s ]
SQL: SHOW COLUMNS FROM `uc_webinfo` [ RunTime:0.0403s ]
SQL: SELECT * FROM `uc_webinfo` WHERE `type` = 'NAME' LIMIT 1   [ RunTime:0.0004s ]
SQL: SELECT * FROM `uc_webinfo` WHERE `type` = 'BEIAN' LIMIT 1   [ RunTime:0.0003s ]
SQL: SELECT * FROM `uc_webinfo` WHERE `type` = 'TELEPHONE' LIMIT 1   [ RunTime:0.0003s ]
SQL: SELECT * FROM `uc_webinfo` WHERE `type` = 'FAX' LIMIT 1   [ RunTime:0.0002s ]
SQL: SELECT * FROM `uc_webinfo` WHERE `type` = 'EMAIL' LIMIT 1   [ RunTime:0.0002s ]
SQL: SELECT * FROM `uc_webinfo` WHERE `type` = 'WEBSITE' LIMIT 1   [ RunTime:0.0002s ]
SQL: SELECT * FROM `uc_webinfo` WHERE `type` = 'OFFICE' LIMIT 1   [ RunTime:0.0002s ]
SQL: SELECT * FROM `uc_webinfo` WHERE `type` = 'FACTORYSHENZHEN' LIMIT 1   [ RunTime:0.0004s ]
SQL: SELECT * FROM `uc_webinfo` WHERE `type` = 'FACTORYHUIZHOU' LIMIT 1   [ RunTime:0.0003s ]
INFO: [ view_parse ] --START--
INFO: [ template_filter ] --START--
INFO: Run Behavior\ContentReplaceBehavior [ RunTime:0.000040s ]
INFO: [ template_filter ] --END-- [ RunTime:0.000095s ]
INFO: Run Behavior\ParseTemplateBehavior [ RunTime:0.007566s ]
INFO: [ view_parse ] --END-- [ RunTime:0.007642s ]
INFO: [ view_filter ] --START--
INFO: Run Behavior\WriteHtmlCacheBehavior [ RunTime:0.000140s ]
INFO: [ view_filter ] --END-- [ RunTime:0.000172s ]
INFO: [ app_end ] --START--
INFO: Run Behavior\ShowPageTraceBehavior [ RunTime:0.000423s ]
INFO: [ app_end ] --END-- [ RunTime:0.000468s ]

[ 2015-10-03T00:19:36+08:00 ] ::1 /ucreate-pcb-co/admin.php/Operation/user_alter.html?id=3&name=%E5%85%AC%E5%8F%B8%E5%90%8D
INFO: [ app_init ] --START--
INFO: Run Behavior\BuildLiteBehavior [ RunTime:0.000012s ]
INFO: [ app_init ] --END-- [ RunTime:0.000259s ]
NOTIC: [8] Use of undefined constant WEB_ROOT - assumed 'WEB_ROOT' /Applications/XAMPP/xamppfiles/htdocs/ucreate-pcb-co/Admin/Home/Conf/config.php 第 15 行.
NOTIC: [8] Use of undefined constant WEB_ROOT - assumed 'WEB_ROOT' /Applications/XAMPP/xamppfiles/htdocs/ucreate-pcb-co/Admin/Home/Conf/config.php 第 17 行.
INFO: [ app_begin ] --START--
INFO: Run Behavior\ReadHtmlCacheBehavior [ RunTime:0.000343s ]
INFO: [ app_begin ] --END-- [ RunTime:0.000389s ]
SQL: SHOW COLUMNS FROM `uc_webinfo` [ RunTime:0.0369s ]
SQL: SELECT * FROM `uc_webinfo` WHERE `id` = 3 LIMIT 1   [ RunTime:0.0004s ]
INFO: [ view_parse ] --START--
INFO: [ template_filter ] --START--
INFO: Run Behavior\ContentReplaceBehavior [ RunTime:0.000039s ]
INFO: [ template_filter ] --END-- [ RunTime:0.000101s ]
INFO: Run Behavior\ParseTemplateBehavior [ RunTime:0.006955s ]
INFO: [ view_parse ] --END-- [ RunTime:0.007010s ]
INFO: [ view_filter ] --START--
INFO: Run Behavior\WriteHtmlCacheBehavior [ RunTime:0.000153s ]
INFO: [ view_filter ] --END-- [ RunTime:0.000186s ]
INFO: [ app_end ] --START--
INFO: Run Behavior\ShowPageTraceBehavior [ RunTime:0.000380s ]
INFO: [ app_end ] --END-- [ RunTime:0.000413s ]

[ 2015-10-03T00:19:38+08:00 ] ::1 /ucreate-pcb-co/admin.php/Operation/user_alter.html?id=2&name=%E5%A4%87%E6%A1%88
INFO: [ app_init ] --START--
INFO: Run Behavior\BuildLiteBehavior [ RunTime:0.000013s ]
INFO: [ app_init ] --END-- [ RunTime:0.000290s ]
NOTIC: [8] Use of undefined constant WEB_ROOT - assumed 'WEB_ROOT' /Applications/XAMPP/xamppfiles/htdocs/ucreate-pcb-co/Admin/Home/Conf/config.php 第 15 行.
NOTIC: [8] Use of undefined constant WEB_ROOT - assumed 'WEB_ROOT' /Applications/XAMPP/xamppfiles/htdocs/ucreate-pcb-co/Admin/Home/Conf/config.php 第 17 行.
INFO: [ app_begin ] --START--
INFO: Run Behavior\ReadHtmlCacheBehavior [ RunTime:0.000323s ]
INFO: [ app_begin ] --END-- [ RunTime:0.000361s ]
SQL: SHOW COLUMNS FROM `uc_webinfo` [ RunTime:0.0862s ]
SQL: SELECT * FROM `uc_webinfo` WHERE `id` = 2 LIMIT 1   [ RunTime:0.0005s ]
INFO: [ view_parse ] --START--
INFO: [ template_filter ] --START--
INFO: Run Behavior\ContentReplaceBehavior [ RunTime:0.000033s ]
INFO: [ template_filter ] --END-- [ RunTime:0.000083s ]
INFO: Run Behavior\ParseTemplateBehavior [ RunTime:0.006302s ]
INFO: [ view_parse ] --END-- [ RunTime:0.006373s ]
INFO: [ view_filter ] --START--
INFO: Run Behavior\WriteHtmlCacheBehavior [ RunTime:0.000132s ]
INFO: [ view_filter ] --END-- [ RunTime:0.000165s ]
INFO: [ app_end ] --START--
INFO: Run Behavior\ShowPageTraceBehavior [ RunTime:0.000339s ]
INFO: [ app_end ] --END-- [ RunTime:0.000370s ]

[ 2015-10-03T00:19:41+08:00 ] ::1 /ucreate-pcb-co/admin.php/Operation/user_alter.html?id=6&name=%E9%82%AE%E7%AE%B1
INFO: [ app_init ] --START--
INFO: Run Behavior\BuildLiteBehavior [ RunTime:0.000013s ]
INFO: [ app_init ] --END-- [ RunTime:0.000245s ]
NOTIC: [8] Use of undefined constant WEB_ROOT - assumed 'WEB_ROOT' /Applications/XAMPP/xamppfiles/htdocs/ucreate-pcb-co/Admin/Home/Conf/config.php 第 15 行.
NOTIC: [8] Use of undefined constant WEB_ROOT - assumed 'WEB_ROOT' /Applications/XAMPP/xamppfiles/htdocs/ucreate-pcb-co/Admin/Home/Conf/config.php 第 17 行.
INFO: [ app_begin ] --START--
INFO: Run Behavior\ReadHtmlCacheBehavior [ RunTime:0.000359s ]
INFO: [ app_begin ] --END-- [ RunTime:0.000402s ]
SQL: SHOW COLUMNS FROM `uc_webinfo` [ RunTime:0.0344s ]
SQL: SELECT * FROM `uc_webinfo` WHERE `id` = 6 LIMIT 1   [ RunTime:0.0004s ]
INFO: [ view_parse ] --START--
INFO: [ template_filter ] --START--
INFO: Run Behavior\ContentReplaceBehavior [ RunTime:0.000043s ]
INFO: [ template_filter ] --END-- [ RunTime:0.000115s ]
INFO: Run Behavior\ParseTemplateBehavior [ RunTime:0.006894s ]
INFO: [ view_parse ] --END-- [ RunTime:0.006946s ]
INFO: [ view_filter ] --START--
INFO: Run Behavior\WriteHtmlCacheBehavior [ RunTime:0.000157s ]
INFO: [ view_filter ] --END-- [ RunTime:0.000194s ]
INFO: [ app_end ] --START--
INFO: Run Behavior\ShowPageTraceBehavior [ RunTime:0.000395s ]
INFO: [ app_end ] --END-- [ RunTime:0.000430s ]

[ 2015-10-03T00:19:43+08:00 ] ::1 /ucreate-pcb-co/admin.php/Operation/user_alter.html?id=8&name=%E5%8A%9E%E5%85%AC%E5%AE%A4
INFO: [ app_init ] --START--
INFO: Run Behavior\BuildLiteBehavior [ RunTime:0.000013s ]
INFO: [ app_init ] --END-- [ RunTime:0.000240s ]
NOTIC: [8] Use of undefined constant WEB_ROOT - assumed 'WEB_ROOT' /Applications/XAMPP/xamppfiles/htdocs/ucreate-pcb-co/Admin/Home/Conf/config.php 第 15 行.
NOTIC: [8] Use of undefined constant WEB_ROOT - assumed 'WEB_ROOT' /Applications/XAMPP/xamppfiles/htdocs/ucreate-pcb-co/Admin/Home/Conf/config.php 第 17 行.
INFO: [ app_begin ] --START--
INFO: Run Behavior\ReadHtmlCacheBehavior [ RunTime:0.000353s ]
INFO: [ app_begin ] --END-- [ RunTime:0.000397s ]
SQL: SHOW COLUMNS FROM `uc_webinfo` [ RunTime:0.0474s ]
SQL: SELECT * FROM `uc_webinfo` WHERE `id` = 8 LIMIT 1   [ RunTime:0.0004s ]
INFO: [ view_parse ] --START--
INFO: [ template_filter ] --START--
INFO: Run Behavior\ContentReplaceBehavior [ RunTime:0.000070s ]
INFO: [ template_filter ] --END-- [ RunTime:0.000180s ]
INFO: Run Behavior\ParseTemplateBehavior [ RunTime:0.005457s ]
INFO: [ view_parse ] --END-- [ RunTime:0.005537s ]
INFO: [ view_filter ] --START--
INFO: Run Behavior\WriteHtmlCacheBehavior [ RunTime:0.000219s ]
INFO: [ view_filter ] --END-- [ RunTime:0.000270s ]
INFO: [ app_end ] --START--
INFO: Run Behavior\ShowPageTraceBehavior [ RunTime:0.000503s ]
INFO: [ app_end ] --END-- [ RunTime:0.000566s ]

[ 2015-10-03T00:20:56+08:00 ] ::1 /ucreate-pcb-co/admin.php/Operation/user_alter.html?id=3&name=%E5%85%AC%E5%8F%B8%E5%90%8D
INFO: [ app_init ] --START--
INFO: Run Behavior\BuildLiteBehavior [ RunTime:0.000012s ]
INFO: [ app_init ] --END-- [ RunTime:0.000252s ]
NOTIC: [8] Use of undefined constant WEB_ROOT - assumed 'WEB_ROOT' /Applications/XAMPP/xamppfiles/htdocs/ucreate-pcb-co/Admin/Home/Conf/config.php 第 15 行.
NOTIC: [8] Use of undefined constant WEB_ROOT - assumed 'WEB_ROOT' /Applications/XAMPP/xamppfiles/htdocs/ucreate-pcb-co/Admin/Home/Conf/config.php 第 17 行.
INFO: [ app_begin ] --START--
INFO: Run Behavior\ReadHtmlCacheBehavior [ RunTime:0.000315s ]
INFO: [ app_begin ] --END-- [ RunTime:0.000349s ]

[ 2015-10-03T00:21:23+08:00 ] ::1 /ucreate-pcb-co/admin.php/Operation/user_alter.html?id=3&name=%E5%85%AC%E5%8F%B8%E5%90%8D
INFO: [ app_init ] --START--
INFO: Run Behavior\BuildLiteBehavior [ RunTime:0.000025s ]
INFO: [ app_init ] --END-- [ RunTime:0.000505s ]
NOTIC: [8] Use of undefined constant WEB_ROOT - assumed 'WEB_ROOT' /Applications/XAMPP/xamppfiles/htdocs/ucreate-pcb-co/Admin/Home/Conf/config.php 第 15 行.
NOTIC: [8] Use of undefined constant WEB_ROOT - assumed 'WEB_ROOT' /Applications/XAMPP/xamppfiles/htdocs/ucreate-pcb-co/Admin/Home/Conf/config.php 第 17 行.
INFO: [ app_begin ] --START--
INFO: Run Behavior\ReadHtmlCacheBehavior [ RunTime:0.001009s ]
INFO: [ app_begin ] --END-- [ RunTime:0.001093s ]

[ 2015-10-03T00:21:36+08:00 ] ::1 /ucreate-pcb-co/admin.php/Operation/user_alter.html?id=3&name=%E5%85%AC%E5%8F%B8%E5%90%8D
INFO: [ app_init ] --START--
INFO: Run Behavior\BuildLiteBehavior [ RunTime:0.000019s ]
INFO: [ app_init ] --END-- [ RunTime:0.000346s ]
NOTIC: [8] Use of undefined constant WEB_ROOT - assumed 'WEB_ROOT' /Applications/XAMPP/xamppfiles/htdocs/ucreate-pcb-co/Admin/Home/Conf/config.php 第 15 行.
NOTIC: [8] Use of undefined constant WEB_ROOT - assumed 'WEB_ROOT' /Applications/XAMPP/xamppfiles/htdocs/ucreate-pcb-co/Admin/Home/Conf/config.php 第 17 行.
INFO: [ app_begin ] --START--
INFO: Run Behavior\ReadHtmlCacheBehavior [ RunTime:0.000370s ]
INFO: [ app_begin ] --END-- [ RunTime:0.000417s ]
SQL: SHOW COLUMNS FROM `uc_webinfo` [ RunTime:0.0017s ]
SQL: SELECT * FROM `uc_webinfo` WHERE `id` = 3 LIMIT 1   [ RunTime:0.0004s ]
INFO: [ view_parse ] --START--
INFO: [ template_filter ] --START--
INFO: Run Behavior\ContentReplaceBehavior [ RunTime:0.000043s ]
INFO: [ template_filter ] --END-- [ RunTime:0.000097s ]
INFO: Run Behavior\ParseTemplateBehavior [ RunTime:0.006969s ]
INFO: [ view_parse ] --END-- [ RunTime:0.007045s ]
INFO: [ view_filter ] --START--
INFO: Run Behavior\WriteHtmlCacheBehavior [ RunTime:0.000224s ]
INFO: [ view_filter ] --END-- [ RunTime:0.000257s ]
INFO: [ app_end ] --START--
INFO: Run Behavior\ShowPageTraceBehavior [ RunTime:0.000427s ]
INFO: [ app_end ] --END-- [ RunTime:0.000461s ]

[ 2015-10-03T00:21:39+08:00 ] ::1 /ucreate-pcb-co/admin.php/Operation/user_alter_handle.html
INFO: [ app_init ] --START--
INFO: Run Behavior\BuildLiteBehavior [ RunTime:0.000018s ]
INFO: [ app_init ] --END-- [ RunTime:0.000410s ]
NOTIC: [8] Use of undefined constant WEB_ROOT - assumed 'WEB_ROOT' /Applications/XAMPP/xamppfiles/htdocs/ucreate-pcb-co/Admin/Home/Conf/config.php 第 15 行.
NOTIC: [8] Use of undefined constant WEB_ROOT - assumed 'WEB_ROOT' /Applications/XAMPP/xamppfiles/htdocs/ucreate-pcb-co/Admin/Home/Conf/config.php 第 17 行.
INFO: [ app_begin ] --START--
INFO: Run Behavior\ReadHtmlCacheBehavior [ RunTime:0.000426s ]
INFO: [ app_begin ] --END-- [ RunTime:0.000478s ]

[ 2015-10-03T00:21:58+08:00 ] ::1 /ucreate-pcb-co/admin.php/Operation/user_alter.html?id=3&name=%E5%85%AC%E5%8F%B8%E5%90%8D
INFO: [ app_init ] --START--
INFO: Run Behavior\BuildLiteBehavior [ RunTime:0.000021s ]
INFO: [ app_init ] --END-- [ RunTime:0.000401s ]
NOTIC: [8] Use of undefined constant WEB_ROOT - assumed 'WEB_ROOT' /Applications/XAMPP/xamppfiles/htdocs/ucreate-pcb-co/Admin/Home/Conf/config.php 第 15 行.
NOTIC: [8] Use of undefined constant WEB_ROOT - assumed 'WEB_ROOT' /Applications/XAMPP/xamppfiles/htdocs/ucreate-pcb-co/Admin/Home/Conf/config.php 第 17 行.
INFO: [ app_begin ] --START--
INFO: Run Behavior\ReadHtmlCacheBehavior [ RunTime:0.000430s ]
INFO: [ app_begin ] --END-- [ RunTime:0.000485s ]
SQL: SHOW COLUMNS FROM `uc_webinfo` [ RunTime:0.0023s ]
SQL: SELECT * FROM `uc_webinfo` WHERE `id` = 3 LIMIT 1   [ RunTime:0.0004s ]
INFO: [ view_parse ] --START--
INFO: [ template_filter ] --START--
INFO: Run Behavior\ContentReplaceBehavior [ RunTime:0.000039s ]
INFO: [ template_filter ] --END-- [ RunTime:0.000086s ]
INFO: Run Behavior\ParseTemplateBehavior [ RunTime:0.005317s ]
INFO: [ view_parse ] --END-- [ RunTime:0.005366s ]
INFO: [ view_filter ] --START--
INFO: Run Behavior\WriteHtmlCacheBehavior [ RunTime:0.000139s ]
INFO: [ view_filter ] --END-- [ RunTime:0.000167s ]
INFO: [ app_end ] --START--
INFO: Run Behavior\ShowPageTraceBehavior [ RunTime:0.000374s ]
INFO: [ app_end ] --END-- [ RunTime:0.000404s ]

[ 2015-10-03T00:21:59+08:00 ] ::1 /ucreate-pcb-co/admin.php/Operation/user_alter_handle.html
INFO: [ app_init ] --START--
INFO: Run Behavior\BuildLiteBehavior [ RunTime:0.000012s ]
INFO: [ app_init ] --END-- [ RunTime:0.000256s ]
NOTIC: [8] Use of undefined constant WEB_ROOT - assumed 'WEB_ROOT' /Applications/XAMPP/xamppfiles/htdocs/ucreate-pcb-co/Admin/Home/Conf/config.php 第 15 行.
NOTIC: [8] Use of undefined constant WEB_ROOT - assumed 'WEB_ROOT' /Applications/XAMPP/xamppfiles/htdocs/ucreate-pcb-co/Admin/Home/Conf/config.php 第 17 行.
INFO: [ app_begin ] --START--
INFO: Run Behavior\ReadHtmlCacheBehavior [ RunTime:0.000339s ]
INFO: [ app_begin ] --END-- [ RunTime:0.000384s ]

[ 2015-10-03T00:24:51+08:00 ] ::1 /ucreate-pcb-co/admin.php/Operation/user_alter.html?id=2&name=%E5%A4%87%E6%A1%88
INFO: [ app_init ] --START--
INFO: Run Behavior\BuildLiteBehavior [ RunTime:0.000012s ]
INFO: [ app_init ] --END-- [ RunTime:0.000256s ]
NOTIC: [8] Use of undefined constant WEB_ROOT - assumed 'WEB_ROOT' /Applications/XAMPP/xamppfiles/htdocs/ucreate-pcb-co/Admin/Home/Conf/config.php 第 15 行.
NOTIC: [8] Use of undefined constant WEB_ROOT - assumed 'WEB_ROOT' /Applications/XAMPP/xamppfiles/htdocs/ucreate-pcb-co/Admin/Home/Conf/config.php 第 17 行.
INFO: [ app_begin ] --START--
INFO: Run Behavior\ReadHtmlCacheBehavior [ RunTime:0.000393s ]
INFO: [ app_begin ] --END-- [ RunTime:0.000431s ]
SQL: SHOW COLUMNS FROM `uc_webinfo` [ RunTime:0.0403s ]
SQL: SELECT * FROM `uc_webinfo` WHERE `id` = 2 LIMIT 1   [ RunTime:0.0003s ]
INFO: [ view_parse ] --START--
INFO: [ template_filter ] --START--
INFO: Run Behavior\ContentReplaceBehavior [ RunTime:0.000041s ]
INFO: [ template_filter ] --END-- [ RunTime:0.000121s ]
INFO: Run Behavior\ParseTemplateBehavior [ RunTime:0.005235s ]
INFO: [ view_parse ] --END-- [ RunTime:0.005297s ]
INFO: [ view_filter ] --START--
INFO: Run Behavior\WriteHtmlCacheBehavior [ RunTime:0.000177s ]
INFO: [ view_filter ] --END-- [ RunTime:0.000232s ]
INFO: [ app_end ] --START--
INFO: Run Behavior\ShowPageTraceBehavior [ RunTime:0.000726s ]
INFO: [ app_end ] --END-- [ RunTime:0.000878s ]

[ 2015-10-03T00:24:52+08:00 ] ::1 /ucreate-pcb-co/admin.php/Operation/user_alter_handle.html
INFO: [ app_init ] --START--
INFO: Run Behavior\BuildLiteBehavior [ RunTime:0.000017s ]
INFO: [ app_init ] --END-- [ RunTime:0.000383s ]
NOTIC: [8] Use of undefined constant WEB_ROOT - assumed 'WEB_ROOT' /Applications/XAMPP/xamppfiles/htdocs/ucreate-pcb-co/Admin/Home/Conf/config.php 第 15 行.
NOTIC: [8] Use of undefined constant WEB_ROOT - assumed 'WEB_ROOT' /Applications/XAMPP/xamppfiles/htdocs/ucreate-pcb-co/Admin/Home/Conf/config.php 第 17 行.
INFO: [ app_begin ] --START--
INFO: Run Behavior\ReadHtmlCacheBehavior [ RunTime:0.000507s ]
INFO: [ app_begin ] --END-- [ RunTime:0.000572s ]

[ 2015-10-03T00:24:55+08:00 ] ::1 /ucreate-pcb-co/admin.php/Operation/user_alter.html?id=5&name=%E4%BC%A0%E7%9C%9F
INFO: [ app_init ] --START--
INFO: Run Behavior\BuildLiteBehavior [ RunTime:0.000016s ]
INFO: [ app_init ] --END-- [ RunTime:0.000312s ]
NOTIC: [8] Use of undefined constant WEB_ROOT - assumed 'WEB_ROOT' /Applications/XAMPP/xamppfiles/htdocs/ucreate-pcb-co/Admin/Home/Conf/config.php 第 15 行.
NOTIC: [8] Use of undefined constant WEB_ROOT - assumed 'WEB_ROOT' /Applications/XAMPP/xamppfiles/htdocs/ucreate-pcb-co/Admin/Home/Conf/config.php 第 17 行.
INFO: [ app_begin ] --START--
INFO: Run Behavior\ReadHtmlCacheBehavior [ RunTime:0.000350s ]
INFO: [ app_begin ] --END-- [ RunTime:0.000389s ]
SQL: SHOW COLUMNS FROM `uc_webinfo` [ RunTime:0.0017s ]
SQL: SELECT * FROM `uc_webinfo` WHERE `id` = 5 LIMIT 1   [ RunTime:0.0003s ]
INFO: [ view_parse ] --START--
INFO: [ template_filter ] --START--
INFO: Run Behavior\ContentReplaceBehavior [ RunTime:0.000040s ]
INFO: [ template_filter ] --END-- [ RunTime:0.000082s ]
INFO: Run Behavior\ParseTemplateBehavior [ RunTime:0.004017s ]
INFO: [ view_parse ] --END-- [ RunTime:0.004065s ]
INFO: [ view_filter ] --START--
INFO: Run Behavior\WriteHtmlCacheBehavior [ RunTime:0.000120s ]
INFO: [ view_filter ] --END-- [ RunTime:0.000152s ]
INFO: [ app_end ] --START--
INFO: Run Behavior\ShowPageTraceBehavior [ RunTime:0.000297s ]
INFO: [ app_end ] --END-- [ RunTime:0.000323s ]

[ 2015-10-03T00:24:56+08:00 ] ::1 /ucreate-pcb-co/admin.php/Operation/user_alter_handle.html
INFO: [ app_init ] --START--
INFO: Run Behavior\BuildLiteBehavior [ RunTime:0.000014s ]
INFO: [ app_init ] --END-- [ RunTime:0.000426s ]
NOTIC: [8] Use of undefined constant WEB_ROOT - assumed 'WEB_ROOT' /Applications/XAMPP/xamppfiles/htdocs/ucreate-pcb-co/Admin/Home/Conf/config.php 第 15 行.
NOTIC: [8] Use of undefined constant WEB_ROOT - assumed 'WEB_ROOT' /Applications/XAMPP/xamppfiles/htdocs/ucreate-pcb-co/Admin/Home/Conf/config.php 第 17 行.
INFO: [ app_begin ] --START--
INFO: Run Behavior\ReadHtmlCacheBehavior [ RunTime:0.000318s ]
INFO: [ app_begin ] --END-- [ RunTime:0.000353s ]

[ 2015-10-03T00:28:54+08:00 ] ::1 /ucreate-pcb-co/admin.php/Operation/user_alter.html?id=2&name=%E5%A4%87%E6%A1%88
INFO: [ app_init ] --START--
INFO: Run Behavior\BuildLiteBehavior [ RunTime:0.000014s ]
INFO: [ app_init ] --END-- [ RunTime:0.000277s ]
NOTIC: [8] Use of undefined constant WEB_ROOT - assumed 'WEB_ROOT' /Applications/XAMPP/xamppfiles/htdocs/ucreate-pcb-co/Admin/Home/Conf/config.php 第 15 行.
NOTIC: [8] Use of undefined constant WEB_ROOT - assumed 'WEB_ROOT' /Applications/XAMPP/xamppfiles/htdocs/ucreate-pcb-co/Admin/Home/Conf/config.php 第 17 行.
INFO: [ app_begin ] --START--
INFO: Run Behavior\ReadHtmlCacheBehavior [ RunTime:0.000458s ]
INFO: [ app_begin ] --END-- [ RunTime:0.000501s ]

[ 2015-10-03T00:29:07+08:00 ] ::1 /ucreate-pcb-co/admin.php/Operation/user_alter.html?id=2&name=%E5%A4%87%E6%A1%88
INFO: [ app_init ] --START--
INFO: Run Behavior\BuildLiteBehavior [ RunTime:0.000013s ]
INFO: [ app_init ] --END-- [ RunTime:0.000267s ]
NOTIC: [8] Use of undefined constant WEB_ROOT - assumed 'WEB_ROOT' /Applications/XAMPP/xamppfiles/htdocs/ucreate-pcb-co/Admin/Home/Conf/config.php 第 15 行.
NOTIC: [8] Use of undefined constant WEB_ROOT - assumed 'WEB_ROOT' /Applications/XAMPP/xamppfiles/htdocs/ucreate-pcb-co/Admin/Home/Conf/config.php 第 17 行.
INFO: [ app_begin ] --START--
INFO: Run Behavior\ReadHtmlCacheBehavior [ RunTime:0.000319s ]
INFO: [ app_begin ] --END-- [ RunTime:0.000354s ]
SQL: SHOW COLUMNS FROM `uc_webinfo` [ RunTime:0.0026s ]
SQL: SELECT * FROM `uc_webinfo` WHERE `id` = 2 LIMIT 1   [ RunTime:0.0005s ]
INFO: [ view_parse ] --START--
INFO: [ template_filter ] --START--
INFO: Run Behavior\ContentReplaceBehavior [ RunTime:0.000044s ]
INFO: [ template_filter ] --END-- [ RunTime:0.000098s ]
INFO: Run Behavior\ParseTemplateBehavior [ RunTime:0.005493s ]
INFO: [ view_parse ] --END-- [ RunTime:0.005553s ]
INFO: [ view_filter ] --START--
INFO: Run Behavior\WriteHtmlCacheBehavior [ RunTime:0.000138s ]
INFO: [ view_filter ] --END-- [ RunTime:0.000170s ]
INFO: [ app_end ] --START--
INFO: Run Behavior\ShowPageTraceBehavior [ RunTime:0.000368s ]
INFO: [ app_end ] --END-- [ RunTime:0.000398s ]

[ 2015-10-03T00:29:10+08:00 ] ::1 /ucreate-pcb-co/admin.php/Operation/user_alter_handle.html
INFO: [ app_init ] --START--
INFO: Run Behavior\BuildLiteBehavior [ RunTime:0.000016s ]
INFO: [ app_init ] --END-- [ RunTime:0.000328s ]
NOTIC: [8] Use of undefined constant WEB_ROOT - assumed 'WEB_ROOT' /Applications/XAMPP/xamppfiles/htdocs/ucreate-pcb-co/Admin/Home/Conf/config.php 第 15 行.
NOTIC: [8] Use of undefined constant WEB_ROOT - assumed 'WEB_ROOT' /Applications/XAMPP/xamppfiles/htdocs/ucreate-pcb-co/Admin/Home/Conf/config.php 第 17 行.
INFO: [ app_begin ] --START--
INFO: Run Behavior\ReadHtmlCacheBehavior [ RunTime:0.000404s ]
INFO: [ app_begin ] --END-- [ RunTime:0.000446s ]
SQL: SHOW COLUMNS FROM `uc_webinfo` [ RunTime:0.0017s ]
SQL: UPDATE `uc_webinfo` SET `content`='粤ICP备11072830111',`controller`='admin',`created_time`='2015-10-03 00:29:10' WHERE `id` = 2 [ RunTime:0.0195s ]
INFO: [ view_parse ] --START--
INFO: [ template_filter ] --START--
INFO: Run Behavior\ContentReplaceBehavior [ RunTime:0.000025s ]
INFO: [ template_filter ] --END-- [ RunTime:0.000071s ]
INFO: Run Behavior\ParseTemplateBehavior [ RunTime:0.035212s ]
INFO: [ view_parse ] --END-- [ RunTime:0.035270s ]
INFO: [ view_filter ] --START--
INFO: Run Behavior\WriteHtmlCacheBehavior [ RunTime:0.000133s ]
INFO: [ view_filter ] --END-- [ RunTime:0.000163s ]
INFO: [ app_end ] --START--
INFO: Run Behavior\ShowPageTraceBehavior [ RunTime:0.000354s ]
INFO: [ app_end ] --END-- [ RunTime:0.000387s ]

[ 2015-10-03T00:29:11+08:00 ] ::1 /ucreate-pcb-co/admin.php/Operation/User.html
INFO: [ app_init ] --START--
INFO: Run Behavior\BuildLiteBehavior [ RunTime:0.000014s ]
INFO: [ app_init ] --END-- [ RunTime:0.000250s ]
NOTIC: [8] Use of undefined constant WEB_ROOT - assumed 'WEB_ROOT' /Applications/XAMPP/xamppfiles/htdocs/ucreate-pcb-co/Admin/Home/Conf/config.php 第 15 行.
NOTIC: [8] Use of undefined constant WEB_ROOT - assumed 'WEB_ROOT' /Applications/XAMPP/xamppfiles/htdocs/ucreate-pcb-co/Admin/Home/Conf/config.php 第 17 行.
INFO: [ app_begin ] --START--
INFO: Run Behavior\ReadHtmlCacheBehavior [ RunTime:0.000358s ]
INFO: [ app_begin ] --END-- [ RunTime:0.000397s ]
SQL: SHOW COLUMNS FROM `uc_webinfo` [ RunTime:0.0127s ]
SQL: SELECT * FROM `uc_webinfo` WHERE `type` = 'NAME' LIMIT 1   [ RunTime:0.0003s ]
SQL: SELECT * FROM `uc_webinfo` WHERE `type` = 'BEIAN' LIMIT 1   [ RunTime:0.0002s ]
SQL: SELECT * FROM `uc_webinfo` WHERE `type` = 'TELEPHONE' LIMIT 1   [ RunTime:0.0002s ]
SQL: SELECT * FROM `uc_webinfo` WHERE `type` = 'FAX' LIMIT 1   [ RunTime:0.0002s ]
SQL: SELECT * FROM `uc_webinfo` WHERE `type` = 'EMAIL' LIMIT 1   [ RunTime:0.0002s ]
SQL: SELECT * FROM `uc_webinfo` WHERE `type` = 'WEBSITE' LIMIT 1   [ RunTime:0.0002s ]
SQL: SELECT * FROM `uc_webinfo` WHERE `type` = 'OFFICE' LIMIT 1   [ RunTime:0.0002s ]
SQL: SELECT * FROM `uc_webinfo` WHERE `type` = 'FACTORYSHENZHEN' LIMIT 1   [ RunTime:0.0002s ]
SQL: SELECT * FROM `uc_webinfo` WHERE `type` = 'FACTORYHUIZHOU' LIMIT 1   [ RunTime:0.0002s ]
INFO: [ view_parse ] --START--
INFO: [ template_filter ] --START--
INFO: Run Behavior\ContentReplaceBehavior [ RunTime:0.000033s ]
INFO: [ template_filter ] --END-- [ RunTime:0.000078s ]
INFO: Run Behavior\ParseTemplateBehavior [ RunTime:0.018719s ]
INFO: [ view_parse ] --END-- [ RunTime:0.018771s ]
INFO: [ view_filter ] --START--
INFO: Run Behavior\WriteHtmlCacheBehavior [ RunTime:0.000149s ]
INFO: [ view_filter ] --END-- [ RunTime:0.000188s ]
INFO: [ app_end ] --START--
INFO: Run Behavior\ShowPageTraceBehavior [ RunTime:0.000413s ]
INFO: [ app_end ] --END-- [ RunTime:0.000460s ]

[ 2015-10-03T00:29:13+08:00 ] ::1 /ucreate-pcb-co/admin.php/Operation/user_alter.html?id=2&name=%E5%A4%87%E6%A1%88
INFO: [ app_init ] --START--
INFO: Run Behavior\BuildLiteBehavior [ RunTime:0.000012s ]
INFO: [ app_init ] --END-- [ RunTime:0.000254s ]
NOTIC: [8] Use of undefined constant WEB_ROOT - assumed 'WEB_ROOT' /Applications/XAMPP/xamppfiles/htdocs/ucreate-pcb-co/Admin/Home/Conf/config.php 第 15 行.
NOTIC: [8] Use of undefined constant WEB_ROOT - assumed 'WEB_ROOT' /Applications/XAMPP/xamppfiles/htdocs/ucreate-pcb-co/Admin/Home/Conf/config.php 第 17 行.
INFO: [ app_begin ] --START--
INFO: Run Behavior\ReadHtmlCacheBehavior [ RunTime:0.000288s ]
INFO: [ app_begin ] --END-- [ RunTime:0.000319s ]
SQL: SHOW COLUMNS FROM `uc_webinfo` [ RunTime:0.0015s ]
SQL: SELECT * FROM `uc_webinfo` WHERE `id` = 2 LIMIT 1   [ RunTime:0.0004s ]
INFO: [ view_parse ] --START--
INFO: [ template_filter ] --START--
INFO: Run Behavior\ContentReplaceBehavior [ RunTime:0.000029s ]
INFO: [ template_filter ] --END-- [ RunTime:0.000074s ]
INFO: Run Behavior\ParseTemplateBehavior [ RunTime:0.004280s ]
INFO: [ view_parse ] --END-- [ RunTime:0.004331s ]
INFO: [ view_filter ] --START--
INFO: Run Behavior\WriteHtmlCacheBehavior [ RunTime:0.000098s ]
INFO: [ view_filter ] --END-- [ RunTime:0.000128s ]
INFO: [ app_end ] --START--
INFO: Run Behavior\ShowPageTraceBehavior [ RunTime:0.000375s ]
INFO: [ app_end ] --END-- [ RunTime:0.000406s ]

[ 2015-10-03T00:29:16+08:00 ] ::1 /ucreate-pcb-co/admin.php/Operation/user_alter_handle.html
INFO: [ app_init ] --START--
INFO: Run Behavior\BuildLiteBehavior [ RunTime:0.000017s ]
INFO: [ app_init ] --END-- [ RunTime:0.000375s ]
NOTIC: [8] Use of undefined constant WEB_ROOT - assumed 'WEB_ROOT' /Applications/XAMPP/xamppfiles/htdocs/ucreate-pcb-co/Admin/Home/Conf/config.php 第 15 行.
NOTIC: [8] Use of undefined constant WEB_ROOT - assumed 'WEB_ROOT' /Applications/XAMPP/xamppfiles/htdocs/ucreate-pcb-co/Admin/Home/Conf/config.php 第 17 行.
INFO: [ app_begin ] --START--
INFO: Run Behavior\ReadHtmlCacheBehavior [ RunTime:0.000560s ]
INFO: [ app_begin ] --END-- [ RunTime:0.000633s ]
SQL: SHOW COLUMNS FROM `uc_webinfo` [ RunTime:0.0015s ]
SQL: UPDATE `uc_webinfo` SET `content`='粤ICP备11072830',`controller`='admin',`created_time`='2015-10-03 00:29:16' WHERE `id` = 2 [ RunTime:0.0181s ]
INFO: [ view_parse ] --START--
INFO: [ template_filter ] --START--
INFO: Run Behavior\ContentReplaceBehavior [ RunTime:0.000027s ]
INFO: [ template_filter ] --END-- [ RunTime:0.000077s ]
INFO: Run Behavior\ParseTemplateBehavior [ RunTime:0.004519s ]
INFO: [ view_parse ] --END-- [ RunTime:0.004576s ]
INFO: [ view_filter ] --START--
INFO: Run Behavior\WriteHtmlCacheBehavior [ RunTime:0.000142s ]
INFO: [ view_filter ] --END-- [ RunTime:0.000176s ]
INFO: [ app_end ] --START--
INFO: Run Behavior\ShowPageTraceBehavior [ RunTime:0.000674s ]
INFO: [ app_end ] --END-- [ RunTime:0.000778s ]

[ 2015-10-03T00:29:17+08:00 ] ::1 /ucreate-pcb-co/admin.php/Operation/User.html
INFO: [ app_init ] --START--
INFO: Run Behavior\BuildLiteBehavior [ RunTime:0.000014s ]
INFO: [ app_init ] --END-- [ RunTime:0.000255s ]
NOTIC: [8] Use of undefined constant WEB_ROOT - assumed 'WEB_ROOT' /Applications/XAMPP/xamppfiles/htdocs/ucreate-pcb-co/Admin/Home/Conf/config.php 第 15 行.
NOTIC: [8] Use of undefined constant WEB_ROOT - assumed 'WEB_ROOT' /Applications/XAMPP/xamppfiles/htdocs/ucreate-pcb-co/Admin/Home/Conf/config.php 第 17 行.
INFO: [ app_begin ] --START--
INFO: Run Behavior\ReadHtmlCacheBehavior [ RunTime:0.000385s ]
INFO: [ app_begin ] --END-- [ RunTime:0.000426s ]
SQL: SHOW COLUMNS FROM `uc_webinfo` [ RunTime:0.0026s ]
SQL: SELECT * FROM `uc_webinfo` WHERE `type` = 'NAME' LIMIT 1   [ RunTime:0.0005s ]
SQL: SELECT * FROM `uc_webinfo` WHERE `type` = 'BEIAN' LIMIT 1   [ RunTime:0.0005s ]
SQL: SELECT * FROM `uc_webinfo` WHERE `type` = 'TELEPHONE' LIMIT 1   [ RunTime:0.0003s ]
SQL: SELECT * FROM `uc_webinfo` WHERE `type` = 'FAX' LIMIT 1   [ RunTime:0.0002s ]
SQL: SELECT * FROM `uc_webinfo` WHERE `type` = 'EMAIL' LIMIT 1   [ RunTime:0.0002s ]
SQL: SELECT * FROM `uc_webinfo` WHERE `type` = 'WEBSITE' LIMIT 1   [ RunTime:0.0002s ]
SQL: SELECT * FROM `uc_webinfo` WHERE `type` = 'OFFICE' LIMIT 1   [ RunTime:0.0003s ]
SQL: SELECT * FROM `uc_webinfo` WHERE `type` = 'FACTORYSHENZHEN' LIMIT 1   [ RunTime:0.0003s ]
SQL: SELECT * FROM `uc_webinfo` WHERE `type` = 'FACTORYHUIZHOU' LIMIT 1   [ RunTime:0.0002s ]
INFO: [ view_parse ] --START--
INFO: [ template_filter ] --START--
INFO: Run Behavior\ContentReplaceBehavior [ RunTime:0.000035s ]
INFO: [ template_filter ] --END-- [ RunTime:0.000086s ]
INFO: Run Behavior\ParseTemplateBehavior [ RunTime:0.006565s ]
INFO: [ view_parse ] --END-- [ RunTime:0.006605s ]
INFO: [ view_filter ] --START--
INFO: Run Behavior\WriteHtmlCacheBehavior [ RunTime:0.000131s ]
INFO: [ view_filter ] --END-- [ RunTime:0.000171s ]
INFO: [ app_end ] --START--
INFO: Run Behavior\ShowPageTraceBehavior [ RunTime:0.000471s ]
INFO: [ app_end ] --END-- [ RunTime:0.000525s ]

[ 2015-10-03T00:29:19+08:00 ] ::1 /ucreate-pcb-co/admin.php/Operation/user_alter.html?id=10&name=%E6%83%A0%E5%B7%9E%E5%B7%A5%E5%8E%82
INFO: [ app_init ] --START--
INFO: Run Behavior\BuildLiteBehavior [ RunTime:0.000016s ]
INFO: [ app_init ] --END-- [ RunTime:0.000264s ]
NOTIC: [8] Use of undefined constant WEB_ROOT - assumed 'WEB_ROOT' /Applications/XAMPP/xamppfiles/htdocs/ucreate-pcb-co/Admin/Home/Conf/config.php 第 15 行.
NOTIC: [8] Use of undefined constant WEB_ROOT - assumed 'WEB_ROOT' /Applications/XAMPP/xamppfiles/htdocs/ucreate-pcb-co/Admin/Home/Conf/config.php 第 17 行.
INFO: [ app_begin ] --START--
INFO: Run Behavior\ReadHtmlCacheBehavior [ RunTime:0.000327s ]
INFO: [ app_begin ] --END-- [ RunTime:0.000365s ]
SQL: SHOW COLUMNS FROM `uc_webinfo` [ RunTime:0.0017s ]
SQL: SELECT * FROM `uc_webinfo` WHERE `id` = 10 LIMIT 1   [ RunTime:0.0003s ]
INFO: [ view_parse ] --START--
INFO: [ template_filter ] --START--
INFO: Run Behavior\ContentReplaceBehavior [ RunTime:0.000027s ]
INFO: [ template_filter ] --END-- [ RunTime:0.000061s ]
INFO: Run Behavior\ParseTemplateBehavior [ RunTime:0.004304s ]
INFO: [ view_parse ] --END-- [ RunTime:0.004357s ]
INFO: [ view_filter ] --START--
INFO: Run Behavior\WriteHtmlCacheBehavior [ RunTime:0.000197s ]
INFO: [ view_filter ] --END-- [ RunTime:0.000237s ]
INFO: [ app_end ] --START--
INFO: Run Behavior\ShowPageTraceBehavior [ RunTime:0.000479s ]
INFO: [ app_end ] --END-- [ RunTime:0.000533s ]

[ 2015-10-03T00:29:22+08:00 ] ::1 /ucreate-pcb-co/admin.php/Operation/user_alter_handle.html
INFO: [ app_init ] --START--
INFO: Run Behavior\BuildLiteBehavior [ RunTime:0.000013s ]
INFO: [ app_init ] --END-- [ RunTime:0.000273s ]
NOTIC: [8] Use of undefined constant WEB_ROOT - assumed 'WEB_ROOT' /Applications/XAMPP/xamppfiles/htdocs/ucreate-pcb-co/Admin/Home/Conf/config.php 第 15 行.
NOTIC: [8] Use of undefined constant WEB_ROOT - assumed 'WEB_ROOT' /Applications/XAMPP/xamppfiles/htdocs/ucreate-pcb-co/Admin/Home/Conf/config.php 第 17 行.
INFO: [ app_begin ] --START--
INFO: Run Behavior\ReadHtmlCacheBehavior [ RunTime:0.000328s ]
INFO: [ app_begin ] --END-- [ RunTime:0.000368s ]
SQL: SHOW COLUMNS FROM `uc_webinfo` [ RunTime:0.0023s ]
SQL: UPDATE `uc_webinfo` SET `content`='中国广东省惠州市响水河石化大道114343',`controller`='admin',`created_time`='2015-10-03 00:29:22' WHERE `id` = 10 [ RunTime:0.0484s ]
INFO: [ view_parse ] --START--
INFO: [ template_filter ] --START--
INFO: Run Behavior\ContentReplaceBehavior [ RunTime:0.000025s ]
INFO: [ template_filter ] --END-- [ RunTime:0.000071s ]
INFO: Run Behavior\ParseTemplateBehavior [ RunTime:0.004872s ]
INFO: [ view_parse ] --END-- [ RunTime:0.004914s ]
INFO: [ view_filter ] --START--
INFO: Run Behavior\WriteHtmlCacheBehavior [ RunTime:0.000121s ]
INFO: [ view_filter ] --END-- [ RunTime:0.000148s ]
INFO: [ app_end ] --START--
INFO: Run Behavior\ShowPageTraceBehavior [ RunTime:0.000333s ]
INFO: [ app_end ] --END-- [ RunTime:0.000360s ]

[ 2015-10-03T00:29:23+08:00 ] ::1 /ucreate-pcb-co/admin.php/Operation/User.html
INFO: [ app_init ] --START--
INFO: Run Behavior\BuildLiteBehavior [ RunTime:0.000011s ]
INFO: [ app_init ] --END-- [ RunTime:0.000226s ]
NOTIC: [8] Use of undefined constant WEB_ROOT - assumed 'WEB_ROOT' /Applications/XAMPP/xamppfiles/htdocs/ucreate-pcb-co/Admin/Home/Conf/config.php 第 15 行.
NOTIC: [8] Use of undefined constant WEB_ROOT - assumed 'WEB_ROOT' /Applications/XAMPP/xamppfiles/htdocs/ucreate-pcb-co/Admin/Home/Conf/config.php 第 17 行.
INFO: [ app_begin ] --START--
INFO: Run Behavior\ReadHtmlCacheBehavior [ RunTime:0.000312s ]
INFO: [ app_begin ] --END-- [ RunTime:0.000344s ]
SQL: SHOW COLUMNS FROM `uc_webinfo` [ RunTime:0.0016s ]
SQL: SELECT * FROM `uc_webinfo` WHERE `type` = 'NAME' LIMIT 1   [ RunTime:0.0003s ]
SQL: SELECT * FROM `uc_webinfo` WHERE `type` = 'BEIAN' LIMIT 1   [ RunTime:0.0002s ]
SQL: SELECT * FROM `uc_webinfo` WHERE `type` = 'TELEPHONE' LIMIT 1   [ RunTime:0.0002s ]
SQL: SELECT * FROM `uc_webinfo` WHERE `type` = 'FAX' LIMIT 1   [ RunTime:0.0002s ]
SQL: SELECT * FROM `uc_webinfo` WHERE `type` = 'EMAIL' LIMIT 1   [ RunTime:0.0002s ]
SQL: SELECT * FROM `uc_webinfo` WHERE `type` = 'WEBSITE' LIMIT 1   [ RunTime:0.0007s ]
SQL: SELECT * FROM `uc_webinfo` WHERE `type` = 'OFFICE' LIMIT 1   [ RunTime:0.0004s ]
SQL: SELECT * FROM `uc_webinfo` WHERE `type` = 'FACTORYSHENZHEN' LIMIT 1   [ RunTime:0.0003s ]
SQL: SELECT * FROM `uc_webinfo` WHERE `type` = 'FACTORYHUIZHOU' LIMIT 1   [ RunTime:0.0003s ]
INFO: [ view_parse ] --START--
INFO: [ template_filter ] --START--
INFO: Run Behavior\ContentReplaceBehavior [ RunTime:0.000055s ]
INFO: [ template_filter ] --END-- [ RunTime:0.000135s ]
INFO: Run Behavior\ParseTemplateBehavior [ RunTime:0.011160s ]
INFO: [ view_parse ] --END-- [ RunTime:0.011263s ]
INFO: [ view_filter ] --START--
INFO: Run Behavior\WriteHtmlCacheBehavior [ RunTime:0.000188s ]
INFO: [ view_filter ] --END-- [ RunTime:0.000237s ]
INFO: [ app_end ] --START--
INFO: Run Behavior\ShowPageTraceBehavior [ RunTime:0.000556s ]
INFO: [ app_end ] --END-- [ RunTime:0.000613s ]

[ 2015-10-03T00:29:24+08:00 ] ::1 /ucreate-pcb-co/admin.php/Operation/user_alter.html?id=10&name=%E6%83%A0%E5%B7%9E%E5%B7%A5%E5%8E%82
INFO: [ app_init ] --START--
INFO: Run Behavior\BuildLiteBehavior [ RunTime:0.000014s ]
INFO: [ app_init ] --END-- [ RunTime:0.000264s ]
NOTIC: [8] Use of undefined constant WEB_ROOT - assumed 'WEB_ROOT' /Applications/XAMPP/xamppfiles/htdocs/ucreate-pcb-co/Admin/Home/Conf/config.php 第 15 行.
NOTIC: [8] Use of undefined constant WEB_ROOT - assumed 'WEB_ROOT' /Applications/XAMPP/xamppfiles/htdocs/ucreate-pcb-co/Admin/Home/Conf/config.php 第 17 行.
INFO: [ app_begin ] --START--
INFO: Run Behavior\ReadHtmlCacheBehavior [ RunTime:0.000316s ]
INFO: [ app_begin ] --END-- [ RunTime:0.000352s ]
SQL: SHOW COLUMNS FROM `uc_webinfo` [ RunTime:0.0021s ]
SQL: SELECT * FROM `uc_webinfo` WHERE `id` = 10 LIMIT 1   [ RunTime:0.0005s ]
INFO: [ view_parse ] --START--
INFO: [ template_filter ] --START--
INFO: Run Behavior\ContentReplaceBehavior [ RunTime:0.000033s ]
INFO: [ template_filter ] --END-- [ RunTime:0.000080s ]
INFO: Run Behavior\ParseTemplateBehavior [ RunTime:0.005391s ]
INFO: [ view_parse ] --END-- [ RunTime:0.005454s ]
INFO: [ view_filter ] --START--
INFO: Run Behavior\WriteHtmlCacheBehavior [ RunTime:0.000121s ]
INFO: [ view_filter ] --END-- [ RunTime:0.000150s ]
INFO: [ app_end ] --START--
INFO: Run Behavior\ShowPageTraceBehavior [ RunTime:0.000332s ]
INFO: [ app_end ] --END-- [ RunTime:0.000360s ]

[ 2015-10-03T00:29:27+08:00 ] ::1 /ucreate-pcb-co/admin.php/Operation/user_alter_handle.html
INFO: [ app_init ] --START--
INFO: Run Behavior\BuildLiteBehavior [ RunTime:0.000019s ]
INFO: [ app_init ] --END-- [ RunTime:0.000401s ]
NOTIC: [8] Use of undefined constant WEB_ROOT - assumed 'WEB_ROOT' /Applications/XAMPP/xamppfiles/htdocs/ucreate-pcb-co/Admin/Home/Conf/config.php 第 15 行.
NOTIC: [8] Use of undefined constant WEB_ROOT - assumed 'WEB_ROOT' /Applications/XAMPP/xamppfiles/htdocs/ucreate-pcb-co/Admin/Home/Conf/config.php 第 17 行.
INFO: [ app_begin ] --START--
INFO: Run Behavior\ReadHtmlCacheBehavior [ RunTime:0.000548s ]
INFO: [ app_begin ] --END-- [ RunTime:0.000637s ]
SQL: SHOW COLUMNS FROM `uc_webinfo` [ RunTime:0.0404s ]
SQL: UPDATE `uc_webinfo` SET `content`='中国广东省惠州市响水河石化大道',`controller`='admin',`created_time`='2015-10-03 00:29:27' WHERE `id` = 10 [ RunTime:0.0143s ]
INFO: [ view_parse ] --START--
INFO: [ template_filter ] --START--
INFO: Run Behavior\ContentReplaceBehavior [ RunTime:0.000032s ]
INFO: [ template_filter ] --END-- [ RunTime:0.000095s ]
INFO: Run Behavior\ParseTemplateBehavior [ RunTime:0.005234s ]
INFO: [ view_parse ] --END-- [ RunTime:0.005292s ]
INFO: [ view_filter ] --START--
INFO: Run Behavior\WriteHtmlCacheBehavior [ RunTime:0.000148s ]
INFO: [ view_filter ] --END-- [ RunTime:0.000177s ]
INFO: [ app_end ] --START--
INFO: Run Behavior\ShowPageTraceBehavior [ RunTime:0.000364s ]
INFO: [ app_end ] --END-- [ RunTime:0.000403s ]

[ 2015-10-03T00:29:28+08:00 ] ::1 /ucreate-pcb-co/admin.php/Operation/User.html
INFO: [ app_init ] --START--
INFO: Run Behavior\BuildLiteBehavior [ RunTime:0.000015s ]
INFO: [ app_init ] --END-- [ RunTime:0.000311s ]
NOTIC: [8] Use of undefined constant WEB_ROOT - assumed 'WEB_ROOT' /Applications/XAMPP/xamppfiles/htdocs/ucreate-pcb-co/Admin/Home/Conf/config.php 第 15 行.
NOTIC: [8] Use of undefined constant WEB_ROOT - assumed 'WEB_ROOT' /Applications/XAMPP/xamppfiles/htdocs/ucreate-pcb-co/Admin/Home/Conf/config.php 第 17 行.
INFO: [ app_begin ] --START--
INFO: Run Behavior\ReadHtmlCacheBehavior [ RunTime:0.000342s ]
INFO: [ app_begin ] --END-- [ RunTime:0.000382s ]
SQL: SHOW COLUMNS FROM `uc_webinfo` [ RunTime:0.0016s ]
SQL: SELECT * FROM `uc_webinfo` WHERE `type` = 'NAME' LIMIT 1   [ RunTime:0.0003s ]
SQL: SELECT * FROM `uc_webinfo` WHERE `type` = 'BEIAN' LIMIT 1   [ RunTime:0.0002s ]
SQL: SELECT * FROM `uc_webinfo` WHERE `type` = 'TELEPHONE' LIMIT 1   [ RunTime:0.0002s ]
SQL: SELECT * FROM `uc_webinfo` WHERE `type` = 'FAX' LIMIT 1   [ RunTime:0.0002s ]
SQL: SELECT * FROM `uc_webinfo` WHERE `type` = 'EMAIL' LIMIT 1   [ RunTime:0.0002s ]
SQL: SELECT * FROM `uc_webinfo` WHERE `type` = 'WEBSITE' LIMIT 1   [ RunTime:0.0002s ]
SQL: SELECT * FROM `uc_webinfo` WHERE `type` = 'OFFICE' LIMIT 1   [ RunTime:0.0002s ]
SQL: SELECT * FROM `uc_webinfo` WHERE `type` = 'FACTORYSHENZHEN' LIMIT 1   [ RunTime:0.0002s ]
SQL: SELECT * FROM `uc_webinfo` WHERE `type` = 'FACTORYHUIZHOU' LIMIT 1   [ RunTime:0.0002s ]
INFO: [ view_parse ] --START--
INFO: [ template_filter ] --START--
INFO: Run Behavior\ContentReplaceBehavior [ RunTime:0.000034s ]
INFO: [ template_filter ] --END-- [ RunTime:0.000079s ]
INFO: Run Behavior\ParseTemplateBehavior [ RunTime:0.005460s ]
INFO: [ view_parse ] --END-- [ RunTime:0.005502s ]
INFO: [ view_filter ] --START--
INFO: Run Behavior\WriteHtmlCacheBehavior [ RunTime:0.000126s ]
INFO: [ view_filter ] --END-- [ RunTime:0.000155s ]
INFO: [ app_end ] --START--
INFO: Run Behavior\ShowPageTraceBehavior [ RunTime:0.000333s ]
INFO: [ app_end ] --END-- [ RunTime:0.000362s ]

[ 2015-10-03T00:29:37+08:00 ] ::1 /ucreate-pcb-co/admin.php/Operation/user_alter.html?id=9&name=%E6%B7%B1%E5%9C%B3%E5%B7%A5%E5%8E%82
INFO: [ app_init ] --START--
INFO: Run Behavior\BuildLiteBehavior [ RunTime:0.000017s ]
INFO: [ app_init ] --END-- [ RunTime:0.000312s ]
NOTIC: [8] Use of undefined constant WEB_ROOT - assumed 'WEB_ROOT' /Applications/XAMPP/xamppfiles/htdocs/ucreate-pcb-co/Admin/Home/Conf/config.php 第 15 行.
NOTIC: [8] Use of undefined constant WEB_ROOT - assumed 'WEB_ROOT' /Applications/XAMPP/xamppfiles/htdocs/ucreate-pcb-co/Admin/Home/Conf/config.php 第 17 行.
INFO: [ app_begin ] --START--
INFO: Run Behavior\ReadHtmlCacheBehavior [ RunTime:0.000322s ]
INFO: [ app_begin ] --END-- [ RunTime:0.000366s ]
SQL: SHOW COLUMNS FROM `uc_webinfo` [ RunTime:0.0022s ]
SQL: SELECT * FROM `uc_webinfo` WHERE `id` = 9 LIMIT 1   [ RunTime:0.0005s ]
INFO: [ view_parse ] --START--
INFO: [ template_filter ] --START--
INFO: Run Behavior\ContentReplaceBehavior [ RunTime:0.000036s ]
INFO: [ template_filter ] --END-- [ RunTime:0.000088s ]
INFO: Run Behavior\ParseTemplateBehavior [ RunTime:0.004933s ]
INFO: [ view_parse ] --END-- [ RunTime:0.004993s ]
INFO: [ view_filter ] --START--
INFO: Run Behavior\WriteHtmlCacheBehavior [ RunTime:0.000124s ]
INFO: [ view_filter ] --END-- [ RunTime:0.000156s ]
INFO: [ app_end ] --START--
INFO: Run Behavior\ShowPageTraceBehavior [ RunTime:0.000354s ]
INFO: [ app_end ] --END-- [ RunTime:0.000386s ]

[ 2015-10-03T00:29:40+08:00 ] ::1 /ucreate-pcb-co/admin.php/Operation/user_alter_handle.html
INFO: [ app_init ] --START--
INFO: Run Behavior\BuildLiteBehavior [ RunTime:0.000012s ]
INFO: [ app_init ] --END-- [ RunTime:0.000243s ]
NOTIC: [8] Use of undefined constant WEB_ROOT - assumed 'WEB_ROOT' /Applications/XAMPP/xamppfiles/htdocs/ucreate-pcb-co/Admin/Home/Conf/config.php 第 15 行.
NOTIC: [8] Use of undefined constant WEB_ROOT - assumed 'WEB_ROOT' /Applications/XAMPP/xamppfiles/htdocs/ucreate-pcb-co/Admin/Home/Conf/config.php 第 17 行.
INFO: [ app_begin ] --START--
INFO: Run Behavior\ReadHtmlCacheBehavior [ RunTime:0.000310s ]
INFO: [ app_begin ] --END-- [ RunTime:0.000345s ]
SQL: SHOW COLUMNS FROM `uc_webinfo` [ RunTime:0.0420s ]
SQL: UPDATE `uc_webinfo` SET `content`='中国广东省深圳市龙岗区金源路23号你好',`controller`='admin',`created_time`='2015-10-03 00:29:40' WHERE `id` = 9 [ RunTime:0.0133s ]
INFO: [ view_parse ] --START--
INFO: [ template_filter ] --START--
INFO: Run Behavior\ContentReplaceBehavior [ RunTime:0.000026s ]
INFO: [ template_filter ] --END-- [ RunTime:0.000066s ]
INFO: Run Behavior\ParseTemplateBehavior [ RunTime:0.003901s ]
INFO: [ view_parse ] --END-- [ RunTime:0.003949s ]
INFO: [ view_filter ] --START--
INFO: Run Behavior\WriteHtmlCacheBehavior [ RunTime:0.000125s ]
INFO: [ view_filter ] --END-- [ RunTime:0.000159s ]
INFO: [ app_end ] --START--
INFO: Run Behavior\ShowPageTraceBehavior [ RunTime:0.000457s ]
INFO: [ app_end ] --END-- [ RunTime:0.000496s ]

[ 2015-10-03T00:29:41+08:00 ] ::1 /ucreate-pcb-co/admin.php/Operation/User.html
INFO: [ app_init ] --START--
INFO: Run Behavior\BuildLiteBehavior [ RunTime:0.000014s ]
INFO: [ app_init ] --END-- [ RunTime:0.000279s ]
NOTIC: [8] Use of undefined constant WEB_ROOT - assumed 'WEB_ROOT' /Applications/XAMPP/xamppfiles/htdocs/ucreate-pcb-co/Admin/Home/Conf/config.php 第 15 行.
NOTIC: [8] Use of undefined constant WEB_ROOT - assumed 'WEB_ROOT' /Applications/XAMPP/xamppfiles/htdocs/ucreate-pcb-co/Admin/Home/Conf/config.php 第 17 行.
INFO: [ app_begin ] --START--
INFO: Run Behavior\ReadHtmlCacheBehavior [ RunTime:0.000334s ]
INFO: [ app_begin ] --END-- [ RunTime:0.000373s ]
SQL: SHOW COLUMNS FROM `uc_webinfo` [ RunTime:0.0017s ]
SQL: SELECT * FROM `uc_webinfo` WHERE `type` = 'NAME' LIMIT 1   [ RunTime:0.0003s ]
SQL: SELECT * FROM `uc_webinfo` WHERE `type` = 'BEIAN' LIMIT 1   [ RunTime:0.0002s ]
SQL: SELECT * FROM `uc_webinfo` WHERE `type` = 'TELEPHONE' LIMIT 1   [ RunTime:0.0002s ]
SQL: SELECT * FROM `uc_webinfo` WHERE `type` = 'FAX' LIMIT 1   [ RunTime:0.0002s ]
SQL: SELECT * FROM `uc_webinfo` WHERE `type` = 'EMAIL' LIMIT 1   [ RunTime:0.0002s ]
SQL: SELECT * FROM `uc_webinfo` WHERE `type` = 'WEBSITE' LIMIT 1   [ RunTime:0.0002s ]
SQL: SELECT * FROM `uc_webinfo` WHERE `type` = 'OFFICE' LIMIT 1   [ RunTime:0.0002s ]
SQL: SELECT * FROM `uc_webinfo` WHERE `type` = 'FACTORYSHENZHEN' LIMIT 1   [ RunTime:0.0002s ]
SQL: SELECT * FROM `uc_webinfo` WHERE `type` = 'FACTORYHUIZHOU' LIMIT 1   [ RunTime:0.0002s ]
INFO: [ view_parse ] --START--
INFO: [ template_filter ] --START--
INFO: Run Behavior\ContentReplaceBehavior [ RunTime:0.000036s ]
INFO: [ template_filter ] --END-- [ RunTime:0.000090s ]
INFO: Run Behavior\ParseTemplateBehavior [ RunTime:0.007110s ]
INFO: [ view_parse ] --END-- [ RunTime:0.007172s ]
INFO: [ view_filter ] --START--
INFO: Run Behavior\WriteHtmlCacheBehavior [ RunTime:0.000130s ]
INFO: [ view_filter ] --END-- [ RunTime:0.000166s ]
INFO: [ app_end ] --START--
INFO: Run Behavior\ShowPageTraceBehavior [ RunTime:0.000339s ]
INFO: [ app_end ] --END-- [ RunTime:0.000372s ]

[ 2015-10-03T00:29:43+08:00 ] ::1 /ucreate-pcb-co/admin.php/Operation/user_alter.html?id=9&name=%E6%B7%B1%E5%9C%B3%E5%B7%A5%E5%8E%82
INFO: [ app_init ] --START--
INFO: Run Behavior\BuildLiteBehavior [ RunTime:0.000016s ]
INFO: [ app_init ] --END-- [ RunTime:0.000373s ]
NOTIC: [8] Use of undefined constant WEB_ROOT - assumed 'WEB_ROOT' /Applications/XAMPP/xamppfiles/htdocs/ucreate-pcb-co/Admin/Home/Conf/config.php 第 15 行.
NOTIC: [8] Use of undefined constant WEB_ROOT - assumed 'WEB_ROOT' /Applications/XAMPP/xamppfiles/htdocs/ucreate-pcb-co/Admin/Home/Conf/config.php 第 17 行.
INFO: [ app_begin ] --START--
INFO: Run Behavior\ReadHtmlCacheBehavior [ RunTime:0.000563s ]
INFO: [ app_begin ] --END-- [ RunTime:0.000634s ]
SQL: SHOW COLUMNS FROM `uc_webinfo` [ RunTime:0.1161s ]
SQL: SELECT * FROM `uc_webinfo` WHERE `id` = 9 LIMIT 1   [ RunTime:0.0006s ]
INFO: [ view_parse ] --START--
INFO: [ template_filter ] --START--
INFO: Run Behavior\ContentReplaceBehavior [ RunTime:0.000054s ]
INFO: [ template_filter ] --END-- [ RunTime:0.000137s ]
INFO: Run Behavior\ParseTemplateBehavior [ RunTime:0.007003s ]
INFO: [ view_parse ] --END-- [ RunTime:0.007132s ]
INFO: [ view_filter ] --START--
INFO: Run Behavior\WriteHtmlCacheBehavior [ RunTime:0.000190s ]
INFO: [ view_filter ] --END-- [ RunTime:0.000245s ]
INFO: [ app_end ] --START--
INFO: Run Behavior\ShowPageTraceBehavior [ RunTime:0.000417s ]
INFO: [ app_end ] --END-- [ RunTime:0.000460s ]

[ 2015-10-03T00:29:45+08:00 ] ::1 /ucreate-pcb-co/admin.php/Operation/user_alter_handle.html
INFO: [ app_init ] --START--
INFO: Run Behavior\BuildLiteBehavior [ RunTime:0.000013s ]
INFO: [ app_init ] --END-- [ RunTime:0.000243s ]
NOTIC: [8] Use of undefined constant WEB_ROOT - assumed 'WEB_ROOT' /Applications/XAMPP/xamppfiles/htdocs/ucreate-pcb-co/Admin/Home/Conf/config.php 第 15 行.
NOTIC: [8] Use of undefined constant WEB_ROOT - assumed 'WEB_ROOT' /Applications/XAMPP/xamppfiles/htdocs/ucreate-pcb-co/Admin/Home/Conf/config.php 第 17 行.
INFO: [ app_begin ] --START--
INFO: Run Behavior\ReadHtmlCacheBehavior [ RunTime:0.000352s ]
INFO: [ app_begin ] --END-- [ RunTime:0.000388s ]
SQL: SHOW COLUMNS FROM `uc_webinfo` [ RunTime:0.0370s ]
SQL: UPDATE `uc_webinfo` SET `content`='中国广东省深圳市龙岗区金源路23号',`controller`='admin',`created_time`='2015-10-03 00:29:45' WHERE `id` = 9 [ RunTime:0.0197s ]
INFO: [ view_parse ] --START--
INFO: [ template_filter ] --START--
INFO: Run Behavior\ContentReplaceBehavior [ RunTime:0.000026s ]
INFO: [ template_filter ] --END-- [ RunTime:0.000074s ]
INFO: Run Behavior\ParseTemplateBehavior [ RunTime:0.004376s ]
INFO: [ view_parse ] --END-- [ RunTime:0.004426s ]
INFO: [ view_filter ] --START--
INFO: Run Behavior\WriteHtmlCacheBehavior [ RunTime:0.000124s ]
INFO: [ view_filter ] --END-- [ RunTime:0.000157s ]
INFO: [ app_end ] --START--
INFO: Run Behavior\ShowPageTraceBehavior [ RunTime:0.000445s ]
INFO: [ app_end ] --END-- [ RunTime:0.000492s ]

[ 2015-10-03T00:29:46+08:00 ] ::1 /ucreate-pcb-co/admin.php/Operation/User.html
INFO: [ app_init ] --START--
INFO: Run Behavior\BuildLiteBehavior [ RunTime:0.000014s ]
INFO: [ app_init ] --END-- [ RunTime:0.000314s ]
NOTIC: [8] Use of undefined constant WEB_ROOT - assumed 'WEB_ROOT' /Applications/XAMPP/xamppfiles/htdocs/ucreate-pcb-co/Admin/Home/Conf/config.php 第 15 行.
NOTIC: [8] Use of undefined constant WEB_ROOT - assumed 'WEB_ROOT' /Applications/XAMPP/xamppfiles/htdocs/ucreate-pcb-co/Admin/Home/Conf/config.php 第 17 行.
INFO: [ app_begin ] --START--
INFO: Run Behavior\ReadHtmlCacheBehavior [ RunTime:0.000348s ]
INFO: [ app_begin ] --END-- [ RunTime:0.000429s ]
SQL: SHOW COLUMNS FROM `uc_webinfo` [ RunTime:0.0016s ]
SQL: SELECT * FROM `uc_webinfo` WHERE `type` = 'NAME' LIMIT 1   [ RunTime:0.0003s ]
SQL: SELECT * FROM `uc_webinfo` WHERE `type` = 'BEIAN' LIMIT 1   [ RunTime:0.0002s ]
SQL: SELECT * FROM `uc_webinfo` WHERE `type` = 'TELEPHONE' LIMIT 1   [ RunTime:0.0002s ]
SQL: SELECT * FROM `uc_webinfo` WHERE `type` = 'FAX' LIMIT 1   [ RunTime:0.0002s ]
SQL: SELECT * FROM `uc_webinfo` WHERE `type` = 'EMAIL' LIMIT 1   [ RunTime:0.0002s ]
SQL: SELECT * FROM `uc_webinfo` WHERE `type` = 'WEBSITE' LIMIT 1   [ RunTime:0.0002s ]
SQL: SELECT * FROM `uc_webinfo` WHERE `type` = 'OFFICE' LIMIT 1   [ RunTime:0.0002s ]
SQL: SELECT * FROM `uc_webinfo` WHERE `type` = 'FACTORYSHENZHEN' LIMIT 1   [ RunTime:0.0002s ]
SQL: SELECT * FROM `uc_webinfo` WHERE `type` = 'FACTORYHUIZHOU' LIMIT 1   [ RunTime:0.0002s ]
INFO: [ view_parse ] --START--
INFO: [ template_filter ] --START--
INFO: Run Behavior\ContentReplaceBehavior [ RunTime:0.000063s ]
INFO: [ template_filter ] --END-- [ RunTime:0.000156s ]
INFO: Run Behavior\ParseTemplateBehavior [ RunTime:0.009926s ]
INFO: [ view_parse ] --END-- [ RunTime:0.009991s ]
INFO: [ view_filter ] --START--
INFO: Run Behavior\WriteHtmlCacheBehavior [ RunTime:0.000257s ]
INFO: [ view_filter ] --END-- [ RunTime:0.000304s ]
INFO: [ app_end ] --START--
INFO: Run Behavior\ShowPageTraceBehavior [ RunTime:0.000453s ]
INFO: [ app_end ] --END-- [ RunTime:0.000492s ]

